#
# There is insufficient memory for the Java Runtime Environment to continue.
# Native memory allocation (malloc) failed to allocate 1579536 bytes for Chunk::new
# Possible reasons:
#   The system is out of physical RAM or swap space
#   The process is running with CompressedOops enabled, and the Java Heap may be blocking the growth of the native heap
# Possible solutions:
#   Reduce memory load on the system
#   Increase physical memory or swap space
#   Check if swap backing store is full
#   Decrease Java heap size (-Xmx/-Xms)
#   Decrease number of Java threads
#   Decrease Java thread stack sizes (-Xss)
#   Set larger code cache with -XX:ReservedCodeCacheSize=
#   JVM is running with Unscaled Compressed Oops mode in which the Java heap is
#     placed in the first 4GB address space. The Java Heap base address is the
#     maximum limit for the native heap growth. Please use -XX:HeapBaseMinAddress
#     to set the Java Heap base and to place the Java Heap above 4GB virtual address.
# This output file may be truncated or incomplete.
#
#  Out of Memory Error (arena.cpp:189), pid=9196, tid=26328
#
# JRE version: Java(TM) SE Runtime Environment (17.0.12+8) (build 17.0.12+8-LTS-286)
# Java VM: Java HotSpot(TM) 64-Bit Server VM (17.0.12+8-LTS-286, mixed mode, sharing, tiered, compressed oops, compressed class ptrs, g1 gc, windows-amd64)
# No core dump will be written. Minidumps are not enabled by default on client versions of Windows
#

---------------  S U M M A R Y ------------

Command Line: --add-opens=java.base/java.lang=ALL-UNNAMED --add-opens=java.base/java.lang.invoke=ALL-UNNAMED --add-opens=java.base/java.util=ALL-UNNAMED --add-opens=java.prefs/java.util.prefs=ALL-UNNAMED --add-exports=jdk.compiler/com.sun.tools.javac.api=ALL-UNNAMED --add-exports=jdk.compiler/com.sun.tools.javac.util=ALL-UNNAMED --add-opens=java.base/java.util=ALL-UNNAMED --add-opens=java.prefs/java.util.prefs=ALL-UNNAMED --add-opens=java.base/java.nio.charset=ALL-UNNAMED --add-opens=java.base/java.net=ALL-UNNAMED --add-opens=java.base/java.util.concurrent.atomic=ALL-UNNAMED --add-opens=java.xml/javax.xml.namespace=ALL-UNNAMED -XX:MaxMetaspaceSize=512m -Xmx2048m -Dfile.encoding=UTF-8 -Duser.country=IN -Duser.language=en -Duser.variant -javaagent:C:\Users\kbhar\.gradle\wrapper\dists\gradle-8.14.1-bin\baw1sv0jfoi8rxs14qo3h49cs\gradle-8.14.1\lib\agents\gradle-instrumentation-agent-8.14.1.jar org.gradle.launcher.daemon.bootstrap.GradleDaemon 8.14.1

Host: AMD Ryzen 5 5625U with Radeon Graphics         , 12 cores, 7G,  Windows 11 , 64 bit Build 26100 (10.0.26100.4768)
Time: Wed Aug  6 17:02:38 2025 India Standard Time elapsed time: 87.179874 seconds (0d 0h 1m 27s)

---------------  T H R E A D  ---------------

Current thread (0x00000200ff2eaa80):  JavaThread "C2 CompilerThread0" daemon [_thread_in_native, id=26328, stack(0x000000e03b800000,0x000000e03b900000)]


Current CompileTask:
C2:  87180 12255       4       java.util.jar.JarFile::getManifest (5 bytes)

Stack: [0x000000e03b800000,0x000000e03b900000]
Native frames: (J=compiled Java code, j=interpreted, Vv=VM code, C=native code)
V  [jvm.dll+0x67a04a]
V  [jvm.dll+0x7da4ed]
V  [jvm.dll+0x7dbe33]
V  [jvm.dll+0x7dc4a3]
V  [jvm.dll+0x24508f]
V  [jvm.dll+0xab773]
V  [jvm.dll+0xabd3c]
V  [jvm.dll+0x361b9f]
V  [jvm.dll+0x32c431]
V  [jvm.dll+0x32b8ca]
V  [jvm.dll+0x21683f]
V  [jvm.dll+0x215c6f]
V  [jvm.dll+0x1a2960]
V  [jvm.dll+0x22610b]
V  [jvm.dll+0x2242ab]
V  [jvm.dll+0x79075c]
V  [jvm.dll+0x78abea]
V  [jvm.dll+0x678f35]
C  [ucrtbase.dll+0x37b0]
C  [KERNEL32.DLL+0x2e8d7]
C  [ntdll.dll+0x3c34c]


---------------  P R O C E S S  ---------------

Threads class SMR info:
_java_thread_list=0x00000200c0c8fce0, length=184, elements={
0x00000200fb698470, 0x00000200ff2a01f0, 0x00000200ff2a1830, 0x00000200ff2ba270,
0x00000200ff2bac40, 0x00000200ff2be090, 0x00000200ff2e6980, 0x00000200ff2eaa80,
0x00000200ff2f3450, 0x00000200ff307540, 0x00000200ff28c960, 0x000002009cae6150,
0x00000200bd4106e0, 0x00000200bd5a78b0, 0x00000200bd5a5c80, 0x00000200bd655a80,
0x00000200bd573c40, 0x00000200bd63eec0, 0x00000200bd63da80, 0x00000200bd63e4a0,
0x00000200bd63e9b0, 0x00000200bd63d060, 0x00000200bd63f8e0, 0x00000200bd63d570,
0x00000200bd63f3d0, 0x00000200bd640300, 0x00000200bd640810, 0x00000200bd63df90,
0x00000200bde44e00, 0x00000200bde42fa0, 0x00000200bde42070, 0x00000200bde439c0,
0x00000200bde43ed0, 0x00000200bde434b0, 0x00000200bde45310, 0x00000200bde45820,
0x00000200bde443e0, 0x00000200bde42580, 0x00000200bf468600, 0x00000200bf469f50,
0x00000200bf469020, 0x00000200bf469a40, 0x00000200bf4680f0, 0x00000200bf46a460,
0x00000200bf466cb0, 0x00000200bf467be0, 0x00000200bf469530, 0x00000200bf468b10,
0x00000200bf46a970, 0x00000200bf4671c0, 0x00000200bf46ae80, 0x00000200bf4676d0,
0x00000200bf46b390, 0x00000200bf46b8a0, 0x00000200bf46bdb0, 0x00000200bf46c2c0,
0x00000200bf46e630, 0x00000200bf46c7d0, 0x00000200bf46dc10, 0x00000200bf46cce0,
0x00000200bf46d1f0, 0x00000200bf46d700, 0x00000200bf46e120, 0x00000200c099fc60,
0x00000200c099e310, 0x00000200c099d3e0, 0x00000200c09a0170, 0x00000200c09a0680,
0x00000200c099d8f0, 0x00000200c099ced0, 0x00000200c099f750, 0x00000200c099e820,
0x00000200c099ed30, 0x00000200c09a0b90, 0x00000200c09a10a0, 0x00000200c099f240,
0x00000200c09a15b0, 0x00000200c099de00, 0x00000200c09a24e0, 0x00000200c09a1fd0,
0x00000200c09a3410, 0x00000200c09a29f0, 0x00000200c09a4340, 0x00000200c09a3920,
0x00000200c09a3e30, 0x00000200c05c19d0, 0x00000200c05c1ee0, 0x00000200c05c0fb0,
0x00000200c05c0aa0, 0x00000200c05c3830, 0x00000200c05c14c0, 0x00000200c05c23f0,
0x00000200c05c2900, 0x00000200c05c2e10, 0x00000200c05c3320, 0x00000200c05c3d40,
0x00000200c05c0590, 0x00000200c05c60b0, 0x00000200c05c6fe0, 0x00000200c05c5180,
0x00000200c05c6ad0, 0x00000200c05c74f0, 0x00000200c05c65c0, 0x00000200c05c7a00,
0x00000200c05c4250, 0x00000200c05c5690, 0x00000200c05c7f10, 0x00000200c05c5ba0,
0x00000200c05c4760, 0x00000200c05c4c70, 0x00000200bca40db0, 0x00000200bca417d0,
0x00000200bca41ce0, 0x00000200bca3f970, 0x00000200bca40390, 0x00000200bca42700,
0x00000200bca408a0, 0x00000200bca412c0, 0x00000200bca421f0, 0x00000200bca42c10,
0x00000200bca3f460, 0x00000200bca43120, 0x00000200bca43630, 0x00000200bca3fe80,
0x00000200bca45490, 0x00000200bca44a70, 0x00000200bca44560, 0x00000200bca468d0,
0x00000200bca43b40, 0x00000200bca459a0, 0x00000200bca45eb0, 0x00000200bca44f80,
0x00000200bca463c0, 0x00000200bca44050, 0x00000200bca46de0, 0x00000200be6ba9b0,
0x00000200be6b9570, 0x00000200be6bb8e0, 0x00000200be6b9a80, 0x00000200be6b9f90,
0x00000200be6ba4a0, 0x00000200be6b9060, 0x00000200be6bc300, 0x00000200be6bc810,
0x00000200be6bcd20, 0x00000200be6bd740, 0x00000200be6bb3d0, 0x00000200be6bd230,
0x00000200be6bdc50, 0x00000200be6be160, 0x00000200be6be670, 0x00000200be6baec0,
0x00000200be6beb80, 0x00000200be6bf5a0, 0x00000200be6bf090, 0x00000200be6bfab0,
0x00000200be6bffc0, 0x00000200be6c04d0, 0x00000200be6c09e0, 0x000002009cbf10d0,
0x000002009cbf1af0, 0x000002009cbefc90, 0x000002009cbf2000, 0x000002009cbf0bc0,
0x000002009cbf15e0, 0x000002009cbf3950, 0x000002009cbf01a0, 0x000002009cbf2510,
0x000002009cbf2a20, 0x000002009cbf2f30, 0x000002009cbf06b0, 0x000002009cbf3440,
0x000002009cbf52a0, 0x000002009cbf5cc0, 0x000002009cbf7100, 0x000002009cbf4d90,
0x000002009cbf3e60, 0x000002009cbf4370, 0x000002009cbf61d0, 0x000002009cbf66e0,
0x000002009cbf4880, 0x000002009cbf6bf0, 0x00000200c1a1f340, 0x00000200c1a20780
}

Java Threads: ( => current thread )
  0x00000200fb698470 JavaThread "main" [_thread_blocked, id=16644, stack(0x000000e03ab00000,0x000000e03ac00000)]
  0x00000200ff2a01f0 JavaThread "Reference Handler" daemon [_thread_blocked, id=11960, stack(0x000000e03b200000,0x000000e03b300000)]
  0x00000200ff2a1830 JavaThread "Finalizer" daemon [_thread_blocked, id=27684, stack(0x000000e03b300000,0x000000e03b400000)]
  0x00000200ff2ba270 JavaThread "Signal Dispatcher" daemon [_thread_blocked, id=5884, stack(0x000000e03b400000,0x000000e03b500000)]
  0x00000200ff2bac40 JavaThread "Attach Listener" daemon [_thread_blocked, id=27888, stack(0x000000e03b500000,0x000000e03b600000)]
  0x00000200ff2be090 JavaThread "Service Thread" daemon [_thread_blocked, id=27432, stack(0x000000e03b600000,0x000000e03b700000)]
  0x00000200ff2e6980 JavaThread "Monitor Deflation Thread" daemon [_thread_blocked, id=11760, stack(0x000000e03b700000,0x000000e03b800000)]
=>0x00000200ff2eaa80 JavaThread "C2 CompilerThread0" daemon [_thread_in_native, id=26328, stack(0x000000e03b800000,0x000000e03b900000)]
  0x00000200ff2f3450 JavaThread "C1 CompilerThread0" daemon [_thread_blocked, id=24664, stack(0x000000e03b900000,0x000000e03ba00000)]
  0x00000200ff307540 JavaThread "Sweeper thread" daemon [_thread_blocked, id=2104, stack(0x000000e03ba00000,0x000000e03bb00000)]
  0x00000200ff28c960 JavaThread "Common-Cleaner" daemon [_thread_blocked, id=23712, stack(0x000000e03bb00000,0x000000e03bc00000)]
  0x000002009cae6150 JavaThread "Notification Thread" daemon [_thread_blocked, id=6760, stack(0x000000e03bc00000,0x000000e03bd00000)]
  0x00000200bd4106e0 JavaThread "Daemon health stats" [_thread_blocked, id=15348, stack(0x000000e03c200000,0x000000e03c300000)]
  0x00000200bd5a78b0 JavaThread "Incoming local TCP Connector on port 57083" [_thread_in_native, id=12536, stack(0x000000e03c300000,0x000000e03c400000)]
  0x00000200bd5a5c80 JavaThread "Daemon periodic checks" [_thread_blocked, id=16108, stack(0x000000e03c400000,0x000000e03c500000)]
  0x00000200bd655a80 JavaThread "Daemon" [_thread_blocked, id=21292, stack(0x000000e03c500000,0x000000e03c600000)]
  0x00000200bd573c40 JavaThread "Handler for socket connection from /127.0.0.1:57083 to /127.0.0.1:57084" [_thread_in_native, id=22812, stack(0x000000e03c600000,0x000000e03c700000)]
  0x00000200bd63eec0 JavaThread "Cancel handler" [_thread_blocked, id=16196, stack(0x000000e03c700000,0x000000e03c800000)]
  0x00000200bd63da80 JavaThread "Daemon worker" [_thread_in_vm, id=21788, stack(0x000000e03c800000,0x000000e03c900000)]
  0x00000200bd63e4a0 JavaThread "Asynchronous log dispatcher for DefaultDaemonConnection: socket connection from /127.0.0.1:57083 to /127.0.0.1:57084" [_thread_blocked, id=16388, stack(0x000000e03c900000,0x000000e03ca00000)]
  0x00000200bd63e9b0 JavaThread "Stdin handler" [_thread_blocked, id=28244, stack(0x000000e03ca00000,0x000000e03cb00000)]
  0x00000200bd63d060 JavaThread "Daemon client event forwarder" [_thread_blocked, id=25696, stack(0x000000e03cb00000,0x000000e03cc00000)]
  0x00000200bd63f8e0 JavaThread "Cache worker for journal cache (C:\Users\kbhar\.gradle\caches\journal-1)" [_thread_blocked, id=6628, stack(0x000000e03cc00000,0x000000e03cd00000)]
  0x00000200bd63d570 JavaThread "File lock request listener" [_thread_in_native, id=21768, stack(0x000000e03cd00000,0x000000e03ce00000)]
  0x00000200bd63f3d0 JavaThread "Cache worker for file hash cache (C:\Users\kbhar\.gradle\caches\8.14.1\fileHashes)" [_thread_blocked, id=16824, stack(0x000000e03ce00000,0x000000e03cf00000)]
  0x00000200bd640300 JavaThread "Cache worker for file hash cache (C:\Users\kbhar\newone\MiniTwitterApp\android\.gradle\8.14.1\fileHashes)" [_thread_blocked, id=4736, stack(0x000000e03d400000,0x000000e03d500000)]
  0x00000200bd640810 JavaThread "Cache worker for Build Output Cleanup Cache (C:\Users\kbhar\newone\MiniTwitterApp\android\.gradle\buildOutputCleanup)" [_thread_blocked, id=3964, stack(0x000000e03d500000,0x000000e03d600000)]
  0x00000200bd63df90 JavaThread "File watcher server" daemon [_thread_in_native, id=28100, stack(0x000000e03d800000,0x000000e03d900000)]
  0x00000200bde44e00 JavaThread "File watcher consumer" daemon [_thread_blocked, id=25236, stack(0x000000e03d900000,0x000000e03da00000)]
  0x00000200bde42fa0 JavaThread "jar transforms" [_thread_blocked, id=28624, stack(0x000000e03da00000,0x000000e03db00000)]
  0x00000200bde42070 JavaThread "jar transforms Thread 2" [_thread_blocked, id=2860, stack(0x000000e03db00000,0x000000e03dc00000)]
  0x00000200bde439c0 JavaThread "Cache worker for checksums cache (C:\Users\kbhar\newone\MiniTwitterApp\android\.gradle\8.14.1\checksums)" [_thread_blocked, id=28060, stack(0x000000e03dc00000,0x000000e03dd00000)]
  0x00000200bde43ed0 JavaThread "Cache worker for file content cache (C:\Users\kbhar\.gradle\caches\8.14.1\fileContent)" [_thread_blocked, id=25816, stack(0x000000e03dd00000,0x000000e03de00000)]
  0x00000200bde434b0 JavaThread "jar transforms Thread 3" [_thread_blocked, id=16636, stack(0x000000e03de00000,0x000000e03df00000)]
  0x00000200bde45310 JavaThread "Cache worker for cache directory md-supplier (C:\Users\kbhar\.gradle\caches\8.14.1\md-supplier)" [_thread_blocked, id=3444, stack(0x000000e03df00000,0x000000e03e000000)]
  0x00000200bde45820 JavaThread "Cache worker for cache directory md-rule (C:\Users\kbhar\.gradle\caches\8.14.1\md-rule)" [_thread_blocked, id=8488, stack(0x000000e03e000000,0x000000e03e100000)]
  0x00000200bde443e0 JavaThread "Cache worker for Build Output Cleanup Cache (C:\Users\kbhar\newone\MiniTwitterApp\node_modules\@react-native\gradle-plugin\.gradle\buildOutputCleanup)" [_thread_blocked, id=2776, stack(0x000000e03e100000,0x000000e03e200000)]
  0x00000200bde42580 JavaThread "Unconstrained build operations" [_thread_blocked, id=23148, stack(0x000000e03e200000,0x000000e03e300000)]
  0x00000200bf468600 JavaThread "Unconstrained build operations Thread 2" [_thread_blocked, id=24560, stack(0x000000e03e300000,0x000000e03e400000)]
  0x00000200bf469f50 JavaThread "Unconstrained build operations Thread 3" [_thread_blocked, id=4700, stack(0x000000e03e400000,0x000000e03e500000)]
  0x00000200bf469020 JavaThread "Unconstrained build operations Thread 4" [_thread_blocked, id=24000, stack(0x000000e03e500000,0x000000e03e600000)]
  0x00000200bf469a40 JavaThread "Unconstrained build operations Thread 5" [_thread_blocked, id=16056, stack(0x000000e03e600000,0x000000e03e700000)]
  0x00000200bf4680f0 JavaThread "Unconstrained build operations Thread 6" [_thread_blocked, id=23676, stack(0x000000e03e700000,0x000000e03e800000)]
  0x00000200bf46a460 JavaThread "Unconstrained build operations Thread 7" [_thread_blocked, id=1924, stack(0x000000e03e800000,0x000000e03e900000)]
  0x00000200bf466cb0 JavaThread "Unconstrained build operations Thread 8" [_thread_blocked, id=20172, stack(0x000000e03e900000,0x000000e03ea00000)]
  0x00000200bf467be0 JavaThread "Unconstrained build operations Thread 9" [_thread_blocked, id=19900, stack(0x000000e03ea00000,0x000000e03eb00000)]
  0x00000200bf469530 JavaThread "Unconstrained build operations Thread 10" [_thread_blocked, id=24980, stack(0x000000e03eb00000,0x000000e03ec00000)]
  0x00000200bf468b10 JavaThread "Unconstrained build operations Thread 11" [_thread_blocked, id=15336, stack(0x000000e03ec00000,0x000000e03ed00000)]
  0x00000200bf46a970 JavaThread "Unconstrained build operations Thread 12" [_thread_blocked, id=23288, stack(0x000000e03ed00000,0x000000e03ee00000)]
  0x00000200bf4671c0 JavaThread "Unconstrained build operations Thread 13" [_thread_blocked, id=11348, stack(0x000000e03ee00000,0x000000e03ef00000)]
  0x00000200bf46ae80 JavaThread "Unconstrained build operations Thread 14" [_thread_blocked, id=11136, stack(0x000000e03ef00000,0x000000e03f000000)]
  0x00000200bf4676d0 JavaThread "Unconstrained build operations Thread 15" [_thread_blocked, id=24784, stack(0x000000e03f000000,0x000000e03f100000)]
  0x00000200bf46b390 JavaThread "Unconstrained build operations Thread 16" [_thread_blocked, id=26764, stack(0x000000e03f100000,0x000000e03f200000)]
  0x00000200bf46b8a0 JavaThread "Unconstrained build operations Thread 17" [_thread_blocked, id=28636, stack(0x000000e03f200000,0x000000e03f300000)]
  0x00000200bf46bdb0 JavaThread "Unconstrained build operations Thread 18" [_thread_blocked, id=25472, stack(0x000000e03f300000,0x000000e03f400000)]
  0x00000200bf46c2c0 JavaThread "Unconstrained build operations Thread 19" [_thread_blocked, id=24164, stack(0x000000e03f400000,0x000000e03f500000)]
  0x00000200bf46e630 JavaThread "Unconstrained build operations Thread 20" [_thread_blocked, id=23436, stack(0x000000e03f500000,0x000000e03f600000)]
  0x00000200bf46c7d0 JavaThread "Unconstrained build operations Thread 21" [_thread_blocked, id=9664, stack(0x000000e03f600000,0x000000e03f700000)]
  0x00000200bf46dc10 JavaThread "Unconstrained build operations Thread 22" [_thread_blocked, id=23568, stack(0x000000e03f700000,0x000000e03f800000)]
  0x00000200bf46cce0 JavaThread "Unconstrained build operations Thread 23" [_thread_blocked, id=19172, stack(0x000000e03f800000,0x000000e03f900000)]
  0x00000200bf46d1f0 JavaThread "Unconstrained build operations Thread 24" [_thread_blocked, id=24152, stack(0x000000e03f900000,0x000000e03fa00000)]
  0x00000200bf46d700 JavaThread "Unconstrained build operations Thread 25" [_thread_blocked, id=17292, stack(0x000000e03fa00000,0x000000e03fb00000)]
  0x00000200bf46e120 JavaThread "Unconstrained build operations Thread 26" [_thread_blocked, id=9112, stack(0x000000e03fb00000,0x000000e03fc00000)]
  0x00000200c099fc60 JavaThread "Unconstrained build operations Thread 27" [_thread_blocked, id=18660, stack(0x000000e03fc00000,0x000000e03fd00000)]
  0x00000200c099e310 JavaThread "Unconstrained build operations Thread 28" [_thread_blocked, id=3648, stack(0x000000e03fd00000,0x000000e03fe00000)]
  0x00000200c099d3e0 JavaThread "Unconstrained build operations Thread 29" [_thread_blocked, id=25984, stack(0x000000e03fe00000,0x000000e03ff00000)]
  0x00000200c09a0170 JavaThread "Unconstrained build operations Thread 30" [_thread_blocked, id=10172, stack(0x000000e03ff00000,0x000000e040000000)]
  0x00000200c09a0680 JavaThread "Unconstrained build operations Thread 31" [_thread_blocked, id=26440, stack(0x000000e040000000,0x000000e040100000)]
  0x00000200c099d8f0 JavaThread "Unconstrained build operations Thread 32" [_thread_blocked, id=22096, stack(0x000000e040100000,0x000000e040200000)]
  0x00000200c099ced0 JavaThread "Unconstrained build operations Thread 33" [_thread_blocked, id=21800, stack(0x000000e040200000,0x000000e040300000)]
  0x00000200c099f750 JavaThread "Unconstrained build operations Thread 34" [_thread_blocked, id=5860, stack(0x000000e040300000,0x000000e040400000)]
  0x00000200c099e820 JavaThread "Unconstrained build operations Thread 35" [_thread_blocked, id=10392, stack(0x000000e040400000,0x000000e040500000)]
  0x00000200c099ed30 JavaThread "Unconstrained build operations Thread 36" [_thread_blocked, id=6416, stack(0x000000e040500000,0x000000e040600000)]
  0x00000200c09a0b90 JavaThread "Unconstrained build operations Thread 37" [_thread_blocked, id=28108, stack(0x000000e040600000,0x000000e040700000)]
  0x00000200c09a10a0 JavaThread "Unconstrained build operations Thread 38" [_thread_blocked, id=13948, stack(0x000000e040700000,0x000000e040800000)]
  0x00000200c099f240 JavaThread "Unconstrained build operations Thread 39" [_thread_blocked, id=1616, stack(0x000000e040800000,0x000000e040900000)]
  0x00000200c09a15b0 JavaThread "build event listener" [_thread_blocked, id=3944, stack(0x000000e040900000,0x000000e040a00000)]
  0x00000200c099de00 JavaThread "Memory manager" [_thread_blocked, id=12984, stack(0x000000e040a00000,0x000000e040b00000)]
  0x00000200c09a24e0 JavaThread "ForkJoinPool.commonPool-worker-1" daemon [_thread_blocked, id=15816, stack(0x000000e040b00000,0x000000e040c00000)]
  0x00000200c09a1fd0 JavaThread "ForkJoinPool.commonPool-worker-2" daemon [_thread_blocked, id=19884, stack(0x000000e040c00000,0x000000e040d00000)]
  0x00000200c09a3410 JavaThread "ForkJoinPool.commonPool-worker-3" daemon [_thread_blocked, id=4724, stack(0x000000e040d00000,0x000000e040e00000)]
  0x00000200c09a29f0 JavaThread "ForkJoinPool.commonPool-worker-4" daemon [_thread_blocked, id=21912, stack(0x000000e040e00000,0x000000e040f00000)]
  0x00000200c09a4340 JavaThread "ForkJoinPool.commonPool-worker-5" daemon [_thread_blocked, id=4196, stack(0x000000e040f00000,0x000000e041000000)]
  0x00000200c09a3920 JavaThread "ForkJoinPool.commonPool-worker-6" daemon [_thread_blocked, id=21004, stack(0x000000e041000000,0x000000e041100000)]
  0x00000200c09a3e30 JavaThread "ForkJoinPool.commonPool-worker-7" daemon [_thread_blocked, id=26948, stack(0x000000e041100000,0x000000e041200000)]
  0x00000200c05c19d0 JavaThread "included builds" [_thread_blocked, id=7508, stack(0x000000e041400000,0x000000e041500000)]
  0x00000200c05c1ee0 JavaThread "Execution worker" [_thread_blocked, id=27728, stack(0x000000e041500000,0x000000e041600000)]
  0x00000200c05c0fb0 JavaThread "Execution worker Thread 2" [_thread_blocked, id=25008, stack(0x000000e041600000,0x000000e041700000)]
  0x00000200c05c0aa0 JavaThread "Execution worker Thread 3" [_thread_blocked, id=12180, stack(0x000000e041700000,0x000000e041800000)]
  0x00000200c05c3830 JavaThread "Execution worker Thread 4" [_thread_blocked, id=11172, stack(0x000000e041800000,0x000000e041900000)]
  0x00000200c05c14c0 JavaThread "Execution worker Thread 5" [_thread_blocked, id=23032, stack(0x000000e041900000,0x000000e041a00000)]
  0x00000200c05c23f0 JavaThread "Execution worker Thread 6" [_thread_blocked, id=19300, stack(0x000000e041a00000,0x000000e041b00000)]
  0x00000200c05c2900 JavaThread "Execution worker Thread 7" [_thread_blocked, id=9288, stack(0x000000e041b00000,0x000000e041c00000)]
  0x00000200c05c2e10 JavaThread "Execution worker Thread 8" [_thread_blocked, id=8300, stack(0x000000e041c00000,0x000000e041d00000)]
  0x00000200c05c3320 JavaThread "Execution worker Thread 9" [_thread_blocked, id=24840, stack(0x000000e041d00000,0x000000e041e00000)]
  0x00000200c05c3d40 JavaThread "Execution worker Thread 10" [_thread_blocked, id=8928, stack(0x000000e041e00000,0x000000e041f00000)]
  0x00000200c05c0590 JavaThread "Execution worker Thread 11" [_thread_blocked, id=20332, stack(0x000000e041f00000,0x000000e042000000)]
  0x00000200c05c60b0 JavaThread "Cache worker for execution history cache (C:\Users\kbhar\newone\MiniTwitterApp\node_modules\@react-native\gradle-plugin\.gradle\8.14.1\executionHistory)" [_thread_blocked, id=23152, stack(0x000000e042000000,0x000000e042100000)]
  0x00000200c05c6fe0 JavaThread "Unconstrained build operations Thread 40" [_thread_blocked, id=22184, stack(0x000000e042100000,0x000000e042200000)]
  0x00000200c05c5180 JavaThread "Unconstrained build operations Thread 41" [_thread_blocked, id=25952, stack(0x000000e042200000,0x000000e042300000)]
  0x00000200c05c6ad0 JavaThread "Unconstrained build operations Thread 42" [_thread_blocked, id=7572, stack(0x000000e042300000,0x000000e042400000)]
  0x00000200c05c74f0 JavaThread "Unconstrained build operations Thread 43" [_thread_blocked, id=17316, stack(0x000000e042400000,0x000000e042500000)]
  0x00000200c05c65c0 JavaThread "Unconstrained build operations Thread 44" [_thread_blocked, id=16104, stack(0x000000e042500000,0x000000e042600000)]
  0x00000200c05c7a00 JavaThread "Unconstrained build operations Thread 45" [_thread_blocked, id=25704, stack(0x000000e042600000,0x000000e042700000)]
  0x00000200c05c4250 JavaThread "Unconstrained build operations Thread 46" [_thread_blocked, id=11708, stack(0x000000e042700000,0x000000e042800000)]
  0x00000200c05c5690 JavaThread "Unconstrained build operations Thread 47" [_thread_blocked, id=23612, stack(0x000000e042800000,0x000000e042900000)]
  0x00000200c05c7f10 JavaThread "Unconstrained build operations Thread 48" [_thread_blocked, id=16900, stack(0x000000e042900000,0x000000e042a00000)]
  0x00000200c05c5ba0 JavaThread "Unconstrained build operations Thread 49" [_thread_blocked, id=23944, stack(0x000000e042a00000,0x000000e042b00000)]
  0x00000200c05c4760 JavaThread "Unconstrained build operations Thread 50" [_thread_blocked, id=12500, stack(0x000000e042b00000,0x000000e042c00000)]
  0x00000200c05c4c70 JavaThread "Unconstrained build operations Thread 51" [_thread_blocked, id=21856, stack(0x000000e042c00000,0x000000e042d00000)]
  0x00000200bca40db0 JavaThread "Unconstrained build operations Thread 52" [_thread_blocked, id=16988, stack(0x000000e042d00000,0x000000e042e00000)]
  0x00000200bca417d0 JavaThread "Unconstrained build operations Thread 53" [_thread_blocked, id=3940, stack(0x000000e042e00000,0x000000e042f00000)]
  0x00000200bca41ce0 JavaThread "Unconstrained build operations Thread 54" [_thread_blocked, id=16604, stack(0x000000e042f00000,0x000000e043000000)]
  0x00000200bca3f970 JavaThread "Unconstrained build operations Thread 55" [_thread_blocked, id=13436, stack(0x000000e043000000,0x000000e043100000)]
  0x00000200bca40390 JavaThread "Unconstrained build operations Thread 56" [_thread_blocked, id=9684, stack(0x000000e043100000,0x000000e043200000)]
  0x00000200bca42700 JavaThread "Unconstrained build operations Thread 57" [_thread_blocked, id=23484, stack(0x000000e043200000,0x000000e043300000)]
  0x00000200bca408a0 JavaThread "Unconstrained build operations Thread 58" [_thread_blocked, id=23724, stack(0x000000e043300000,0x000000e043400000)]
  0x00000200bca412c0 JavaThread "Unconstrained build operations Thread 59" [_thread_blocked, id=27016, stack(0x000000e043400000,0x000000e043500000)]
  0x00000200bca421f0 JavaThread "Unconstrained build operations Thread 60" [_thread_blocked, id=25648, stack(0x000000e043500000,0x000000e043600000)]
  0x00000200bca42c10 JavaThread "Unconstrained build operations Thread 61" [_thread_blocked, id=24192, stack(0x000000e043600000,0x000000e043700000)]
  0x00000200bca3f460 JavaThread "Unconstrained build operations Thread 62" [_thread_blocked, id=6460, stack(0x000000e043700000,0x000000e043800000)]
  0x00000200bca43120 JavaThread "Unconstrained build operations Thread 63" [_thread_blocked, id=21904, stack(0x000000e043800000,0x000000e043900000)]
  0x00000200bca43630 JavaThread "Unconstrained build operations Thread 64" [_thread_blocked, id=20028, stack(0x000000e043900000,0x000000e043a00000)]
  0x00000200bca3fe80 JavaThread "Unconstrained build operations Thread 65" [_thread_blocked, id=10872, stack(0x000000e043a00000,0x000000e043b00000)]
  0x00000200bca45490 JavaThread "Unconstrained build operations Thread 66" [_thread_blocked, id=27912, stack(0x000000e043b00000,0x000000e043c00000)]
  0x00000200bca44a70 JavaThread "Unconstrained build operations Thread 67" [_thread_blocked, id=17284, stack(0x000000e043c00000,0x000000e043d00000)]
  0x00000200bca44560 JavaThread "Unconstrained build operations Thread 68" [_thread_blocked, id=26364, stack(0x000000e043d00000,0x000000e043e00000)]
  0x00000200bca468d0 JavaThread "Unconstrained build operations Thread 69" [_thread_blocked, id=24948, stack(0x000000e043e00000,0x000000e043f00000)]
  0x00000200bca43b40 JavaThread "Unconstrained build operations Thread 70" [_thread_blocked, id=13104, stack(0x000000e043f00000,0x000000e044000000)]
  0x00000200bca459a0 JavaThread "Unconstrained build operations Thread 71" [_thread_blocked, id=16024, stack(0x000000e044000000,0x000000e044100000)]
  0x00000200bca45eb0 JavaThread "Unconstrained build operations Thread 72" [_thread_blocked, id=21688, stack(0x000000e044100000,0x000000e044200000)]
  0x00000200bca44f80 JavaThread "Unconstrained build operations Thread 73" [_thread_blocked, id=16444, stack(0x000000e044200000,0x000000e044300000)]
  0x00000200bca463c0 JavaThread "Unconstrained build operations Thread 74" [_thread_blocked, id=26252, stack(0x000000e044300000,0x000000e044400000)]
  0x00000200bca44050 JavaThread "Unconstrained build operations Thread 75" [_thread_blocked, id=16312, stack(0x000000e044400000,0x000000e044500000)]
  0x00000200bca46de0 JavaThread "Unconstrained build operations Thread 76" [_thread_blocked, id=18972, stack(0x000000e044500000,0x000000e044600000)]
  0x00000200be6ba9b0 JavaThread "Unconstrained build operations Thread 77" [_thread_blocked, id=23264, stack(0x000000e044600000,0x000000e044700000)]
  0x00000200be6b9570 JavaThread "Unconstrained build operations Thread 78" [_thread_blocked, id=20176, stack(0x000000e044700000,0x000000e044800000)]
  0x00000200be6bb8e0 JavaThread "Unconstrained build operations Thread 79" [_thread_blocked, id=15508, stack(0x000000e044800000,0x000000e044900000)]
  0x00000200be6b9a80 JavaThread "Unconstrained build operations Thread 80" [_thread_blocked, id=5940, stack(0x000000e044900000,0x000000e044a00000)]
  0x00000200be6b9f90 JavaThread "Unconstrained build operations Thread 81" [_thread_blocked, id=4156, stack(0x000000e044a00000,0x000000e044b00000)]
  0x00000200be6ba4a0 JavaThread "Unconstrained build operations Thread 82" [_thread_blocked, id=14584, stack(0x000000e03a800000,0x000000e03a900000)]
  0x00000200be6b9060 JavaThread "Unconstrained build operations Thread 83" [_thread_blocked, id=25208, stack(0x000000e03a900000,0x000000e03aa00000)]
  0x00000200be6bc300 JavaThread "Unconstrained build operations Thread 84" [_thread_blocked, id=4532, stack(0x000000e03aa00000,0x000000e03ab00000)]
  0x00000200be6bc810 JavaThread "Unconstrained build operations Thread 85" [_thread_blocked, id=27936, stack(0x000000e044b00000,0x000000e044c00000)]
  0x00000200be6bcd20 JavaThread "Unconstrained build operations Thread 86" [_thread_blocked, id=23496, stack(0x000000e044c00000,0x000000e044d00000)]
  0x00000200be6bd740 JavaThread "Unconstrained build operations Thread 87" [_thread_blocked, id=13292, stack(0x000000e044d00000,0x000000e044e00000)]
  0x00000200be6bb3d0 JavaThread "Unconstrained build operations Thread 88" [_thread_blocked, id=21360, stack(0x000000e044e00000,0x000000e044f00000)]
  0x00000200be6bd230 JavaThread "Unconstrained build operations Thread 89" [_thread_blocked, id=22208, stack(0x000000e044f00000,0x000000e045000000)]
  0x00000200be6bdc50 JavaThread "Unconstrained build operations Thread 90" [_thread_blocked, id=23068, stack(0x000000e045000000,0x000000e045100000)]
  0x00000200be6be160 JavaThread "Unconstrained build operations Thread 91" [_thread_blocked, id=22700, stack(0x000000e045100000,0x000000e045200000)]
  0x00000200be6be670 JavaThread "Unconstrained build operations Thread 92" [_thread_blocked, id=19716, stack(0x000000e045200000,0x000000e045300000)]
  0x00000200be6baec0 JavaThread "Unconstrained build operations Thread 93" [_thread_blocked, id=19976, stack(0x000000e045300000,0x000000e045400000)]
  0x00000200be6beb80 JavaThread "Unconstrained build operations Thread 94" [_thread_blocked, id=15620, stack(0x000000e045400000,0x000000e045500000)]
  0x00000200be6bf5a0 JavaThread "Unconstrained build operations Thread 95" [_thread_blocked, id=7304, stack(0x000000e045500000,0x000000e045600000)]
  0x00000200be6bf090 JavaThread "Unconstrained build operations Thread 96" [_thread_blocked, id=13788, stack(0x000000e045600000,0x000000e045700000)]
  0x00000200be6bfab0 JavaThread "Unconstrained build operations Thread 97" [_thread_blocked, id=10616, stack(0x000000e045700000,0x000000e045800000)]
  0x00000200be6bffc0 JavaThread "Unconstrained build operations Thread 98" [_thread_blocked, id=19160, stack(0x000000e045800000,0x000000e045900000)]
  0x00000200be6c04d0 JavaThread "Unconstrained build operations Thread 99" [_thread_blocked, id=8504, stack(0x000000e045900000,0x000000e045a00000)]
  0x00000200be6c09e0 JavaThread "Unconstrained build operations Thread 100" [_thread_blocked, id=12460, stack(0x000000e045a00000,0x000000e045b00000)]
  0x000002009cbf10d0 JavaThread "Unconstrained build operations Thread 101" [_thread_blocked, id=12028, stack(0x000000e045b00000,0x000000e045c00000)]
  0x000002009cbf1af0 JavaThread "Unconstrained build operations Thread 102" [_thread_blocked, id=26360, stack(0x000000e045c00000,0x000000e045d00000)]
  0x000002009cbefc90 JavaThread "Unconstrained build operations Thread 103" [_thread_blocked, id=3004, stack(0x000000e045d00000,0x000000e045e00000)]
  0x000002009cbf2000 JavaThread "Unconstrained build operations Thread 104" [_thread_blocked, id=23820, stack(0x000000e045e00000,0x000000e045f00000)]
  0x000002009cbf0bc0 JavaThread "Unconstrained build operations Thread 105" [_thread_blocked, id=26708, stack(0x000000e045f00000,0x000000e046000000)]
  0x000002009cbf15e0 JavaThread "Unconstrained build operations Thread 106" [_thread_blocked, id=28644, stack(0x000000e046000000,0x000000e046100000)]
  0x000002009cbf3950 JavaThread "Unconstrained build operations Thread 107" [_thread_blocked, id=17116, stack(0x000000e046100000,0x000000e046200000)]
  0x000002009cbf01a0 JavaThread "Unconstrained build operations Thread 108" [_thread_blocked, id=22068, stack(0x000000e046200000,0x000000e046300000)]
  0x000002009cbf2510 JavaThread "Unconstrained build operations Thread 109" [_thread_blocked, id=23840, stack(0x000000e046300000,0x000000e046400000)]
  0x000002009cbf2a20 JavaThread "Unconstrained build operations Thread 110" [_thread_blocked, id=16204, stack(0x000000e046400000,0x000000e046500000)]
  0x000002009cbf2f30 JavaThread "Unconstrained build operations Thread 111" [_thread_blocked, id=17028, stack(0x000000e046500000,0x000000e046600000)]
  0x000002009cbf06b0 JavaThread "Unconstrained build operations Thread 112" [_thread_blocked, id=13224, stack(0x000000e046600000,0x000000e046700000)]
  0x000002009cbf3440 JavaThread "Unconstrained build operations Thread 113" [_thread_blocked, id=380, stack(0x000000e046700000,0x000000e046800000)]
  0x000002009cbf52a0 JavaThread "Unconstrained build operations Thread 114" [_thread_blocked, id=28048, stack(0x000000e046800000,0x000000e046900000)]
  0x000002009cbf5cc0 JavaThread "jar transforms Thread 4" [_thread_blocked, id=23984, stack(0x000000e046900000,0x000000e046a00000)]
  0x000002009cbf7100 JavaThread "jar transforms Thread 5" [_thread_blocked, id=23660, stack(0x000000e046a00000,0x000000e046b00000)]
  0x000002009cbf4d90 JavaThread "Unconstrained build operations Thread 115" [_thread_blocked, id=4644, stack(0x000000e046b00000,0x000000e046c00000)]
  0x000002009cbf3e60 JavaThread "Unconstrained build operations Thread 116" [_thread_blocked, id=27780, stack(0x000000e046c00000,0x000000e046d00000)]
  0x000002009cbf4370 JavaThread "Unconstrained build operations Thread 117" [_thread_blocked, id=27636, stack(0x000000e046d00000,0x000000e046e00000)]
  0x000002009cbf61d0 JavaThread "Unconstrained build operations Thread 118" [_thread_blocked, id=15936, stack(0x000000e046e00000,0x000000e046f00000)]
  0x000002009cbf66e0 JavaThread "Unconstrained build operations Thread 119" [_thread_blocked, id=16292, stack(0x000000e046f00000,0x000000e047000000)]
  0x000002009cbf4880 JavaThread "Unconstrained build operations Thread 120" [_thread_blocked, id=10000, stack(0x000000e047000000,0x000000e047100000)]
  0x000002009cbf6bf0 JavaThread "jar transforms Thread 6" [_thread_blocked, id=9284, stack(0x000000e047300000,0x000000e047400000)]
  0x00000200c1a1f340 JavaThread "jar transforms Thread 7" [_thread_blocked, id=23100, stack(0x000000e047100000,0x000000e047200000)]
  0x00000200c1a20780 JavaThread "jar transforms Thread 8" [_thread_blocked, id=18816, stack(0x000000e047200000,0x000000e047300000)]

Other Threads:
  0x00000200ff29e040 VMThread "VM Thread" [stack: 0x000000e03b100000,0x000000e03b200000] [id=10720]
  0x00000200fb698ea0 WatcherThread [stack: 0x000000e03bd00000,0x000000e03be00000] [id=19100]
  0x00000200fb6f28e0 GCTaskThread "GC Thread#0" [stack: 0x000000e03ac00000,0x000000e03ad00000] [id=12176]
  0x00000200bc1ad020 GCTaskThread "GC Thread#1" [stack: 0x000000e03be00000,0x000000e03bf00000] [id=25296]
  0x00000200bc097c10 GCTaskThread "GC Thread#2" [stack: 0x000000e03bf00000,0x000000e03c000000] [id=5840]
  0x00000200bca36ad0 GCTaskThread "GC Thread#3" [stack: 0x000000e03c000000,0x000000e03c100000] [id=24636]
  0x00000200bca36d90 GCTaskThread "GC Thread#4" [stack: 0x000000e03c100000,0x000000e03c200000] [id=24916]
  0x00000200bdd13ae0 GCTaskThread "GC Thread#5" [stack: 0x000000e03cf00000,0x000000e03d000000] [id=12100]
  0x00000200bdd0e060 GCTaskThread "GC Thread#6" [stack: 0x000000e03d000000,0x000000e03d100000] [id=9128]
  0x00000200bc109010 GCTaskThread "GC Thread#7" [stack: 0x000000e03d100000,0x000000e03d200000] [id=16884]
  0x00000200bc1092d0 GCTaskThread "GC Thread#8" [stack: 0x000000e03d200000,0x000000e03d300000] [id=15032]
  0x00000200bdd0d620 GCTaskThread "GC Thread#9" [stack: 0x000000e03d300000,0x000000e03d400000] [id=3980]
  0x00000200fb30e800 ConcurrentGCThread "G1 Main Marker" [stack: 0x000000e03ad00000,0x000000e03ae00000] [id=11140]
  0x00000200fb7044e0 ConcurrentGCThread "G1 Conc#0" [stack: 0x000000e03ae00000,0x000000e03af00000] [id=17480]
  0x00000200be91ff90 ConcurrentGCThread "G1 Conc#1" [stack: 0x000000e03d600000,0x000000e03d700000] [id=6604]
  0x00000200be91f750 ConcurrentGCThread "G1 Conc#2" [stack: 0x000000e03d700000,0x000000e03d800000] [id=392]
  0x00000200fb75ea50 ConcurrentGCThread "G1 Refine#0" [stack: 0x000000e03af00000,0x000000e03b000000] [id=16136]
  0x00000200ff155520 ConcurrentGCThread "G1 Service" [stack: 0x000000e03b000000,0x000000e03b100000] [id=27416]

Threads with active compile tasks:
C2 CompilerThread0    87270 12255       4       java.util.jar.JarFile::getManifest (5 bytes)

VM state: not at safepoint (normal execution)

VM Mutex/Monitor currently owned by a thread: None

Heap address: 0x0000000080000000, size: 2048 MB, Compressed Oops mode: 32-bit

CDS archive(s) mapped at: [0x000002009d000000-0x000002009dbd0000-0x000002009dbd0000), size 12386304, SharedBaseAddress: 0x000002009d000000, ArchiveRelocationMode: 1.
Compressed class space mapped at: 0x000002009e000000-0x00000200b8000000, reserved size: 436207616
Narrow klass base: 0x000002009d000000, Narrow klass shift: 0, Narrow klass range: 0x100000000

GC Precious Log:
 CPUs: 12 total, 12 available
 Memory: 7520M
 Large Page Support: Disabled
 NUMA Support: Disabled
 Compressed Oops: Enabled (32-bit)
 Heap Region Size: 1M
 Heap Min Capacity: 8M
 Heap Initial Capacity: 118M
 Heap Max Capacity: 2G
 Pre-touch: Disabled
 Parallel Workers: 10
 Concurrent Workers: 3
 Concurrent Refinement Workers: 10
 Periodic GC: Disabled

Heap:
 garbage-first heap   total 147456K, used 111694K [0x0000000080000000, 0x0000000100000000)
  region size 1024K, 5 young (5120K), 1 survivors (1024K)
 Metaspace       used 83671K, committed 84608K, reserved 557056K
  class space    used 11469K, committed 11904K, reserved 425984K

Heap Regions: E=young(eden), S=young(survivor), O=old, HS=humongous(starts), HC=humongous(continues), CS=collection set, F=free, OA=open archive, CA=closed archive, TAMS=top-at-mark-start (previous, next)
|   0|0x0000000080000000, 0x0000000080100000, 0x0000000080100000|100%|HS|  |TAMS 0x0000000080100000, 0x0000000080000000| Complete 
|   1|0x0000000080100000, 0x0000000080200000, 0x0000000080200000|100%|HC|  |TAMS 0x0000000080200000, 0x0000000080100000| Complete 
|   2|0x0000000080200000, 0x0000000080300000, 0x0000000080300000|100%|HC|  |TAMS 0x0000000080300000, 0x0000000080200000| Complete 
|   3|0x0000000080300000, 0x0000000080400000, 0x0000000080400000|100%| O|  |TAMS 0x0000000080400000, 0x0000000080300000| Untracked 
|   4|0x0000000080400000, 0x0000000080500000, 0x0000000080500000|100%| O|  |TAMS 0x0000000080500000, 0x0000000080400000| Untracked 
|   5|0x0000000080500000, 0x0000000080600000, 0x0000000080600000|100%| O|  |TAMS 0x0000000080600000, 0x0000000080500000| Untracked 
|   6|0x0000000080600000, 0x0000000080700000, 0x0000000080700000|100%|HS|  |TAMS 0x0000000080700000, 0x0000000080600000| Complete 
|   7|0x0000000080700000, 0x0000000080800000, 0x0000000080800000|100%| O|  |TAMS 0x0000000080800000, 0x0000000080700000| Untracked 
|   8|0x0000000080800000, 0x0000000080900000, 0x0000000080900000|100%| O|  |TAMS 0x0000000080900000, 0x0000000080800000| Untracked 
|   9|0x0000000080900000, 0x0000000080a00000, 0x0000000080a00000|100%| O|  |TAMS 0x0000000080a00000, 0x0000000080900000| Untracked 
|  10|0x0000000080a00000, 0x0000000080b00000, 0x0000000080b00000|100%| O|  |TAMS 0x0000000080b00000, 0x0000000080a00000| Untracked 
|  11|0x0000000080b00000, 0x0000000080c00000, 0x0000000080c00000|100%| O|  |TAMS 0x0000000080c00000, 0x0000000080b00000| Untracked 
|  12|0x0000000080c00000, 0x0000000080d00000, 0x0000000080d00000|100%| O|  |TAMS 0x0000000080d00000, 0x0000000080c00000| Untracked 
|  13|0x0000000080d00000, 0x0000000080e00000, 0x0000000080e00000|100%| O|  |TAMS 0x0000000080e00000, 0x0000000080d00000| Untracked 
|  14|0x0000000080e00000, 0x0000000080f00000, 0x0000000080f00000|100%| O|  |TAMS 0x0000000080f00000, 0x0000000080e00000| Untracked 
|  15|0x0000000080f00000, 0x0000000081000000, 0x0000000081000000|100%| O|  |TAMS 0x0000000081000000, 0x0000000080f00000| Untracked 
|  16|0x0000000081000000, 0x0000000081100000, 0x0000000081100000|100%| O|  |TAMS 0x0000000081100000, 0x0000000081000000| Untracked 
|  17|0x0000000081100000, 0x0000000081200000, 0x0000000081200000|100%| O|  |TAMS 0x0000000081200000, 0x0000000081100000| Untracked 
|  18|0x0000000081200000, 0x0000000081300000, 0x0000000081300000|100%| O|  |TAMS 0x0000000081300000, 0x0000000081200000| Untracked 
|  19|0x0000000081300000, 0x0000000081400000, 0x0000000081400000|100%| O|  |TAMS 0x0000000081400000, 0x0000000081300000| Untracked 
|  20|0x0000000081400000, 0x0000000081500000, 0x0000000081500000|100%| O|  |TAMS 0x0000000081500000, 0x0000000081400000| Untracked 
|  21|0x0000000081500000, 0x0000000081600000, 0x0000000081600000|100%| O|  |TAMS 0x0000000081600000, 0x0000000081500000| Untracked 
|  22|0x0000000081600000, 0x0000000081700000, 0x0000000081700000|100%| O|  |TAMS 0x0000000081700000, 0x0000000081600000| Untracked 
|  23|0x0000000081700000, 0x0000000081800000, 0x0000000081800000|100%| O|  |TAMS 0x0000000081800000, 0x0000000081700000| Untracked 
|  24|0x0000000081800000, 0x0000000081900000, 0x0000000081900000|100%| O|  |TAMS 0x0000000081900000, 0x0000000081800000| Untracked 
|  25|0x0000000081900000, 0x0000000081a00000, 0x0000000081a00000|100%| O|  |TAMS 0x0000000081a00000, 0x0000000081900000| Untracked 
|  26|0x0000000081a00000, 0x0000000081b00000, 0x0000000081b00000|100%| O|  |TAMS 0x0000000081b00000, 0x0000000081a00000| Untracked 
|  27|0x0000000081b00000, 0x0000000081c00000, 0x0000000081c00000|100%| O|  |TAMS 0x0000000081c00000, 0x0000000081b00000| Untracked 
|  28|0x0000000081c00000, 0x0000000081d00000, 0x0000000081d00000|100%| O|  |TAMS 0x0000000081d00000, 0x0000000081c00000| Untracked 
|  29|0x0000000081d00000, 0x0000000081e00000, 0x0000000081e00000|100%| O|  |TAMS 0x0000000081e00000, 0x0000000081d00000| Untracked 
|  30|0x0000000081e00000, 0x0000000081f00000, 0x0000000081f00000|100%| O|  |TAMS 0x0000000081f00000, 0x0000000081e00000| Untracked 
|  31|0x0000000081f00000, 0x0000000082000000, 0x0000000082000000|100%| O|  |TAMS 0x0000000082000000, 0x0000000081f00000| Untracked 
|  32|0x0000000082000000, 0x0000000082100000, 0x0000000082100000|100%| O|  |TAMS 0x0000000082100000, 0x0000000082000000| Untracked 
|  33|0x0000000082100000, 0x0000000082200000, 0x0000000082200000|100%| O|  |TAMS 0x0000000082200000, 0x0000000082100000| Untracked 
|  34|0x0000000082200000, 0x0000000082300000, 0x0000000082300000|100%| O|  |TAMS 0x0000000082300000, 0x0000000082200000| Untracked 
|  35|0x0000000082300000, 0x0000000082400000, 0x0000000082400000|100%| O|  |TAMS 0x0000000082400000, 0x0000000082300000| Untracked 
|  36|0x0000000082400000, 0x0000000082500000, 0x0000000082500000|100%| O|  |TAMS 0x0000000082500000, 0x0000000082400000| Untracked 
|  37|0x0000000082500000, 0x0000000082600000, 0x0000000082600000|100%| O|  |TAMS 0x0000000082500000, 0x0000000082500000| Untracked 
|  38|0x0000000082600000, 0x0000000082700000, 0x0000000082700000|100%| O|  |TAMS 0x0000000082700000, 0x0000000082600000| Untracked 
|  39|0x0000000082700000, 0x0000000082800000, 0x0000000082800000|100%| O|  |TAMS 0x0000000082800000, 0x0000000082700000| Untracked 
|  40|0x0000000082800000, 0x0000000082900000, 0x0000000082900000|100%| O|  |TAMS 0x0000000082900000, 0x0000000082800000| Untracked 
|  41|0x0000000082900000, 0x0000000082a00000, 0x0000000082a00000|100%| O|  |TAMS 0x0000000082a00000, 0x0000000082900000| Untracked 
|  42|0x0000000082a00000, 0x0000000082b00000, 0x0000000082b00000|100%| O|  |TAMS 0x0000000082b00000, 0x0000000082a00000| Untracked 
|  43|0x0000000082b00000, 0x0000000082c00000, 0x0000000082c00000|100%|HS|  |TAMS 0x0000000082c00000, 0x0000000082b00000| Complete 
|  44|0x0000000082c00000, 0x0000000082d00000, 0x0000000082d00000|100%|HC|  |TAMS 0x0000000082d00000, 0x0000000082c00000| Complete 
|  45|0x0000000082d00000, 0x0000000082e00000, 0x0000000082e00000|100%|HC|  |TAMS 0x0000000082e00000, 0x0000000082d00000| Complete 
|  46|0x0000000082e00000, 0x0000000082f00000, 0x0000000082f00000|100%| O|  |TAMS 0x0000000082f00000, 0x0000000082e00000| Untracked 
|  47|0x0000000082f00000, 0x0000000083000000, 0x0000000083000000|100%| O|  |TAMS 0x0000000082f00000, 0x0000000082f00000| Untracked 
|  48|0x0000000083000000, 0x0000000083100000, 0x0000000083100000|100%| O|  |TAMS 0x0000000083100000, 0x0000000083000000| Untracked 
|  49|0x0000000083100000, 0x0000000083200000, 0x0000000083200000|100%| O|  |TAMS 0x0000000083200000, 0x0000000083100000| Untracked 
|  50|0x0000000083200000, 0x0000000083300000, 0x0000000083300000|100%| O|  |TAMS 0x0000000083300000, 0x0000000083200000| Untracked 
|  51|0x0000000083300000, 0x0000000083400000, 0x0000000083400000|100%| O|  |TAMS 0x0000000083400000, 0x0000000083300000| Untracked 
|  52|0x0000000083400000, 0x0000000083500000, 0x0000000083500000|100%| O|  |TAMS 0x0000000083500000, 0x0000000083400000| Untracked 
|  53|0x0000000083500000, 0x0000000083600000, 0x0000000083600000|100%|HS|  |TAMS 0x0000000083600000, 0x0000000083500000| Complete 
|  54|0x0000000083600000, 0x0000000083700000, 0x0000000083700000|100%|HC|  |TAMS 0x0000000083700000, 0x0000000083600000| Complete 
|  55|0x0000000083700000, 0x0000000083800000, 0x0000000083800000|100%|HC|  |TAMS 0x0000000083800000, 0x0000000083700000| Complete 
|  56|0x0000000083800000, 0x0000000083900000, 0x0000000083900000|100%| O|  |TAMS 0x0000000083900000, 0x0000000083800000| Untracked 
|  57|0x0000000083900000, 0x0000000083a00000, 0x0000000083a00000|100%| O|  |TAMS 0x0000000083974c00, 0x0000000083900000| Untracked 
|  58|0x0000000083a00000, 0x0000000083b00000, 0x0000000083b00000|100%| O|  |TAMS 0x0000000083a00000, 0x0000000083a00000| Untracked 
|  59|0x0000000083b00000, 0x0000000083c00000, 0x0000000083c00000|100%| O|  |TAMS 0x0000000083b00000, 0x0000000083b00000| Untracked 
|  60|0x0000000083c00000, 0x0000000083d00000, 0x0000000083d00000|100%| O|  |TAMS 0x0000000083c00000, 0x0000000083c00000| Untracked 
|  61|0x0000000083d00000, 0x0000000083e00000, 0x0000000083e00000|100%| O|  |TAMS 0x0000000083d00000, 0x0000000083d00000| Untracked 
|  62|0x0000000083e00000, 0x0000000083f00000, 0x0000000083f00000|100%| O|  |TAMS 0x0000000083e00000, 0x0000000083e00000| Untracked 
|  63|0x0000000083f00000, 0x0000000084000000, 0x0000000084000000|100%| O|  |TAMS 0x0000000083f00000, 0x0000000083f00000| Untracked 
|  64|0x0000000084000000, 0x0000000084100000, 0x0000000084100000|100%|HS|  |TAMS 0x0000000084000000, 0x0000000084000000| Complete 
|  65|0x0000000084100000, 0x0000000084200000, 0x0000000084200000|100%|HC|  |TAMS 0x0000000084100000, 0x0000000084100000| Complete 
|  66|0x0000000084200000, 0x0000000084300000, 0x0000000084300000|100%|HC|  |TAMS 0x0000000084200000, 0x0000000084200000| Complete 
|  67|0x0000000084300000, 0x0000000084400000, 0x0000000084400000|100%| O|  |TAMS 0x0000000084300000, 0x0000000084300000| Untracked 
|  68|0x0000000084400000, 0x0000000084500000, 0x0000000084500000|100%| O|  |TAMS 0x0000000084400000, 0x0000000084400000| Untracked 
|  69|0x0000000084500000, 0x0000000084600000, 0x0000000084600000|100%| O|  |TAMS 0x0000000084500000, 0x0000000084500000| Untracked 
|  70|0x0000000084600000, 0x0000000084700000, 0x0000000084700000|100%| O|  |TAMS 0x0000000084600000, 0x0000000084600000| Untracked 
|  71|0x0000000084700000, 0x0000000084800000, 0x0000000084800000|100%| O|  |TAMS 0x0000000084700000, 0x0000000084700000| Untracked 
|  72|0x0000000084800000, 0x0000000084900000, 0x0000000084900000|100%| O|  |TAMS 0x0000000084800000, 0x0000000084800000| Untracked 
|  73|0x0000000084900000, 0x0000000084a00000, 0x0000000084a00000|100%| O|  |TAMS 0x0000000084900000, 0x0000000084900000| Untracked 
|  74|0x0000000084a00000, 0x0000000084b00000, 0x0000000084b00000|100%| O|  |TAMS 0x0000000084a00000, 0x0000000084a00000| Untracked 
|  75|0x0000000084b00000, 0x0000000084c00000, 0x0000000084c00000|100%| O|  |TAMS 0x0000000084b00000, 0x0000000084b00000| Untracked 
|  76|0x0000000084c00000, 0x0000000084d00000, 0x0000000084d00000|100%| O|  |TAMS 0x0000000084c00000, 0x0000000084c00000| Untracked 
|  77|0x0000000084d00000, 0x0000000084e00000, 0x0000000084e00000|100%| O|  |TAMS 0x0000000084d00000, 0x0000000084d00000| Untracked 
|  78|0x0000000084e00000, 0x0000000084f00000, 0x0000000084f00000|100%| O|  |TAMS 0x0000000084e00000, 0x0000000084e00000| Untracked 
|  79|0x0000000084f00000, 0x0000000085000000, 0x0000000085000000|100%| O|  |TAMS 0x0000000084f00000, 0x0000000084f00000| Untracked 
|  80|0x0000000085000000, 0x0000000085100000, 0x0000000085100000|100%| O|  |TAMS 0x0000000085000000, 0x0000000085000000| Untracked 
|  81|0x0000000085100000, 0x0000000085200000, 0x0000000085200000|100%| O|  |TAMS 0x0000000085100000, 0x0000000085100000| Untracked 
|  82|0x0000000085200000, 0x0000000085300000, 0x0000000085300000|100%| O|  |TAMS 0x0000000085200000, 0x0000000085200000| Untracked 
|  83|0x0000000085300000, 0x0000000085400000, 0x0000000085400000|100%| O|  |TAMS 0x0000000085300000, 0x0000000085300000| Untracked 
|  84|0x0000000085400000, 0x0000000085500000, 0x0000000085500000|100%| O|  |TAMS 0x0000000085400000, 0x0000000085400000| Untracked 
|  85|0x0000000085500000, 0x0000000085600000, 0x0000000085600000|100%| O|  |TAMS 0x0000000085500000, 0x0000000085500000| Untracked 
|  86|0x0000000085600000, 0x0000000085700000, 0x0000000085700000|100%| O|  |TAMS 0x0000000085600000, 0x0000000085600000| Untracked 
|  87|0x0000000085700000, 0x0000000085800000, 0x0000000085800000|100%| O|  |TAMS 0x0000000085700000, 0x0000000085700000| Untracked 
|  88|0x0000000085800000, 0x0000000085900000, 0x0000000085900000|100%| O|  |TAMS 0x0000000085800000, 0x0000000085800000| Untracked 
|  89|0x0000000085900000, 0x0000000085a00000, 0x0000000085a00000|100%| O|  |TAMS 0x0000000085900000, 0x0000000085900000| Untracked 
|  90|0x0000000085a00000, 0x0000000085b00000, 0x0000000085b00000|100%| O|  |TAMS 0x0000000085a00000, 0x0000000085a00000| Untracked 
|  91|0x0000000085b00000, 0x0000000085c00000, 0x0000000085c00000|100%|HS|  |TAMS 0x0000000085b00000, 0x0000000085b00000| Complete 
|  92|0x0000000085c00000, 0x0000000085d00000, 0x0000000085d00000|100%|HS|  |TAMS 0x0000000085c00000, 0x0000000085c00000| Complete 
|  93|0x0000000085d00000, 0x0000000085e00000, 0x0000000085e00000|100%|HS|  |TAMS 0x0000000085d00000, 0x0000000085d00000| Complete 
|  94|0x0000000085e00000, 0x0000000085f00000, 0x0000000085f00000|100%|HS|  |TAMS 0x0000000085e00000, 0x0000000085e00000| Complete 
|  95|0x0000000085f00000, 0x0000000086000000, 0x0000000086000000|100%| O|  |TAMS 0x0000000085f00000, 0x0000000085f00000| Untracked 
|  96|0x0000000086000000, 0x0000000086100000, 0x0000000086100000|100%|HS|  |TAMS 0x0000000086000000, 0x0000000086000000| Complete 
|  97|0x0000000086100000, 0x0000000086200000, 0x0000000086200000|100%|HS|  |TAMS 0x0000000086100000, 0x0000000086100000| Complete 
|  98|0x0000000086200000, 0x0000000086300000, 0x0000000086300000|100%| O|  |TAMS 0x0000000086200000, 0x0000000086200000| Untracked 
|  99|0x0000000086300000, 0x0000000086400000, 0x0000000086400000|100%| O|  |TAMS 0x0000000086300000, 0x0000000086300000| Untracked 
| 100|0x0000000086400000, 0x0000000086500000, 0x0000000086500000|100%| O|  |TAMS 0x0000000086400000, 0x0000000086400000| Untracked 
| 101|0x0000000086500000, 0x0000000086600000, 0x0000000086600000|100%| O|  |TAMS 0x0000000086500000, 0x0000000086500000| Untracked 
| 102|0x0000000086600000, 0x0000000086700000, 0x0000000086700000|100%| O|  |TAMS 0x0000000086600000, 0x0000000086600000| Untracked 
| 103|0x0000000086700000, 0x0000000086800000, 0x0000000086800000|100%| O|  |TAMS 0x0000000086700000, 0x0000000086700000| Untracked 
| 104|0x0000000086800000, 0x0000000086900000, 0x0000000086900000|100%| O|  |TAMS 0x0000000086800000, 0x0000000086800000| Untracked 
| 105|0x0000000086900000, 0x000000008695a000, 0x0000000086a00000| 35%| O|  |TAMS 0x0000000086900000, 0x0000000086900000| Untracked 
| 106|0x0000000086a00000, 0x0000000086a00000, 0x0000000086b00000|  0%| F|  |TAMS 0x0000000086a00000, 0x0000000086a00000| Untracked 
| 107|0x0000000086b00000, 0x0000000086b00000, 0x0000000086c00000|  0%| F|  |TAMS 0x0000000086b00000, 0x0000000086b00000| Untracked 
| 108|0x0000000086c00000, 0x0000000086c00000, 0x0000000086d00000|  0%| F|  |TAMS 0x0000000086c00000, 0x0000000086c00000| Untracked 
| 109|0x0000000086d00000, 0x0000000086d00000, 0x0000000086e00000|  0%| F|  |TAMS 0x0000000086d00000, 0x0000000086d00000| Untracked 
| 110|0x0000000086e00000, 0x0000000086e00000, 0x0000000086f00000|  0%| F|  |TAMS 0x0000000086e00000, 0x0000000086e00000| Untracked 
| 111|0x0000000086f00000, 0x0000000086f00000, 0x0000000087000000|  0%| F|  |TAMS 0x0000000086f00000, 0x0000000086f00000| Untracked 
| 112|0x0000000087000000, 0x0000000087000000, 0x0000000087100000|  0%| F|  |TAMS 0x0000000087000000, 0x0000000087000000| Untracked 
| 113|0x0000000087100000, 0x0000000087100000, 0x0000000087200000|  0%| F|  |TAMS 0x0000000087100000, 0x0000000087100000| Untracked 
| 114|0x0000000087200000, 0x0000000087200000, 0x0000000087300000|  0%| F|  |TAMS 0x0000000087200000, 0x0000000087200000| Untracked 
| 115|0x0000000087300000, 0x0000000087300000, 0x0000000087400000|  0%| F|  |TAMS 0x0000000087300000, 0x0000000087300000| Untracked 
| 116|0x0000000087400000, 0x0000000087400000, 0x0000000087500000|  0%| F|  |TAMS 0x0000000087400000, 0x0000000087400000| Untracked 
| 117|0x0000000087500000, 0x0000000087500000, 0x0000000087600000|  0%| F|  |TAMS 0x0000000087500000, 0x0000000087500000| Untracked 
| 118|0x0000000087600000, 0x0000000087600000, 0x0000000087700000|  0%| F|  |TAMS 0x0000000087600000, 0x0000000087600000| Untracked 
| 119|0x0000000087700000, 0x0000000087700000, 0x0000000087800000|  0%| F|  |TAMS 0x0000000087700000, 0x0000000087700000| Untracked 
| 120|0x0000000087800000, 0x0000000087800000, 0x0000000087900000|  0%| F|  |TAMS 0x0000000087800000, 0x0000000087800000| Untracked 
| 121|0x0000000087900000, 0x0000000087900000, 0x0000000087a00000|  0%| F|  |TAMS 0x0000000087900000, 0x0000000087900000| Untracked 
| 122|0x0000000087a00000, 0x0000000087a00000, 0x0000000087b00000|  0%| F|  |TAMS 0x0000000087a00000, 0x0000000087a00000| Untracked 
| 123|0x0000000087b00000, 0x0000000087b00000, 0x0000000087c00000|  0%| F|  |TAMS 0x0000000087b00000, 0x0000000087b00000| Untracked 
| 124|0x0000000087c00000, 0x0000000087c00000, 0x0000000087d00000|  0%| F|  |TAMS 0x0000000087c00000, 0x0000000087c00000| Untracked 
| 125|0x0000000087d00000, 0x0000000087d00000, 0x0000000087e00000|  0%| F|  |TAMS 0x0000000087d00000, 0x0000000087d00000| Untracked 
| 126|0x0000000087e00000, 0x0000000087eb9b58, 0x0000000087f00000| 72%| S|CS|TAMS 0x0000000087e00000, 0x0000000087e00000| Complete 
| 127|0x0000000087f00000, 0x0000000087f00000, 0x0000000088000000|  0%| F|  |TAMS 0x0000000087f00000, 0x0000000087f00000| Untracked 
| 128|0x0000000088000000, 0x0000000088000000, 0x0000000088100000|  0%| F|  |TAMS 0x0000000088000000, 0x0000000088000000| Untracked 
| 129|0x0000000088100000, 0x0000000088100000, 0x0000000088200000|  0%| F|  |TAMS 0x0000000088100000, 0x0000000088100000| Untracked 
| 130|0x0000000088200000, 0x0000000088200000, 0x0000000088300000|  0%| F|  |TAMS 0x0000000088200000, 0x0000000088200000| Untracked 
| 131|0x0000000088300000, 0x0000000088300000, 0x0000000088400000|  0%| F|  |TAMS 0x0000000088300000, 0x0000000088300000| Untracked 
| 132|0x0000000088400000, 0x0000000088400000, 0x0000000088500000|  0%| F|  |TAMS 0x0000000088400000, 0x0000000088400000| Untracked 
| 133|0x0000000088500000, 0x0000000088500000, 0x0000000088600000|  0%| F|  |TAMS 0x0000000088500000, 0x0000000088500000| Untracked 
| 134|0x0000000088600000, 0x0000000088600000, 0x0000000088700000|  0%| F|  |TAMS 0x0000000088600000, 0x0000000088600000| Untracked 
| 135|0x0000000088700000, 0x0000000088700000, 0x0000000088800000|  0%| F|  |TAMS 0x0000000088700000, 0x0000000088700000| Untracked 
| 136|0x0000000088800000, 0x0000000088800000, 0x0000000088900000|  0%| F|  |TAMS 0x0000000088800000, 0x0000000088800000| Untracked 
| 137|0x0000000088900000, 0x0000000088900000, 0x0000000088a00000|  0%| F|  |TAMS 0x0000000088900000, 0x0000000088900000| Untracked 
| 138|0x0000000088a00000, 0x0000000088a00000, 0x0000000088b00000|  0%| F|  |TAMS 0x0000000088a00000, 0x0000000088a00000| Untracked 
| 139|0x0000000088b00000, 0x0000000088b40798, 0x0000000088c00000| 25%| E|  |TAMS 0x0000000088b00000, 0x0000000088b00000| Complete 
| 140|0x0000000088c00000, 0x0000000088d00000, 0x0000000088d00000|100%| E|CS|TAMS 0x0000000088c00000, 0x0000000088c00000| Complete 
| 141|0x0000000088d00000, 0x0000000088e00000, 0x0000000088e00000|100%| E|CS|TAMS 0x0000000088d00000, 0x0000000088d00000| Complete 
| 142|0x0000000088e00000, 0x0000000088f00000, 0x0000000088f00000|100%| E|CS|TAMS 0x0000000088e00000, 0x0000000088e00000| Complete 
| 143|0x0000000088f00000, 0x0000000089000000, 0x0000000089000000|100%| E|CS|TAMS 0x0000000088f00000, 0x0000000088f00000| Complete 

Card table byte_map: [0x00000200fdde0000,0x00000200fe1e0000] _byte_map_base: 0x00000200fd9e0000

Marking Bits (Prev, Next): (CMBitMap*) 0x00000200fb30dfe0, (CMBitMap*) 0x00000200fb30e020
 Prev Bits: [0x00000200967f0000, 0x00000200987f0000)
 Next Bits: [0x00000200987f0000, 0x000002009a7f0000)

Polling page: 0x00000200fb3e0000

Metaspace:

Usage:
  Non-class:     70.54 MB used.
      Class:     11.21 MB used.
       Both:     81.74 MB used.

Virtual space:
  Non-class space:      128.00 MB reserved,      71.00 MB ( 55%) committed,  2 nodes.
      Class space:      416.00 MB reserved,      11.62 MB (  3%) committed,  1 nodes.
             Both:      544.00 MB reserved,      82.62 MB ( 15%) committed. 

Chunk freelists:
   Non-Class:  8.58 MB
       Class:  4.38 MB
        Both:  12.95 MB

MaxMetaspaceSize: 512.00 MB
CompressedClassSpaceSize: 416.00 MB
Initial GC threshold: 21.00 MB
Current GC threshold: 103.06 MB
CDS: on
MetaspaceReclaimPolicy: balanced
 - commit_granule_bytes: 65536.
 - commit_granule_words: 8192.
 - virtual_space_node_default_size: 8388608.
 - enlarge_chunks_in_place: 1.
 - new_chunks_are_fully_committed: 0.
 - uncommit_free_chunks: 1.
 - use_allocation_guard: 0.
 - handle_deallocations: 1.


Internal statistics:

num_allocs_failed_limit: 6.
num_arena_births: 1252.
num_arena_deaths: 0.
num_vsnodes_births: 3.
num_vsnodes_deaths: 0.
num_space_committed: 1322.
num_space_uncommitted: 0.
num_chunks_returned_to_freelist: 6.
num_chunks_taken_from_freelist: 5067.
num_chunk_merges: 6.
num_chunk_splits: 3216.
num_chunks_enlarged: 1991.
num_inconsistent_stats: 0.

CodeHeap 'non-profiled nmethods': size=120000Kb used=6357Kb max_used=6357Kb free=113642Kb
 bounds [0x000002008f2c0000, 0x000002008f900000, 0x00000200967f0000]
CodeHeap 'profiled nmethods': size=120000Kb used=19368Kb max_used=19368Kb free=100631Kb
 bounds [0x00000200877f0000, 0x0000020088ae0000, 0x000002008ed20000]
CodeHeap 'non-nmethods': size=5760Kb used=2394Kb max_used=2440Kb free=3365Kb
 bounds [0x000002008ed20000, 0x000002008efa0000, 0x000002008f2c0000]
 total_blobs=11379 nmethods=10452 adapters=839
 compilation: enabled
              stopped_count=0, restarted_count=0
 full_count=0

Compilation events (20 events):
Event: 85.914 Thread 0x00000200ff2f3450 12248       3       org.gradle.internal.instantiation.generator.AsmBackedClassGenerator$ClassBuilderImpl::addLazyGroovySupportSetterOverloads (30 bytes)
Event: 85.914 Thread 0x00000200ff2f3450 nmethod 12248 0x0000020088ad4590 code [0x0000020088ad4820, 0x0000020088ad5248]
Event: 85.918 Thread 0x00000200bd6554f0 12249       4       java.util.zip.ZipFile$ZipFileInflaterInputStream::<init> (14 bytes)
Event: 85.927 Thread 0x00000200bd6554f0 nmethod 12249 0x000002008f8ef210 code [0x000002008f8ef3e0, 0x000002008f8efbc8]
Event: 85.932 Thread 0x00000200bd6554f0 12250       4       org.gradle.internal.event.AbstractBroadcastDispatch::dispatch (65 bytes)
Event: 85.936 Thread 0x00000200ff2f3450 12251       3       org.gradle.internal.instantiation.generator.AsmBackedClassGenerator$ClassBuilderImpl::<init> (28 bytes)
Event: 85.937 Thread 0x00000200ff2f3450 nmethod 12251 0x0000020088ad5690 code [0x0000020088ad5820, 0x0000020088ad59c8]
Event: 85.937 Thread 0x00000200ff2f3450 12252       3       org.gradle.internal.instantiation.generator.AsmBackedClassGenerator$ClassBuilderImpl::<init> (122 bytes)
Event: 85.937 Thread 0x00000200ff2f3450 nmethod 12252 0x0000020088ad5a90 code [0x0000020088ad5c80, 0x0000020088ad63f8]
Event: 85.938 Thread 0x00000200ff2f3450 12253       3       org.gradle.model.internal.asm.AsmClassGeneratorUtils::encodeTypeVariablesAsSignature (36 bytes)
Event: 85.939 Thread 0x00000200ff2f3450 nmethod 12253 0x0000020088ad6690 code [0x0000020088ad6900, 0x0000020088ad7378]
Event: 85.939 Thread 0x00000200ff2f3450 12254       3       org.gradle.internal.instantiation.generator.AsmBackedClassGenerator$ClassBuilderImpl::addDynamicMethods (96 bytes)
Event: 85.941 Thread 0x00000200ff2f3450 nmethod 12254 0x0000020088ad7710 code [0x0000020088ad7aa0, 0x0000020088ad9318]
Event: 85.941 Thread 0x00000200bd6554f0 nmethod 12250 0x000002008f8eff90 code [0x000002008f8f0180, 0x000002008f8f06b8]
Event: 86.000 Thread 0x00000200ff2eaa80 nmethod 12243 0x000002008f8f0b90 code [0x000002008f8f0f80, 0x000002008f8f3cc0]
Event: 86.048 Thread 0x00000200ff2eaa80 12255       4       java.util.jar.JarFile::getManifest (5 bytes)
Event: 86.161 Thread 0x00000200ff2f3450 12257       3       java.util.HashMap$Values::spliterator (16 bytes)
Event: 86.161 Thread 0x00000200ff2f3450 nmethod 12257 0x0000020088ad9a90 code [0x0000020088ad9c40, 0x0000020088ad9e08]
Event: 86.161 Thread 0x00000200ff2f3450 12258       3       java.util.HashMap$ValueSpliterator::<init> (12 bytes)
Event: 86.161 Thread 0x00000200ff2f3450 nmethod 12258 0x0000020088ad9f10 code [0x0000020088ada0c0, 0x0000020088ada2f8]

GC Heap History (20 events):
Event: 82.736 GC heap before
{Heap before GC invocations=45 (full 0):
 garbage-first heap   total 122880K, used 101533K [0x0000000080000000, 0x0000000100000000)
  region size 1024K, 14 young (14336K), 2 survivors (2048K)
 Metaspace       used 79561K, committed 80512K, reserved 557056K
  class space    used 11008K, committed 11456K, reserved 425984K
}
Event: 82.739 GC heap after
{Heap after GC invocations=46 (full 0):
 garbage-first heap   total 122880K, used 91151K [0x0000000080000000, 0x0000000100000000)
  region size 1024K, 2 young (2048K), 2 survivors (2048K)
 Metaspace       used 79561K, committed 80512K, reserved 557056K
  class space    used 11008K, committed 11456K, reserved 425984K
}
Event: 82.896 GC heap before
{Heap before GC invocations=46 (full 0):
 garbage-first heap   total 122880K, used 103439K [0x0000000080000000, 0x0000000100000000)
  region size 1024K, 14 young (14336K), 2 survivors (2048K)
 Metaspace       used 79564K, committed 80512K, reserved 557056K
  class space    used 11008K, committed 11456K, reserved 425984K
}
Event: 82.898 GC heap after
{Heap after GC invocations=47 (full 0):
 garbage-first heap   total 122880K, used 91954K [0x0000000080000000, 0x0000000100000000)
  region size 1024K, 2 young (2048K), 2 survivors (2048K)
 Metaspace       used 79564K, committed 80512K, reserved 557056K
  class space    used 11008K, committed 11456K, reserved 425984K
}
Event: 83.007 GC heap before
{Heap before GC invocations=47 (full 0):
 garbage-first heap   total 122880K, used 104242K [0x0000000080000000, 0x0000000100000000)
  region size 1024K, 14 young (14336K), 2 survivors (2048K)
 Metaspace       used 79566K, committed 80512K, reserved 557056K
  class space    used 11008K, committed 11456K, reserved 425984K
}
Event: 83.011 GC heap after
{Heap after GC invocations=48 (full 0):
 garbage-first heap   total 122880K, used 92682K [0x0000000080000000, 0x0000000100000000)
  region size 1024K, 2 young (2048K), 2 survivors (2048K)
 Metaspace       used 79566K, committed 80512K, reserved 557056K
  class space    used 11008K, committed 11456K, reserved 425984K
}
Event: 83.079 GC heap before
{Heap before GC invocations=48 (full 0):
 garbage-first heap   total 122880K, used 103946K [0x0000000080000000, 0x0000000100000000)
  region size 1024K, 13 young (13312K), 2 survivors (2048K)
 Metaspace       used 79569K, committed 80512K, reserved 557056K
  class space    used 11008K, committed 11456K, reserved 425984K
}
Event: 83.082 GC heap after
{Heap after GC invocations=49 (full 0):
 garbage-first heap   total 147456K, used 93420K [0x0000000080000000, 0x0000000100000000)
  region size 1024K, 2 young (2048K), 2 survivors (2048K)
 Metaspace       used 79569K, committed 80512K, reserved 557056K
  class space    used 11008K, committed 11456K, reserved 425984K
}
Event: 83.249 GC heap before
{Heap before GC invocations=49 (full 0):
 garbage-first heap   total 147456K, used 121068K [0x0000000080000000, 0x0000000100000000)
  region size 1024K, 30 young (30720K), 2 survivors (2048K)
 Metaspace       used 79570K, committed 80512K, reserved 557056K
  class space    used 11008K, committed 11456K, reserved 425984K
}
Event: 83.252 GC heap after
{Heap after GC invocations=50 (full 0):
 garbage-first heap   total 147456K, used 94482K [0x0000000080000000, 0x0000000100000000)
  region size 1024K, 4 young (4096K), 4 survivors (4096K)
 Metaspace       used 79570K, committed 80512K, reserved 557056K
  class space    used 11008K, committed 11456K, reserved 425984K
}
Event: 83.436 GC heap before
{Heap before GC invocations=50 (full 0):
 garbage-first heap   total 147456K, used 121106K [0x0000000080000000, 0x0000000100000000)
  region size 1024K, 31 young (31744K), 4 survivors (4096K)
 Metaspace       used 79572K, committed 80512K, reserved 557056K
  class space    used 11008K, committed 11456K, reserved 425984K
}
Event: 83.440 GC heap after
{Heap after GC invocations=51 (full 0):
 garbage-first heap   total 147456K, used 95080K [0x0000000080000000, 0x0000000100000000)
  region size 1024K, 3 young (3072K), 3 survivors (3072K)
 Metaspace       used 79572K, committed 80512K, reserved 557056K
  class space    used 11008K, committed 11456K, reserved 425984K
}
Event: 84.037 GC heap before
{Heap before GC invocations=51 (full 0):
 garbage-first heap   total 147456K, used 122728K [0x0000000080000000, 0x0000000100000000)
  region size 1024K, 31 young (31744K), 3 survivors (3072K)
 Metaspace       used 79582K, committed 80512K, reserved 557056K
  class space    used 11008K, committed 11456K, reserved 425984K
}
Event: 84.040 GC heap after
{Heap after GC invocations=52 (full 0):
 garbage-first heap   total 147456K, used 95722K [0x0000000080000000, 0x0000000100000000)
  region size 1024K, 3 young (3072K), 3 survivors (3072K)
 Metaspace       used 79582K, committed 80512K, reserved 557056K
  class space    used 11008K, committed 11456K, reserved 425984K
}
Event: 85.046 GC heap before
{Heap before GC invocations=52 (full 0):
 garbage-first heap   total 147456K, used 129514K [0x0000000080000000, 0x0000000100000000)
  region size 1024K, 30 young (30720K), 3 survivors (3072K)
 Metaspace       used 80695K, committed 81600K, reserved 557056K
  class space    used 11151K, committed 11584K, reserved 425984K
}
Event: 85.050 GC heap after
{Heap after GC invocations=53 (full 0):
 garbage-first heap   total 147456K, used 107797K [0x0000000080000000, 0x0000000100000000)
  region size 1024K, 4 young (4096K), 4 survivors (4096K)
 Metaspace       used 80695K, committed 81600K, reserved 557056K
  class space    used 11151K, committed 11584K, reserved 425984K
}
Event: 85.830 GC heap before
{Heap before GC invocations=53 (full 0):
 garbage-first heap   total 147456K, used 123157K [0x0000000080000000, 0x0000000100000000)
  region size 1024K, 20 young (20480K), 4 survivors (4096K)
 Metaspace       used 81878K, committed 82880K, reserved 557056K
  class space    used 11287K, committed 11776K, reserved 425984K
}
Event: 85.832 GC heap after
{Heap after GC invocations=54 (full 0):
 garbage-first heap   total 147456K, used 108460K [0x0000000080000000, 0x0000000100000000)
  region size 1024K, 1 young (1024K), 1 survivors (1024K)
 Metaspace       used 81878K, committed 82880K, reserved 557056K
  class space    used 11287K, committed 11776K, reserved 425984K
}
Event: 86.143 GC heap before
{Heap before GC invocations=54 (full 0):
 garbage-first heap   total 147456K, used 123820K [0x0000000080000000, 0x0000000100000000)
  region size 1024K, 17 young (17408K), 1 survivors (1024K)
 Metaspace       used 83347K, committed 84288K, reserved 557056K
  class space    used 11426K, committed 11904K, reserved 425984K
}
Event: 86.145 GC heap after
{Heap after GC invocations=55 (full 0):
 garbage-first heap   total 147456K, used 108622K [0x0000000080000000, 0x0000000100000000)
  region size 1024K, 1 young (1024K), 1 survivors (1024K)
 Metaspace       used 83347K, committed 84288K, reserved 557056K
  class space    used 11426K, committed 11904K, reserved 425984K
}

Deoptimization events (20 events):
Event: 85.852 Thread 0x00000200bd63da80 DEOPT PACKING pc=0x000002008f48b87c sp=0x000000e03c8f31e0
Event: 85.852 Thread 0x00000200bd63da80 DEOPT UNPACKING pc=0x000002008ed723a3 sp=0x000000e03c8f3150 mode 2
Event: 85.898 Thread 0x00000200bd63da80 Uncommon trap: trap_request=0xffffffde fr.pc=0x000002008f384640 relative=0x0000000000000360
Event: 85.898 Thread 0x00000200bd63da80 Uncommon trap: reason=class_check action=maybe_recompile pc=0x000002008f384640 method=java.util.stream.AbstractPipeline.copyIntoWithCancel(Ljava/util/stream/Sink;Ljava/util/Spliterator;)Z @ 32 c2
Event: 85.898 Thread 0x00000200bd63da80 DEOPT PACKING pc=0x000002008f384640 sp=0x000000e03c8f2c80
Event: 85.898 Thread 0x00000200bd63da80 DEOPT UNPACKING pc=0x000002008ed723a3 sp=0x000000e03c8f2b28 mode 2
Event: 85.898 Thread 0x00000200bd63da80 Uncommon trap: trap_request=0xffffffde fr.pc=0x000002008f384640 relative=0x0000000000000360
Event: 85.898 Thread 0x00000200bd63da80 Uncommon trap: reason=class_check action=maybe_recompile pc=0x000002008f384640 method=java.util.stream.AbstractPipeline.copyIntoWithCancel(Ljava/util/stream/Sink;Ljava/util/Spliterator;)Z @ 32 c2
Event: 85.898 Thread 0x00000200bd63da80 DEOPT PACKING pc=0x000002008f384640 sp=0x000000e03c8f2c80
Event: 85.898 Thread 0x00000200bd63da80 DEOPT UNPACKING pc=0x000002008ed723a3 sp=0x000000e03c8f2b28 mode 2
Event: 85.898 Thread 0x00000200bd63da80 Uncommon trap: trap_request=0xffffffde fr.pc=0x000002008f384640 relative=0x0000000000000360
Event: 85.898 Thread 0x00000200bd63da80 Uncommon trap: reason=class_check action=maybe_recompile pc=0x000002008f384640 method=java.util.stream.AbstractPipeline.copyIntoWithCancel(Ljava/util/stream/Sink;Ljava/util/Spliterator;)Z @ 32 c2
Event: 85.898 Thread 0x00000200bd63da80 DEOPT PACKING pc=0x000002008f384640 sp=0x000000e03c8f2c80
Event: 85.898 Thread 0x00000200bd63da80 DEOPT UNPACKING pc=0x000002008ed723a3 sp=0x000000e03c8f2b28 mode 2
Event: 85.936 Thread 0x00000200bd63da80 DEOPT PACKING pc=0x0000020088a718c9 sp=0x000000e03c8f3580
Event: 85.936 Thread 0x00000200bd63da80 DEOPT UNPACKING pc=0x000002008ed72b43 sp=0x000000e03c8f2a90 mode 0
Event: 86.145 Thread 0x00000200ff28c960 Uncommon trap: trap_request=0xffffffde fr.pc=0x000002008f521f1c relative=0x000000000000047c
Event: 86.145 Thread 0x00000200ff28c960 Uncommon trap: reason=class_check action=maybe_recompile pc=0x000002008f521f1c method=jdk.internal.ref.PhantomCleanable.clean()V @ 12 c2
Event: 86.145 Thread 0x00000200ff28c960 DEOPT PACKING pc=0x000002008f521f1c sp=0x000000e03bbff010
Event: 86.145 Thread 0x00000200ff28c960 DEOPT UNPACKING pc=0x000002008ed723a3 sp=0x000000e03bbfeff0 mode 2

Classes unloaded (0 events):
No events

Classes redefined (0 events):
No events

Internal exceptions (20 events):
Event: 71.275 Thread 0x00000200bd63da80 Exception <a 'java/lang/ClassNotFoundException'{0x0000000086c99018}: org/gradle/api/internal/DefaultNamedDomainObjectCollectionBeanInfo> (0x0000000086c99018) 
thrown [s\open\src\hotspot\share\classfile\systemDictionary.cpp, line 256]
Event: 71.277 Thread 0x00000200bd63da80 Exception <a 'java/lang/ClassNotFoundException'{0x0000000086caf4b8}: org/gradle/api/internal/DefaultNamedDomainObjectCollectionCustomizer> (0x0000000086caf4b8) 
thrown [s\open\src\hotspot\share\classfile\systemDictionary.cpp, line 256]
Event: 71.280 Thread 0x00000200bd63da80 Exception <a 'java/lang/ClassNotFoundException'{0x0000000086ceef38}: org/gradle/api/internal/DefaultNamedDomainObjectListCustomizer> (0x0000000086ceef38) 
thrown [s\open\src\hotspot\share\classfile\systemDictionary.cpp, line 256]
Event: 71.283 Thread 0x00000200bd63da80 Exception <a 'java/lang/ClassNotFoundException'{0x0000000086b25bd8}: org/gradle/api/internal/artifacts/DefaultArtifactRepositoryContainerCustomizer> (0x0000000086b25bd8) 
thrown [s\open\src\hotspot\share\classfile\systemDictionary.cpp, line 256]
Event: 71.284 Thread 0x00000200bd63da80 Exception <a 'java/lang/ClassNotFoundException'{0x0000000086b518f0}: org/gradle/api/internal/artifacts/dsl/DefaultRepositoryHandlerCustomizer> (0x0000000086b518f0) 
thrown [s\open\src\hotspot\share\classfile\systemDictionary.cpp, line 256]
Event: 71.287 Thread 0x00000200bd63da80 Exception <a 'java/lang/ClassNotFoundException'{0x0000000086b8c8f0}: org/gradle/api/internal/artifacts/dsl/DefaultRepositoryHandler_DecoratedCustomizer> (0x0000000086b8c8f0) 
thrown [s\open\src\hotspot\share\classfile\systemDictionary.cpp, line 256]
Event: 71.304 Thread 0x00000200bd63da80 Exception <a 'java/lang/ClassNotFoundException'{0x0000000086a3b0a8}: org/gradle/api/internal/artifacts/dsl/dependencies/DefaultDependencyHandler_DecoratedBeanInfo> (0x0000000086a3b0a8) 
thrown [s\open\src\hotspot\share\classfile\systemDictionary.cpp, line 256]
Event: 71.305 Thread 0x00000200bd63da80 Exception <a 'java/lang/ClassNotFoundException'{0x0000000086a54658}: org/gradle/api/internal/artifacts/dsl/dependencies/DefaultDependencyHandlerBeanInfo> (0x0000000086a54658) 
thrown [s\open\src\hotspot\share\classfile\systemDictionary.cpp, line 256]
Event: 71.306 Thread 0x00000200bd63da80 Exception <a 'java/lang/ClassNotFoundException'{0x0000000086a6e0e8}: org/gradle/api/internal/artifacts/dsl/dependencies/DefaultDependencyHandlerCustomizer> (0x0000000086a6e0e8) 
thrown [s\open\src\hotspot\share\classfile\systemDictionary.cpp, line 256]
Event: 71.308 Thread 0x00000200bd63da80 Exception <a 'java/lang/ClassNotFoundException'{0x0000000086aafa30}: org/gradle/api/internal/artifacts/dsl/dependencies/DefaultDependencyHandler_DecoratedCustomizer> (0x0000000086aafa30) 
thrown [s\open\src\hotspot\share\classfile\systemDictionary.cpp, line 256]
Event: 80.902 Thread 0x00000200c05c3d40 Exception <a 'sun/nio/fs/WindowsException'{0x00000000868abfe8}> (0x00000000868abfe8) 
thrown [s\open\src\hotspot\share\prims\jni.cpp, line 516]
Event: 80.939 Thread 0x00000200c05c3d40 Exception <a 'sun/nio/fs/WindowsException'{0x00000000868b2e20}> (0x00000000868b2e20) 
thrown [s\open\src\hotspot\share\prims\jni.cpp, line 516]
Event: 80.940 Thread 0x00000200c05c3d40 Exception <a 'sun/nio/fs/WindowsException'{0x00000000868b7820}> (0x00000000868b7820) 
thrown [s\open\src\hotspot\share\prims\jni.cpp, line 516]
Event: 80.981 Thread 0x00000200c05c3d40 Exception <a 'sun/nio/fs/WindowsException'{0x00000000868ba038}> (0x00000000868ba038) 
thrown [s\open\src\hotspot\share\prims\jni.cpp, line 516]
Event: 84.062 Thread 0x00000200bd63da80 Exception <a 'java/lang/ClassNotFoundException'{0x0000000088f7f930}: build_35uh90qbjfqhu4frvb5s02wkyBeanInfo> (0x0000000088f7f930) 
thrown [s\open\src\hotspot\share\classfile\systemDictionary.cpp, line 256]
Event: 84.063 Thread 0x00000200bd63da80 Exception <a 'java/lang/ClassNotFoundException'{0x0000000088f86e58}: build_35uh90qbjfqhu4frvb5s02wkyCustomizer> (0x0000000088f86e58) 
thrown [s\open\src\hotspot\share\classfile\systemDictionary.cpp, line 256]
Event: 84.461 Thread 0x00000200bd63da80 Exception <a 'java/lang/ClassNotFoundException'{0x00000000888fdd20}: org/gradle/api/internal/plugins/DefaultObjectConfigurationActionBeanInfo> (0x00000000888fdd20) 
thrown [s\open\src\hotspot\share\classfile\systemDictionary.cpp, line 256]
Event: 84.463 Thread 0x00000200bd63da80 Exception <a 'java/lang/ClassNotFoundException'{0x000000008871fba0}: org/gradle/api/internal/plugins/DefaultObjectConfigurationActionCustomizer> (0x000000008871fba0) 
thrown [s\open\src\hotspot\share\classfile\systemDictionary.cpp, line 256]
Event: 84.521 Thread 0x00000200bd63da80 Exception <a 'java/lang/ClassNotFoundException'{0x00000000886bc178}: build_d04mpjl72zhytbofkvlwx5kj5BeanInfo> (0x00000000886bc178) 
thrown [s\open\src\hotspot\share\classfile\systemDictionary.cpp, line 256]
Event: 84.522 Thread 0x00000200bd63da80 Exception <a 'java/lang/ClassNotFoundException'{0x00000000886c9f38}: build_d04mpjl72zhytbofkvlwx5kj5Customizer> (0x00000000886c9f38) 
thrown [s\open\src\hotspot\share\classfile\systemDictionary.cpp, line 256]

VM Operations (20 events):
Event: 83.011 Executing VM operation: G1CollectForAllocation done
Event: 83.079 Executing VM operation: G1CollectForAllocation
Event: 83.084 Executing VM operation: G1CollectForAllocation done
Event: 83.248 Executing VM operation: G1CollectForAllocation
Event: 83.252 Executing VM operation: G1CollectForAllocation done
Event: 83.436 Executing VM operation: G1CollectForAllocation
Event: 83.440 Executing VM operation: G1CollectForAllocation done
Event: 84.037 Executing VM operation: G1CollectForAllocation
Event: 84.040 Executing VM operation: G1CollectForAllocation done
Event: 84.221 Executing VM operation: HandshakeAllThreads
Event: 84.222 Executing VM operation: HandshakeAllThreads done
Event: 85.045 Executing VM operation: G1CollectForAllocation
Event: 85.050 Executing VM operation: G1CollectForAllocation done
Event: 85.131 Executing VM operation: HandshakeAllThreads
Event: 85.131 Executing VM operation: HandshakeAllThreads done
Event: 85.829 Executing VM operation: G1CollectForAllocation
Event: 85.832 Executing VM operation: G1CollectForAllocation done
Event: 86.142 Executing VM operation: G1CollectForAllocation
Event: 86.145 Executing VM operation: G1CollectForAllocation done
Event: 87.153 Executing VM operation: Cleanup

Events (20 events):
Event: 78.767 Thread 0x000002009cbf4370 Thread added: 0x000002009cbf4370
Event: 78.767 Thread 0x000002009cbf61d0 Thread added: 0x000002009cbf61d0
Event: 78.767 Thread 0x000002009cbf66e0 Thread added: 0x000002009cbf66e0
Event: 78.768 Thread 0x000002009cbf4880 Thread added: 0x000002009cbf4880
Event: 79.946 Thread 0x00000200beca9100 Thread added: 0x00000200beca9100
Event: 80.487 Thread 0x00000200beca9100 Thread exited: 0x00000200beca9100
Event: 82.259 Thread 0x00000200bd6554f0 Thread added: 0x00000200bd6554f0
Event: 82.635 Thread 0x00000200bf78a4c0 Thread added: 0x00000200bf78a4c0
Event: 84.044 Thread 0x000002009cbf6bf0 Thread added: 0x000002009cbf6bf0
Event: 84.224 Thread 0x00000200bf78a4c0 Thread exited: 0x00000200bf78a4c0
Event: 84.224 Thread 0x00000200bd6554f0 Thread exited: 0x00000200bd6554f0
Event: 84.491 Thread 0x00000200c1a1f340 Thread added: 0x00000200c1a1f340
Event: 84.507 Thread 0x00000200c1a20780 Thread added: 0x00000200c1a20780
Event: 84.570 Thread 0x00000200c1c97680 Thread added: 0x00000200c1c97680
Event: 85.135 Thread 0x00000200ff307540 flushing nmethod 0x0000020087914210
Event: 85.462 Thread 0x00000200c1c97680 Thread exited: 0x00000200c1c97680
Event: 85.715 Thread 0x00000200bd6554f0 Thread added: 0x00000200bd6554f0
Event: 85.897 loading class sun/text/resources/cldr/FormatData_en_US
Event: 85.897 loading class sun/text/resources/cldr/FormatData_en_US done
Event: 86.048 Thread 0x00000200bd6554f0 Thread exited: 0x00000200bd6554f0


Dynamic libraries:
0x00007ff645ab0000 - 0x00007ff645ac0000 	C:\Program Files\Java\jdk-17\bin\java.exe
0x00007ffbb3120000 - 0x00007ffbb3387000 	C:\WINDOWS\SYSTEM32\ntdll.dll
0x00007ffbb2b40000 - 0x00007ffbb2c09000 	C:\WINDOWS\System32\KERNEL32.DLL
0x00007ffbb05b0000 - 0x00007ffbb09a0000 	C:\WINDOWS\System32\KERNELBASE.dll
0x00007ffbb0b00000 - 0x00007ffbb0c4b000 	C:\WINDOWS\System32\ucrtbase.dll
0x00007ffb6dc70000 - 0x00007ffb6dc89000 	C:\Program Files\Java\jdk-17\bin\jli.dll
0x00007ffb63130000 - 0x00007ffb6314b000 	C:\Program Files\Java\jdk-17\bin\VCRUNTIME140.dll
0x00007ffbb2c90000 - 0x00007ffbb2d44000 	C:\WINDOWS\System32\ADVAPI32.dll
0x00007ffbb2f70000 - 0x00007ffbb3019000 	C:\WINDOWS\System32\msvcrt.dll
0x00007ffbb3030000 - 0x00007ffbb30d6000 	C:\WINDOWS\System32\sechost.dll
0x00007ffbb2e50000 - 0x00007ffbb2f68000 	C:\WINDOWS\System32\RPCRT4.dll
0x00007ffbb19a0000 - 0x00007ffbb1b65000 	C:\WINDOWS\System32\USER32.dll
0x00007ffbb0e80000 - 0x00007ffbb0ea7000 	C:\WINDOWS\System32\win32u.dll
0x00007ffb95f30000 - 0x00007ffb961ca000 	C:\WINDOWS\WinSxS\amd64_microsoft.windows.common-controls_6595b64144ccf1df_6.0.26100.4768_none_3e0c112ce331287c\COMCTL32.dll
0x00007ffbb1970000 - 0x00007ffbb199b000 	C:\WINDOWS\System32\GDI32.dll
0x00007ffbb02f0000 - 0x00007ffbb0428000 	C:\WINDOWS\System32\gdi32full.dll
0x00007ffbb0c50000 - 0x00007ffbb0cf3000 	C:\WINDOWS\System32\msvcp_win.dll
0x00007ffba8fd0000 - 0x00007ffba8fdb000 	C:\WINDOWS\SYSTEM32\VERSION.dll
0x00007ffbb0eb0000 - 0x00007ffbb0edf000 	C:\WINDOWS\System32\IMM32.DLL
0x00007ffb7ede0000 - 0x00007ffb7edec000 	C:\Program Files\Java\jdk-17\bin\vcruntime140_1.dll
0x00007ffb2c090000 - 0x00007ffb2c11e000 	C:\Program Files\Java\jdk-17\bin\msvcp140.dll
0x00007ffb172e0000 - 0x00007ffb17ec0000 	C:\Program Files\Java\jdk-17\bin\server\jvm.dll
0x00007ffbb0f00000 - 0x00007ffbb0f08000 	C:\WINDOWS\System32\PSAPI.DLL
0x00007ffba8fe0000 - 0x00007ffba9015000 	C:\WINDOWS\SYSTEM32\WINMM.dll
0x00007ffb7ed50000 - 0x00007ffb7ed5a000 	C:\WINDOWS\SYSTEM32\WSOCK32.dll
0x00007ffbb18f0000 - 0x00007ffbb1964000 	C:\WINDOWS\System32\WS2_32.dll
0x00007ffbaefd0000 - 0x00007ffbaefeb000 	C:\WINDOWS\SYSTEM32\kernel.appcore.dll
0x00007ffb6d930000 - 0x00007ffb6d93a000 	C:\Program Files\Java\jdk-17\bin\jimage.dll
0x00007ffba2ee0000 - 0x00007ffba3121000 	C:\WINDOWS\SYSTEM32\DBGHELP.DLL
0x00007ffbb2790000 - 0x00007ffbb2b15000 	C:\WINDOWS\System32\combase.dll
0x00007ffbb1720000 - 0x00007ffbb1800000 	C:\WINDOWS\System32\OLEAUT32.dll
0x00007ffb91c00000 - 0x00007ffb91c43000 	C:\WINDOWS\SYSTEM32\dbgcore.DLL
0x00007ffbb0250000 - 0x00007ffbb02e9000 	C:\WINDOWS\System32\bcryptPrimitives.dll
0x00007ffb7ed60000 - 0x00007ffb7ed6e000 	C:\Program Files\Java\jdk-17\bin\instrument.dll
0x00007ffb62460000 - 0x00007ffb62485000 	C:\Program Files\Java\jdk-17\bin\java.dll
0x00007ffb1a500000 - 0x00007ffb1a5d7000 	C:\Program Files\Java\jdk-17\bin\jsvml.dll
0x00007ffbb1b70000 - 0x00007ffbb22bd000 	C:\WINDOWS\System32\SHELL32.dll
0x00007ffbb0d00000 - 0x00007ffbb0e73000 	C:\WINDOWS\System32\wintypes.dll
0x00007ffbade10000 - 0x00007ffbae66f000 	C:\WINDOWS\SYSTEM32\windows.storage.dll
0x00007ffbb2470000 - 0x00007ffbb2565000 	C:\WINDOWS\System32\SHCORE.dll
0x00007ffbb1080000 - 0x00007ffbb10ea000 	C:\WINDOWS\System32\shlwapi.dll
0x00007ffbb0170000 - 0x00007ffbb0199000 	C:\WINDOWS\SYSTEM32\profapi.dll
0x00007ffb6daa0000 - 0x00007ffb6dab8000 	C:\Program Files\Java\jdk-17\bin\zip.dll
0x00007ffb858b0000 - 0x00007ffb858c9000 	C:\Program Files\Java\jdk-17\bin\net.dll
0x00007ffba5e70000 - 0x00007ffba5f8e000 	C:\WINDOWS\SYSTEM32\WINHTTP.dll
0x00007ffbaf560000 - 0x00007ffbaf5cb000 	C:\WINDOWS\system32\mswsock.dll
0x00007ffb6dac0000 - 0x00007ffb6dad6000 	C:\Program Files\Java\jdk-17\bin\nio.dll
0x00007ffb6d960000 - 0x00007ffb6d970000 	C:\Program Files\Java\jdk-17\bin\verify.dll
0x00007ffb4a7a0000 - 0x00007ffb4a7c7000 	C:\Users\kbhar\.gradle\native\1def1411415f61bf3af743bc5b6707747c0891f09f0c88961ee8f79bc544acac\windows-amd64\native-platform.dll
0x00007ffb19490000 - 0x00007ffb19508000 	C:\Users\kbhar\.gradle\native\0.2.7\x86_64-windows-gnu\gradle-fileevents.dll
0x00007ffb6d950000 - 0x00007ffb6d95a000 	C:\Program Files\Java\jdk-17\bin\management.dll
0x00007ffb6d940000 - 0x00007ffb6d94b000 	C:\Program Files\Java\jdk-17\bin\management_ext.dll
0x00007ffbae9c0000 - 0x00007ffbae9f3000 	C:\WINDOWS\SYSTEM32\IPHLPAPI.DLL
0x00007ffbb3020000 - 0x00007ffbb302a000 	C:\WINDOWS\System32\NSI.dll
0x00007ffba8dc0000 - 0x00007ffba8ddf000 	C:\WINDOWS\SYSTEM32\dhcpcsvc6.DLL
0x00007ffba6dd0000 - 0x00007ffba6df5000 	C:\WINDOWS\SYSTEM32\dhcpcsvc.DLL
0x00007ffbaea00000 - 0x00007ffbaeb26000 	C:\WINDOWS\SYSTEM32\DNSAPI.dll
0x00007ffbaf820000 - 0x00007ffbaf83b000 	C:\WINDOWS\SYSTEM32\CRYPTSP.dll
0x00007ffbaef30000 - 0x00007ffbaef6b000 	C:\WINDOWS\system32\rsaenh.dll
0x00007ffbaf600000 - 0x00007ffbaf62b000 	C:\WINDOWS\SYSTEM32\USERENV.dll
0x00007ffbb0140000 - 0x00007ffbb0166000 	C:\WINDOWS\SYSTEM32\bcrypt.dll
0x00007ffbaf840000 - 0x00007ffbaf84c000 	C:\WINDOWS\SYSTEM32\CRYPTBASE.dll
0x00007ffb62450000 - 0x00007ffb6245e000 	C:\Program Files\Java\jdk-17\bin\sunmscapi.dll
0x00007ffbb0430000 - 0x00007ffbb05a7000 	C:\WINDOWS\System32\CRYPT32.dll
0x00007ffbafa40000 - 0x00007ffbafa70000 	C:\WINDOWS\SYSTEM32\ncrypt.dll
0x00007ffbaf9f0000 - 0x00007ffbafa2f000 	C:\WINDOWS\SYSTEM32\NTASN1.dll
0x00007ffb9d650000 - 0x00007ffb9d658000 	C:\WINDOWS\system32\wshunix.dll

dbghelp: loaded successfully - version: 4.0.5 - missing functions: none
symbol engine: initialized successfully - sym options: 0x614 - pdb path: .;C:\Program Files\Java\jdk-17\bin;C:\WINDOWS\SYSTEM32;C:\WINDOWS\WinSxS\amd64_microsoft.windows.common-controls_6595b64144ccf1df_6.0.26100.4768_none_3e0c112ce331287c;C:\Program Files\Java\jdk-17\bin\server;C:\Users\kbhar\.gradle\native\1def1411415f61bf3af743bc5b6707747c0891f09f0c88961ee8f79bc544acac\windows-amd64;C:\Users\kbhar\.gradle\native\0.2.7\x86_64-windows-gnu

VM Arguments:
jvm_args: --add-opens=java.base/java.lang=ALL-UNNAMED --add-opens=java.base/java.lang.invoke=ALL-UNNAMED --add-opens=java.base/java.util=ALL-UNNAMED --add-opens=java.prefs/java.util.prefs=ALL-UNNAMED --add-exports=jdk.compiler/com.sun.tools.javac.api=ALL-UNNAMED --add-exports=jdk.compiler/com.sun.tools.javac.util=ALL-UNNAMED --add-opens=java.base/java.util=ALL-UNNAMED --add-opens=java.prefs/java.util.prefs=ALL-UNNAMED --add-opens=java.base/java.nio.charset=ALL-UNNAMED --add-opens=java.base/java.net=ALL-UNNAMED --add-opens=java.base/java.util.concurrent.atomic=ALL-UNNAMED --add-opens=java.xml/javax.xml.namespace=ALL-UNNAMED -XX:MaxMetaspaceSize=512m -Xmx2048m -Dfile.encoding=UTF-8 -Duser.country=IN -Duser.language=en -Duser.variant -javaagent:C:\Users\kbhar\.gradle\wrapper\dists\gradle-8.14.1-bin\baw1sv0jfoi8rxs14qo3h49cs\gradle-8.14.1\lib\agents\gradle-instrumentation-agent-8.14.1.jar 
java_command: org.gradle.launcher.daemon.bootstrap.GradleDaemon 8.14.1
java_class_path (initial): C:\Users\kbhar\.gradle\wrapper\dists\gradle-8.14.1-bin\baw1sv0jfoi8rxs14qo3h49cs\gradle-8.14.1\lib\gradle-daemon-main-8.14.1.jar
Launcher Type: SUN_STANDARD

[Global flags]
     intx CICompilerCount                          = 4                                         {product} {ergonomic}
   size_t CompressedClassSpaceSize                 = 436207616                                 {product} {ergonomic}
     uint ConcGCThreads                            = 3                                         {product} {ergonomic}
     uint G1ConcRefinementThreads                  = 10                                        {product} {ergonomic}
   size_t G1HeapRegionSize                         = 1048576                                   {product} {ergonomic}
    uintx GCDrainStackTargetSize                   = 64                                        {product} {ergonomic}
   size_t InitialHeapSize                          = 123731968                                 {product} {ergonomic}
   size_t MarkStackSize                            = 4194304                                   {product} {ergonomic}
   size_t MaxHeapSize                              = 2147483648                                {product} {command line}
   size_t MaxMetaspaceSize                         = 536870912                                 {product} {command line}
   size_t MaxNewSize                               = 1287651328                                {product} {ergonomic}
   size_t MinHeapDeltaBytes                        = 1048576                                   {product} {ergonomic}
   size_t MinHeapSize                              = 8388608                                   {product} {ergonomic}
    uintx NonNMethodCodeHeapSize                   = 5839372                                {pd product} {ergonomic}
    uintx NonProfiledCodeHeapSize                  = 122909434                              {pd product} {ergonomic}
    uintx ProfiledCodeHeapSize                     = 122909434                              {pd product} {ergonomic}
    uintx ReservedCodeCacheSize                    = 251658240                              {pd product} {ergonomic}
     bool SegmentedCodeCache                       = true                                      {product} {ergonomic}
   size_t SoftMaxHeapSize                          = 2147483648                             {manageable} {ergonomic}
     bool UseCompressedClassPointers               = true                           {product lp64_product} {ergonomic}
     bool UseCompressedOops                        = true                           {product lp64_product} {ergonomic}
     bool UseG1GC                                  = true                                      {product} {ergonomic}
     bool UseLargePagesIndividualAllocation        = false                                  {pd product} {ergonomic}

Logging:
Log output configuration:
 #0: stdout all=warning uptime,level,tags
 #1: stderr all=off uptime,level,tags

Environment Variables:
PATH=C:\Program Files\Common Files\Oracle\Java\javapath;C:\windows\system32;C:\windows;C:\windows\System32\Wbem;C:\windows\System32\WindowsPowerShell\v1.0\;C:\windows\System32\OpenSSH\;C:\ProgramData\chocolatey\bin;C:\Program Files\HP\HP One Agent;C:\Program Files\nodejs\;C:\Users\kbhar\AppData\Local\Android\Sdk\platform-tools;C:\Program Files\Git\cmd;C:\WINDOWS\system32;C:\WINDOWS;C:\WINDOWS\System32\Wbem;C:\WINDOWS\System32\WindowsPowerShell\v1.0\;C:\WINDOWS\System32\OpenSSH\;C:\Users\kbhar\AppData\Local\Microsoft\WindowsApps;C:\Program Files\Java\jdk-19\bin;C:\Users\kbhar\AppData\Local\Programs\Microsoft VS Code\bin;C:\Users\kbhar\AppData\Roaming\npm;
USERNAME=kbhar
OS=Windows_NT
PROCESSOR_IDENTIFIER=AMD64 Family 25 Model 80 Stepping 0, AuthenticAMD



---------------  S Y S T E M  ---------------

OS:
 Windows 11 , 64 bit Build 26100 (10.0.26100.4768)
OS uptime: 0 days 23:29 hours
Hyper-V role detected

CPU: total 12 (initial active 12) (12 cores per cpu, 2 threads per core) family 25 model 80 stepping 0 microcode 0xa50000d, cx8, cmov, fxsr, ht, mmx, 3dnowpref, sse, sse2, sse3, ssse3, sse4a, sse4.1, sse4.2, popcnt, lzcnt, tsc, tscinvbit, avx, avx2, aes, erms, clmul, bmi1, bmi2, adx, sha, fma, vzeroupper, clflush, clflushopt, hv

Memory: 4k page, system-wide physical 7520M (519M free)
TotalPageFile size 31072M (AvailPageFile size 4M)
current process WorkingSet (physical memory assigned to process): 303M, peak: 308M
current process commit charge ("private bytes"): 433M, peak: 439M

vm_info: Java HotSpot(TM) 64-Bit Server VM (17.0.12+8-LTS-286) for windows-amd64 JRE (17.0.12+8-LTS-286), built on Jun  5 2024 06:46:59 by "mach5one" with MS VC++ 17.6 (VS2022)

END.
