#
# There is insufficient memory for the Java Runtime Environment to continue.
# Native memory allocation (malloc) failed to allocate 2088496 bytes for Chunk::new
# Possible reasons:
#   The system is out of physical RAM or swap space
#   The process is running with CompressedOops enabled, and the Java Heap may be blocking the growth of the native heap
# Possible solutions:
#   Reduce memory load on the system
#   Increase physical memory or swap space
#   Check if swap backing store is full
#   Decrease Java heap size (-Xmx/-Xms)
#   Decrease number of Java threads
#   Decrease Java thread stack sizes (-Xss)
#   Set larger code cache with -XX:ReservedCodeCacheSize=
#   JVM is running with Unscaled Compressed Oops mode in which the Java heap is
#     placed in the first 4GB address space. The Java Heap base address is the
#     maximum limit for the native heap growth. Please use -XX:HeapBaseMinAddress
#     to set the Java Heap base and to place the Java Heap above 4GB virtual address.
# This output file may be truncated or incomplete.
#
#  Out of Memory Error (arena.cpp:189), pid=28392, tid=5900
#
# JRE version: Java(TM) SE Runtime Environment (17.0.12+8) (build 17.0.12+8-LTS-286)
# Java VM: Java HotSpot(TM) 64-Bit Server VM (17.0.12+8-LTS-286, mixed mode, sharing, tiered, compressed oops, compressed class ptrs, g1 gc, windows-amd64)
# No core dump will be written. Minidumps are not enabled by default on client versions of Windows
#

---------------  S U M M A R Y ------------

Command Line: --add-opens=java.base/java.lang=ALL-UNNAMED --add-opens=java.base/java.lang.invoke=ALL-UNNAMED --add-opens=java.base/java.util=ALL-UNNAMED --add-opens=java.prefs/java.util.prefs=ALL-UNNAMED --add-exports=jdk.compiler/com.sun.tools.javac.api=ALL-UNNAMED --add-exports=jdk.compiler/com.sun.tools.javac.util=ALL-UNNAMED --add-opens=java.base/java.util=ALL-UNNAMED --add-opens=java.prefs/java.util.prefs=ALL-UNNAMED --add-opens=java.base/java.nio.charset=ALL-UNNAMED --add-opens=java.base/java.net=ALL-UNNAMED --add-opens=java.base/java.util.concurrent.atomic=ALL-UNNAMED --add-opens=java.xml/javax.xml.namespace=ALL-UNNAMED -XX:MaxMetaspaceSize=512m -Xmx2048m -Dfile.encoding=UTF-8 -Duser.country=IN -Duser.language=en -Duser.variant -javaagent:C:\Users\kbhar\.gradle\wrapper\dists\gradle-8.14.1-bin\baw1sv0jfoi8rxs14qo3h49cs\gradle-8.14.1\lib\agents\gradle-instrumentation-agent-8.14.1.jar org.gradle.launcher.daemon.bootstrap.GradleDaemon 8.14.1

Host: AMD Ryzen 5 5625U with Radeon Graphics         , 12 cores, 7G,  Windows 11 , 64 bit Build 26100 (10.0.26100.4768)
Time: Wed Aug  6 17:00:51 2025 India Standard Time elapsed time: 60.744537 seconds (0d 0h 1m 0s)

---------------  T H R E A D  ---------------

Current thread (0x00000186c568ef20):  JavaThread "C2 CompilerThread0" daemon [_thread_in_native, id=5900, stack(0x0000002826d00000,0x0000002826e00000)]


Current CompileTask:
C2:  60746 4755       4       org.gradle.internal.service.DefaultServiceRegistry$ClassInspector::getDetailsForClass (50 bytes)

Stack: [0x0000002826d00000,0x0000002826e00000]
Native frames: (J=compiled Java code, j=interpreted, Vv=VM code, C=native code)
V  [jvm.dll+0x67a04a]
V  [jvm.dll+0x7da4ed]
V  [jvm.dll+0x7dbe33]
V  [jvm.dll+0x7dc4a3]
V  [jvm.dll+0x24508f]
V  [jvm.dll+0xab773]
V  [jvm.dll+0xabd3c]
V  [jvm.dll+0x361b9f]
V  [jvm.dll+0x32c431]
V  [jvm.dll+0x32b8ca]
V  [jvm.dll+0x21683f]
V  [jvm.dll+0x215c6f]
V  [jvm.dll+0x1a2960]
V  [jvm.dll+0x22610b]
V  [jvm.dll+0x2242ab]
V  [jvm.dll+0x79075c]
V  [jvm.dll+0x78abea]
V  [jvm.dll+0x678f35]
C  [ucrtbase.dll+0x37b0]
C  [KERNEL32.DLL+0x2e8d7]
C  [ntdll.dll+0x3c34c]


---------------  P R O C E S S  ---------------

Threads class SMR info:
_java_thread_list=0x00000186e830a4a0, length=44, elements={
0x00000186a52776a0, 0x00000186c566ee40, 0x00000186c5670480, 0x00000186c56890c0,
0x00000186c5689a90, 0x00000186c568c370, 0x00000186c568cc40, 0x00000186c568ef20,
0x00000186c5691b30, 0x00000186c5695fd0, 0x00000186c565c5b0, 0x00000186c594b250,
0x00000186e5ef25b0, 0x00000186c5ac2a50, 0x00000186c5abd430, 0x00000186e5abc390,
0x00000186e5867100, 0x00000186e57af6b0, 0x00000186e57ad340, 0x00000186e57ae270,
0x00000186e57ace30, 0x00000186e57aec90, 0x00000186e57abf00, 0x00000186e57ae780,
0x00000186e57af1a0, 0x00000186e57ac920, 0x00000186e57add60, 0x00000186e75d80a0,
0x00000186e75d99f0, 0x00000186e75d9f00, 0x00000186e75d85b0, 0x00000186e75d8fd0,
0x00000186e75d7170, 0x00000186e75d8ac0, 0x00000186e75da920, 0x00000186e75dae30,
0x00000186e75dd1a0, 0x00000186e75dd6b0, 0x00000186e75de5e0, 0x00000186e75dbd60,
0x00000186e75ddbc0, 0x00000186e75de0d0, 0x00000186e75dc270, 0x00000186e75dc780
}

Java Threads: ( => current thread )
  0x00000186a52776a0 JavaThread "main" [_thread_blocked, id=8484, stack(0x0000002826000000,0x0000002826100000)]
  0x00000186c566ee40 JavaThread "Reference Handler" daemon [_thread_blocked, id=6416, stack(0x0000002826700000,0x0000002826800000)]
  0x00000186c5670480 JavaThread "Finalizer" daemon [_thread_blocked, id=28108, stack(0x0000002826800000,0x0000002826900000)]
  0x00000186c56890c0 JavaThread "Signal Dispatcher" daemon [_thread_blocked, id=13948, stack(0x0000002826900000,0x0000002826a00000)]
  0x00000186c5689a90 JavaThread "Attach Listener" daemon [_thread_blocked, id=1616, stack(0x0000002826a00000,0x0000002826b00000)]
  0x00000186c568c370 JavaThread "Service Thread" daemon [_thread_blocked, id=25528, stack(0x0000002826b00000,0x0000002826c00000)]
  0x00000186c568cc40 JavaThread "Monitor Deflation Thread" daemon [_thread_blocked, id=24508, stack(0x0000002826c00000,0x0000002826d00000)]
=>0x00000186c568ef20 JavaThread "C2 CompilerThread0" daemon [_thread_in_native, id=5900, stack(0x0000002826d00000,0x0000002826e00000)]
  0x00000186c5691b30 JavaThread "C1 CompilerThread0" daemon [_thread_blocked, id=26700, stack(0x0000002826e00000,0x0000002826f00000)]
  0x00000186c5695fd0 JavaThread "Sweeper thread" daemon [_thread_blocked, id=3944, stack(0x0000002826f00000,0x0000002827000000)]
  0x00000186c565c5b0 JavaThread "Common-Cleaner" daemon [_thread_blocked, id=27952, stack(0x0000002827000000,0x0000002827100000)]
  0x00000186c594b250 JavaThread "Notification Thread" daemon [_thread_blocked, id=13884, stack(0x0000002827100000,0x0000002827200000)]
  0x00000186e5ef25b0 JavaThread "Daemon health stats" [_thread_blocked, id=22676, stack(0x0000002827700000,0x0000002827800000)]
  0x00000186c5ac2a50 JavaThread "Incoming local TCP Connector on port 57028" [_thread_in_native, id=6152, stack(0x0000002827800000,0x0000002827900000)]
  0x00000186c5abd430 JavaThread "Daemon periodic checks" [_thread_blocked, id=19628, stack(0x0000002827900000,0x0000002827a00000)]
  0x00000186e5abc390 JavaThread "Daemon" [_thread_blocked, id=18140, stack(0x0000002827a00000,0x0000002827b00000)]
  0x00000186e5867100 JavaThread "Handler for socket connection from /127.0.0.1:57028 to /127.0.0.1:57030" [_thread_in_native, id=10104, stack(0x0000002827b00000,0x0000002827c00000)]
  0x00000186e57af6b0 JavaThread "Cancel handler" [_thread_blocked, id=27668, stack(0x0000002827c00000,0x0000002827d00000)]
  0x00000186e57ad340 JavaThread "Daemon worker" [_thread_in_native, id=23236, stack(0x0000002827d00000,0x0000002827e00000)]
  0x00000186e57ae270 JavaThread "Asynchronous log dispatcher for DefaultDaemonConnection: socket connection from /127.0.0.1:57028 to /127.0.0.1:57030" [_thread_blocked, id=9660, stack(0x0000002827e00000,0x0000002827f00000)]
  0x00000186e57ace30 JavaThread "Stdin handler" [_thread_blocked, id=15816, stack(0x0000002827f00000,0x0000002828000000)]
  0x00000186e57aec90 JavaThread "Daemon client event forwarder" [_thread_blocked, id=21684, stack(0x0000002828000000,0x0000002828100000)]
  0x00000186e57abf00 JavaThread "Cache worker for journal cache (C:\Users\kbhar\.gradle\caches\journal-1)" [_thread_blocked, id=19884, stack(0x0000002828100000,0x0000002828200000)]
  0x00000186e57ae780 JavaThread "File lock request listener" [_thread_in_native, id=4724, stack(0x0000002828200000,0x0000002828300000)]
  0x00000186e57af1a0 JavaThread "Cache worker for file hash cache (C:\Users\kbhar\.gradle\caches\8.14.1\fileHashes)" [_thread_blocked, id=21912, stack(0x0000002828300000,0x0000002828400000)]
  0x00000186e57ac920 JavaThread "Cache worker for file hash cache (C:\Users\kbhar\newone\MiniTwitterApp\android\.gradle\8.14.1\fileHashes)" [_thread_blocked, id=7508, stack(0x0000002828900000,0x0000002828a00000)]
  0x00000186e57add60 JavaThread "Cache worker for Build Output Cleanup Cache (C:\Users\kbhar\newone\MiniTwitterApp\android\.gradle\buildOutputCleanup)" [_thread_blocked, id=22236, stack(0x0000002828a00000,0x0000002828b00000)]
  0x00000186e75d80a0 JavaThread "File watcher server" daemon [_thread_in_native, id=12180, stack(0x0000002828d00000,0x0000002828e00000)]
  0x00000186e75d99f0 JavaThread "File watcher consumer" daemon [_thread_blocked, id=11172, stack(0x0000002828e00000,0x0000002828f00000)]
  0x00000186e75d9f00 JavaThread "jar transforms" [_thread_blocked, id=23032, stack(0x0000002828f00000,0x0000002829000000)]
  0x00000186e75d85b0 JavaThread "jar transforms Thread 2" [_thread_blocked, id=19300, stack(0x0000002829000000,0x0000002829100000)]
  0x00000186e75d8fd0 JavaThread "jar transforms Thread 3" [_thread_blocked, id=9288, stack(0x0000002829100000,0x0000002829200000)]
  0x00000186e75d7170 JavaThread "jar transforms Thread 4" [_thread_blocked, id=24840, stack(0x0000002829200000,0x0000002829300000)]
  0x00000186e75d8ac0 JavaThread "jar transforms Thread 5" [_thread_blocked, id=8300, stack(0x0000002829300000,0x0000002829400000)]
  0x00000186e75da920 JavaThread "Cache worker for checksums cache (C:\Users\kbhar\newone\MiniTwitterApp\android\.gradle\8.14.1\checksums)" [_thread_blocked, id=8928, stack(0x0000002829400000,0x0000002829500000)]
  0x00000186e75dae30 JavaThread "Cache worker for file content cache (C:\Users\kbhar\.gradle\caches\8.14.1\fileContent)" [_thread_blocked, id=20332, stack(0x0000002829500000,0x0000002829600000)]
  0x00000186e75dd1a0 JavaThread "jar transforms Thread 6" [_thread_blocked, id=23152, stack(0x0000002829600000,0x0000002829700000)]
  0x00000186e75dd6b0 JavaThread "jar transforms Thread 7" [_thread_blocked, id=14692, stack(0x0000002829700000,0x0000002829800000)]
  0x00000186e75de5e0 JavaThread "jar transforms Thread 8" [_thread_blocked, id=23488, stack(0x0000002829800000,0x0000002829900000)]
  0x00000186e75dbd60 JavaThread "jar transforms Thread 9" [_thread_blocked, id=23088, stack(0x0000002829900000,0x0000002829a00000)]
  0x00000186e75ddbc0 JavaThread "jar transforms Thread 10" [_thread_blocked, id=21672, stack(0x0000002829a00000,0x0000002829b00000)]
  0x00000186e75de0d0 JavaThread "Cache worker for cache directory md-supplier (C:\Users\kbhar\.gradle\caches\8.14.1\md-supplier)" [_thread_blocked, id=23828, stack(0x0000002829d00000,0x0000002829e00000)]
  0x00000186e75dc270 JavaThread "Cache worker for cache directory md-rule (C:\Users\kbhar\.gradle\caches\8.14.1\md-rule)" [_thread_blocked, id=18412, stack(0x0000002829e00000,0x0000002829f00000)]
  0x00000186e75dc780 JavaThread "Cache worker for Build Output Cleanup Cache (C:\Users\kbhar\newone\MiniTwitterApp\node_modules\@react-native\gradle-plugin\.gradle\buildOutputCleanup)" [_thread_blocked, id=14476, stack(0x0000002829f00000,0x000000282a000000)]

Other Threads:
  0x00000186c566cc90 VMThread "VM Thread" [stack: 0x0000002826600000,0x0000002826700000] [id=10392]
  0x00000186a52ecaf0 WatcherThread [stack: 0x0000002827200000,0x0000002827300000] [id=14152]
  0x00000186a4e1e7a0 GCTaskThread "GC Thread#0" [stack: 0x0000002826100000,0x0000002826200000] [id=10172]
  0x00000186c5bccfb0 GCTaskThread "GC Thread#1" [stack: 0x0000002827300000,0x0000002827400000] [id=16292]
  0x00000186c5a4b0a0 GCTaskThread "GC Thread#2" [stack: 0x0000002827400000,0x0000002827500000] [id=12984]
  0x00000186e58d7870 GCTaskThread "GC Thread#3" [stack: 0x0000002827500000,0x0000002827600000] [id=9808]
  0x00000186c5bbf8e0 GCTaskThread "GC Thread#4" [stack: 0x0000002827600000,0x0000002827700000] [id=4252]
  0x00000186c58b1d20 GCTaskThread "GC Thread#5" [stack: 0x0000002828400000,0x0000002828500000] [id=4196]
  0x00000186e5817d50 GCTaskThread "GC Thread#6" [stack: 0x0000002828500000,0x0000002828600000] [id=21004]
  0x00000186e66b4cf0 GCTaskThread "GC Thread#7" [stack: 0x0000002828600000,0x0000002828700000] [id=26948]
  0x00000186e70c97f0 GCTaskThread "GC Thread#8" [stack: 0x0000002828700000,0x0000002828800000] [id=21840]
  0x00000186e70c9ab0 GCTaskThread "GC Thread#9" [stack: 0x0000002828800000,0x0000002828900000] [id=9484]
  0x00000186a52e3e80 ConcurrentGCThread "G1 Main Marker" [stack: 0x0000002826200000,0x0000002826300000] [id=26440]
  0x00000186a52e47a0 ConcurrentGCThread "G1 Conc#0" [stack: 0x0000002826300000,0x0000002826400000] [id=22096]
  0x00000186e5918fd0 ConcurrentGCThread "G1 Conc#1" [stack: 0x0000002828b00000,0x0000002828c00000] [id=27728]
  0x00000186e5919290 ConcurrentGCThread "G1 Conc#2" [stack: 0x0000002828c00000,0x0000002828d00000] [id=25008]
  0x00000186a533e770 ConcurrentGCThread "G1 Refine#0" [stack: 0x0000002826400000,0x0000002826500000] [id=21800]
  0x00000186c552a160 ConcurrentGCThread "G1 Service" [stack: 0x0000002826500000,0x0000002826600000] [id=5860]

Threads with active compile tasks:
C2 CompilerThread0    60857 4755       4       org.gradle.internal.service.DefaultServiceRegistry$ClassInspector::getDetailsForClass (50 bytes)

VM state: not at safepoint (normal execution)

VM Mutex/Monitor currently owned by a thread: None

Heap address: 0x0000000080000000, size: 2048 MB, Compressed Oops mode: 32-bit

CDS archive(s) mapped at: [0x00000186c6000000-0x00000186c6bd0000-0x00000186c6bd0000), size 12386304, SharedBaseAddress: 0x00000186c6000000, ArchiveRelocationMode: 1.
Compressed class space mapped at: 0x00000186c7000000-0x00000186e1000000, reserved size: 436207616
Narrow klass base: 0x00000186c6000000, Narrow klass shift: 0, Narrow klass range: 0x100000000

GC Precious Log:
 CPUs: 12 total, 12 available
 Memory: 7520M
 Large Page Support: Disabled
 NUMA Support: Disabled
 Compressed Oops: Enabled (32-bit)
 Heap Region Size: 1M
 Heap Min Capacity: 8M
 Heap Initial Capacity: 118M
 Heap Max Capacity: 2G
 Pre-touch: Disabled
 Parallel Workers: 10
 Concurrent Workers: 3
 Concurrent Refinement Workers: 10
 Periodic GC: Disabled

Heap:
 garbage-first heap   total 107520K, used 37939K [0x0000000080000000, 0x0000000100000000)
  region size 1024K, 7 young (7168K), 6 survivors (6144K)
 Metaspace       used 40307K, committed 40896K, reserved 491520K
  class space    used 5609K, committed 5888K, reserved 425984K

Heap Regions: E=young(eden), S=young(survivor), O=old, HS=humongous(starts), HC=humongous(continues), CS=collection set, F=free, OA=open archive, CA=closed archive, TAMS=top-at-mark-start (previous, next)
|   0|0x0000000080000000, 0x0000000080100000, 0x0000000080100000|100%|HS|  |TAMS 0x0000000080100000, 0x0000000080000000| Complete 
|   1|0x0000000080100000, 0x0000000080200000, 0x0000000080200000|100%|HC|  |TAMS 0x0000000080200000, 0x0000000080100000| Complete 
|   2|0x0000000080200000, 0x0000000080300000, 0x0000000080300000|100%|HC|  |TAMS 0x0000000080300000, 0x0000000080200000| Complete 
|   3|0x0000000080300000, 0x0000000080400000, 0x0000000080400000|100%| O|  |TAMS 0x0000000080400000, 0x0000000080300000| Untracked 
|   4|0x0000000080400000, 0x0000000080500000, 0x0000000080500000|100%| O|  |TAMS 0x0000000080500000, 0x0000000080400000| Untracked 
|   5|0x0000000080500000, 0x0000000080600000, 0x0000000080600000|100%| O|  |TAMS 0x0000000080600000, 0x0000000080500000| Untracked 
|   6|0x0000000080600000, 0x0000000080700000, 0x0000000080700000|100%|HS|  |TAMS 0x0000000080700000, 0x0000000080600000| Complete 
|   7|0x0000000080700000, 0x0000000080800000, 0x0000000080800000|100%| O|  |TAMS 0x0000000080800000, 0x0000000080700000| Untracked 
|   8|0x0000000080800000, 0x0000000080900000, 0x0000000080900000|100%| O|  |TAMS 0x0000000080900000, 0x0000000080800000| Untracked 
|   9|0x0000000080900000, 0x0000000080a00000, 0x0000000080a00000|100%| O|  |TAMS 0x0000000080a00000, 0x0000000080900000| Untracked 
|  10|0x0000000080a00000, 0x0000000080b00000, 0x0000000080b00000|100%| O|  |TAMS 0x0000000080b00000, 0x0000000080a00000| Untracked 
|  11|0x0000000080b00000, 0x0000000080c00000, 0x0000000080c00000|100%| O|  |TAMS 0x0000000080c00000, 0x0000000080b00000| Untracked 
|  12|0x0000000080c00000, 0x0000000080cffff8, 0x0000000080d00000| 99%| O|  |TAMS 0x0000000080cffff8, 0x0000000080c00000| Untracked 
|  13|0x0000000080d00000, 0x0000000080e00000, 0x0000000080e00000|100%| O|  |TAMS 0x0000000080e00000, 0x0000000080d00000| Untracked 
|  14|0x0000000080e00000, 0x0000000080f00000, 0x0000000080f00000|100%| O|  |TAMS 0x0000000080f00000, 0x0000000080e00000| Untracked 
|  15|0x0000000080f00000, 0x0000000081000000, 0x0000000081000000|100%| O|  |TAMS 0x0000000081000000, 0x0000000080f00000| Untracked 
|  16|0x0000000081000000, 0x0000000081100000, 0x0000000081100000|100%| O|  |TAMS 0x0000000081100000, 0x0000000081000000| Untracked 
|  17|0x0000000081100000, 0x0000000081200000, 0x0000000081200000|100%| O|  |TAMS 0x0000000081200000, 0x0000000081100000| Untracked 
|  18|0x0000000081200000, 0x0000000081300000, 0x0000000081300000|100%| O|  |TAMS 0x0000000081300000, 0x0000000081200000| Untracked 
|  19|0x0000000081300000, 0x0000000081400000, 0x0000000081400000|100%| O|  |TAMS 0x0000000081400000, 0x0000000081300000| Untracked 
|  20|0x0000000081400000, 0x0000000081497a00, 0x0000000081500000| 59%| O|  |TAMS 0x0000000081497a00, 0x0000000081400000| Untracked 
|  21|0x0000000081500000, 0x0000000081600000, 0x0000000081600000|100%| O|  |TAMS 0x0000000081600000, 0x0000000081500000| Untracked 
|  22|0x0000000081600000, 0x0000000081700000, 0x0000000081700000|100%| O|  |TAMS 0x0000000081700000, 0x0000000081600000| Untracked 
|  23|0x0000000081700000, 0x0000000081800000, 0x0000000081800000|100%| O|  |TAMS 0x0000000081800000, 0x0000000081700000| Untracked 
|  24|0x0000000081800000, 0x0000000081900000, 0x0000000081900000|100%| O|  |TAMS 0x0000000081876200, 0x0000000081800000| Untracked 
|  25|0x0000000081900000, 0x0000000081900000, 0x0000000081a00000|  0%| F|  |TAMS 0x0000000081900000, 0x0000000081900000| Untracked 
|  26|0x0000000081a00000, 0x0000000081a00000, 0x0000000081b00000|  0%| F|  |TAMS 0x0000000081a00000, 0x0000000081a00000| Untracked 
|  27|0x0000000081b00000, 0x0000000081b00000, 0x0000000081c00000|  0%| F|  |TAMS 0x0000000081b00000, 0x0000000081b00000| Untracked 
|  28|0x0000000081c00000, 0x0000000081c00000, 0x0000000081d00000|  0%| F|  |TAMS 0x0000000081c00000, 0x0000000081c00000| Untracked 
|  29|0x0000000081d00000, 0x0000000081d00000, 0x0000000081e00000|  0%| F|  |TAMS 0x0000000081d00000, 0x0000000081d00000| Untracked 
|  30|0x0000000081e00000, 0x0000000081f00000, 0x0000000081f00000|100%| O|  |TAMS 0x0000000081e00000, 0x0000000081e00000| Untracked 
|  31|0x0000000081f00000, 0x0000000082000000, 0x0000000082000000|100%| O|  |TAMS 0x0000000081f00000, 0x0000000081f00000| Untracked 
|  32|0x0000000082000000, 0x0000000082100000, 0x0000000082100000|100%| O|  |TAMS 0x0000000082000000, 0x0000000082000000| Untracked 
|  33|0x0000000082100000, 0x0000000082200000, 0x0000000082200000|100%| O|  |TAMS 0x0000000082100000, 0x0000000082100000| Untracked 
|  34|0x0000000082200000, 0x0000000082300000, 0x0000000082300000|100%| O|  |TAMS 0x0000000082200000, 0x0000000082200000| Untracked 
|  35|0x0000000082300000, 0x0000000082400000, 0x0000000082400000|100%| O|  |TAMS 0x0000000082300000, 0x0000000082300000| Untracked 
|  36|0x0000000082400000, 0x0000000082500000, 0x0000000082500000|100%| O|  |TAMS 0x0000000082400000, 0x0000000082400000| Untracked 
|  37|0x0000000082500000, 0x0000000082553200, 0x0000000082600000| 32%| O|  |TAMS 0x0000000082500000, 0x0000000082500000| Untracked 
|  38|0x0000000082600000, 0x0000000082600000, 0x0000000082700000|  0%| F|  |TAMS 0x0000000082600000, 0x0000000082600000| Untracked 
|  39|0x0000000082700000, 0x0000000082700000, 0x0000000082800000|  0%| F|  |TAMS 0x0000000082700000, 0x0000000082700000| Untracked 
|  40|0x0000000082800000, 0x0000000082800000, 0x0000000082900000|  0%| F|  |TAMS 0x0000000082800000, 0x0000000082800000| Untracked 
|  41|0x0000000082900000, 0x0000000082900000, 0x0000000082a00000|  0%| F|  |TAMS 0x0000000082900000, 0x0000000082900000| Untracked 
|  42|0x0000000082a00000, 0x0000000082a00000, 0x0000000082b00000|  0%| F|  |TAMS 0x0000000082a00000, 0x0000000082a00000| Untracked 
|  43|0x0000000082b00000, 0x0000000082b00000, 0x0000000082c00000|  0%| F|  |TAMS 0x0000000082b00000, 0x0000000082b00000| Untracked 
|  44|0x0000000082c00000, 0x0000000082c00000, 0x0000000082d00000|  0%| F|  |TAMS 0x0000000082c00000, 0x0000000082c00000| Untracked 
|  45|0x0000000082d00000, 0x0000000082d00000, 0x0000000082e00000|  0%| F|  |TAMS 0x0000000082d00000, 0x0000000082d00000| Untracked 
|  46|0x0000000082e00000, 0x0000000082e00000, 0x0000000082f00000|  0%| F|  |TAMS 0x0000000082e00000, 0x0000000082e00000| Untracked 
|  47|0x0000000082f00000, 0x0000000082f00000, 0x0000000083000000|  0%| F|  |TAMS 0x0000000082f00000, 0x0000000082f00000| Untracked 
|  48|0x0000000083000000, 0x0000000083000000, 0x0000000083100000|  0%| F|  |TAMS 0x0000000083000000, 0x0000000083000000| Untracked 
|  49|0x0000000083100000, 0x0000000083100000, 0x0000000083200000|  0%| F|  |TAMS 0x0000000083100000, 0x0000000083100000| Untracked 
|  50|0x0000000083200000, 0x0000000083222060, 0x0000000083300000| 13%| S|CS|TAMS 0x0000000083200000, 0x0000000083200000| Complete 
|  51|0x0000000083300000, 0x0000000083400000, 0x0000000083400000|100%| S|CS|TAMS 0x0000000083300000, 0x0000000083300000| Complete 
|  52|0x0000000083400000, 0x0000000083500000, 0x0000000083500000|100%| S|CS|TAMS 0x0000000083400000, 0x0000000083400000| Complete 
|  53|0x0000000083500000, 0x0000000083600000, 0x0000000083600000|100%| S|CS|TAMS 0x0000000083500000, 0x0000000083500000| Complete 
|  54|0x0000000083600000, 0x0000000083700000, 0x0000000083700000|100%| S|CS|TAMS 0x0000000083600000, 0x0000000083600000| Complete 
|  55|0x0000000083700000, 0x0000000083800000, 0x0000000083800000|100%| S|CS|TAMS 0x0000000083700000, 0x0000000083700000| Complete 
|  56|0x0000000083800000, 0x0000000083800000, 0x0000000083900000|  0%| F|  |TAMS 0x0000000083800000, 0x0000000083800000| Untracked 
|  57|0x0000000083900000, 0x0000000083900000, 0x0000000083a00000|  0%| F|  |TAMS 0x0000000083900000, 0x0000000083900000| Untracked 
|  58|0x0000000083a00000, 0x0000000083a00000, 0x0000000083b00000|  0%| F|  |TAMS 0x0000000083a00000, 0x0000000083a00000| Untracked 
|  59|0x0000000083b00000, 0x0000000083b00000, 0x0000000083c00000|  0%| F|  |TAMS 0x0000000083b00000, 0x0000000083b00000| Untracked 
|  60|0x0000000083c00000, 0x0000000083c00000, 0x0000000083d00000|  0%| F|  |TAMS 0x0000000083c00000, 0x0000000083c00000| Untracked 
|  61|0x0000000083d00000, 0x0000000083d00000, 0x0000000083e00000|  0%| F|  |TAMS 0x0000000083d00000, 0x0000000083d00000| Untracked 
|  62|0x0000000083e00000, 0x0000000083e00000, 0x0000000083f00000|  0%| F|  |TAMS 0x0000000083e00000, 0x0000000083e00000| Untracked 
|  63|0x0000000083f00000, 0x0000000083f00000, 0x0000000084000000|  0%| F|  |TAMS 0x0000000083f00000, 0x0000000083f00000| Untracked 
|  64|0x0000000084000000, 0x0000000084000000, 0x0000000084100000|  0%| F|  |TAMS 0x0000000084000000, 0x0000000084000000| Untracked 
|  65|0x0000000084100000, 0x0000000084100000, 0x0000000084200000|  0%| F|  |TAMS 0x0000000084100000, 0x0000000084100000| Untracked 
|  66|0x0000000084200000, 0x0000000084200000, 0x0000000084300000|  0%| F|  |TAMS 0x0000000084200000, 0x0000000084200000| Untracked 
|  67|0x0000000084300000, 0x0000000084300000, 0x0000000084400000|  0%| F|  |TAMS 0x0000000084300000, 0x0000000084300000| Untracked 
|  68|0x0000000084400000, 0x0000000084400000, 0x0000000084500000|  0%| F|  |TAMS 0x0000000084400000, 0x0000000084400000| Untracked 
|  69|0x0000000084500000, 0x0000000084500000, 0x0000000084600000|  0%| F|  |TAMS 0x0000000084500000, 0x0000000084500000| Untracked 
|  70|0x0000000084600000, 0x0000000084600000, 0x0000000084700000|  0%| F|  |TAMS 0x0000000084600000, 0x0000000084600000| Untracked 
|  71|0x0000000084700000, 0x0000000084700000, 0x0000000084800000|  0%| F|  |TAMS 0x0000000084700000, 0x0000000084700000| Untracked 
|  72|0x0000000084800000, 0x0000000084800000, 0x0000000084900000|  0%| F|  |TAMS 0x0000000084800000, 0x0000000084800000| Untracked 
|  73|0x0000000084900000, 0x0000000084900000, 0x0000000084a00000|  0%| F|  |TAMS 0x0000000084900000, 0x0000000084900000| Untracked 
|  74|0x0000000084a00000, 0x0000000084a00000, 0x0000000084b00000|  0%| F|  |TAMS 0x0000000084a00000, 0x0000000084a00000| Untracked 
|  75|0x0000000084b00000, 0x0000000084b00000, 0x0000000084c00000|  0%| F|  |TAMS 0x0000000084b00000, 0x0000000084b00000| Untracked 
|  76|0x0000000084c00000, 0x0000000084c00000, 0x0000000084d00000|  0%| F|  |TAMS 0x0000000084c00000, 0x0000000084c00000| Untracked 
|  77|0x0000000084d00000, 0x0000000084d00000, 0x0000000084e00000|  0%| F|  |TAMS 0x0000000084d00000, 0x0000000084d00000| Untracked 
|  78|0x0000000084e00000, 0x0000000084e00000, 0x0000000084f00000|  0%| F|  |TAMS 0x0000000084e00000, 0x0000000084e00000| Untracked 
|  79|0x0000000084f00000, 0x0000000084f00000, 0x0000000085000000|  0%| F|  |TAMS 0x0000000084f00000, 0x0000000084f00000| Untracked 
|  80|0x0000000085000000, 0x0000000085000000, 0x0000000085100000|  0%| F|  |TAMS 0x0000000085000000, 0x0000000085000000| Untracked 
|  81|0x0000000085100000, 0x0000000085100000, 0x0000000085200000|  0%| F|  |TAMS 0x0000000085100000, 0x0000000085100000| Untracked 
|  82|0x0000000085200000, 0x0000000085200000, 0x0000000085300000|  0%| F|  |TAMS 0x0000000085200000, 0x0000000085200000| Untracked 
|  83|0x0000000085300000, 0x0000000085300000, 0x0000000085400000|  0%| F|  |TAMS 0x0000000085300000, 0x0000000085300000| Untracked 
|  84|0x0000000085400000, 0x0000000085400000, 0x0000000085500000|  0%| F|  |TAMS 0x0000000085400000, 0x0000000085400000| Untracked 
|  85|0x0000000085500000, 0x0000000085500000, 0x0000000085600000|  0%| F|  |TAMS 0x0000000085500000, 0x0000000085500000| Untracked 
|  86|0x0000000085600000, 0x0000000085600000, 0x0000000085700000|  0%| F|  |TAMS 0x0000000085600000, 0x0000000085600000| Untracked 
|  87|0x0000000085700000, 0x0000000085700000, 0x0000000085800000|  0%| F|  |TAMS 0x0000000085700000, 0x0000000085700000| Untracked 
|  88|0x0000000085800000, 0x0000000085800000, 0x0000000085900000|  0%| F|  |TAMS 0x0000000085800000, 0x0000000085800000| Untracked 
|  89|0x0000000085900000, 0x0000000085900000, 0x0000000085a00000|  0%| F|  |TAMS 0x0000000085900000, 0x0000000085900000| Untracked 
|  90|0x0000000085a00000, 0x0000000085a00000, 0x0000000085b00000|  0%| F|  |TAMS 0x0000000085a00000, 0x0000000085a00000| Untracked 
|  91|0x0000000085b00000, 0x0000000085b00000, 0x0000000085c00000|  0%| F|  |TAMS 0x0000000085b00000, 0x0000000085b00000| Untracked 
|  92|0x0000000085c00000, 0x0000000085c00000, 0x0000000085d00000|  0%| F|  |TAMS 0x0000000085c00000, 0x0000000085c00000| Untracked 
|  93|0x0000000085d00000, 0x0000000085d00000, 0x0000000085e00000|  0%| F|  |TAMS 0x0000000085d00000, 0x0000000085d00000| Untracked 
|  94|0x0000000085e00000, 0x0000000085e00000, 0x0000000085f00000|  0%| F|  |TAMS 0x0000000085e00000, 0x0000000085e00000| Untracked 
|  95|0x0000000085f00000, 0x0000000085f00000, 0x0000000086000000|  0%| F|  |TAMS 0x0000000085f00000, 0x0000000085f00000| Untracked 
|  96|0x0000000086000000, 0x0000000086000000, 0x0000000086100000|  0%| F|  |TAMS 0x0000000086000000, 0x0000000086000000| Untracked 
|  97|0x0000000086100000, 0x0000000086100000, 0x0000000086200000|  0%| F|  |TAMS 0x0000000086100000, 0x0000000086100000| Untracked 
|  98|0x0000000086200000, 0x0000000086200000, 0x0000000086300000|  0%| F|  |TAMS 0x0000000086200000, 0x0000000086200000| Untracked 
|  99|0x0000000086300000, 0x0000000086300000, 0x0000000086400000|  0%| F|  |TAMS 0x0000000086300000, 0x0000000086300000| Untracked 
| 100|0x0000000086400000, 0x0000000086400000, 0x0000000086500000|  0%| F|  |TAMS 0x0000000086400000, 0x0000000086400000| Untracked 
| 101|0x0000000086500000, 0x0000000086500000, 0x0000000086600000|  0%| F|  |TAMS 0x0000000086500000, 0x0000000086500000| Untracked 
| 102|0x0000000086600000, 0x0000000086600000, 0x0000000086700000|  0%| F|  |TAMS 0x0000000086600000, 0x0000000086600000| Untracked 
| 103|0x0000000086700000, 0x000000008671fcd8, 0x0000000086800000| 12%| E|  |TAMS 0x0000000086700000, 0x0000000086700000| Complete 
| 117|0x0000000087500000, 0x0000000087600000, 0x0000000087600000|100%| E|CS|TAMS 0x0000000087500000, 0x0000000087500000| Complete 

Card table byte_map: [0x00000186be1a0000,0x00000186be5a0000] _byte_map_base: 0x00000186bdda0000

Marking Bits (Prev, Next): (CMBitMap*) 0x00000186a52d2ac0, (CMBitMap*) 0x00000186a52d2b00
 Prev Bits: [0x00000186be9a0000, 0x00000186c09a0000)
 Next Bits: [0x00000186c09a0000, 0x00000186c29a0000)

Polling page: 0x00000186ae0e0000

Metaspace:

Usage:
  Non-class:     33.90 MB used.
      Class:      5.48 MB used.
       Both:     39.38 MB used.

Virtual space:
  Non-class space:       64.00 MB reserved,      34.19 MB ( 53%) committed,  1 nodes.
      Class space:      416.00 MB reserved,       5.75 MB (  1%) committed,  1 nodes.
             Both:      480.00 MB reserved,      39.94 MB (  8%) committed. 

Chunk freelists:
   Non-Class:  13.38 MB
       Class:  10.20 MB
        Both:  23.58 MB

MaxMetaspaceSize: 512.00 MB
CompressedClassSpaceSize: 416.00 MB
Initial GC threshold: 21.00 MB
Current GC threshold: 58.69 MB
CDS: on
MetaspaceReclaimPolicy: balanced
 - commit_granule_bytes: 65536.
 - commit_granule_words: 8192.
 - virtual_space_node_default_size: 8388608.
 - enlarge_chunks_in_place: 1.
 - new_chunks_are_fully_committed: 0.
 - uncommit_free_chunks: 1.
 - use_allocation_guard: 0.
 - handle_deallocations: 1.


Internal statistics:

num_allocs_failed_limit: 6.
num_arena_births: 648.
num_arena_deaths: 0.
num_vsnodes_births: 2.
num_vsnodes_deaths: 0.
num_space_committed: 640.
num_space_uncommitted: 0.
num_chunks_returned_to_freelist: 6.
num_chunks_taken_from_freelist: 2220.
num_chunk_merges: 6.
num_chunk_splits: 1436.
num_chunks_enlarged: 942.
num_inconsistent_stats: 0.

CodeHeap 'non-profiled nmethods': size=120000Kb used=1977Kb max_used=2881Kb free=118022Kb
 bounds [0x00000186b5bd0000, 0x00000186b5eb0000, 0x00000186bd100000]
CodeHeap 'profiled nmethods': size=120000Kb used=7947Kb max_used=9830Kb free=112052Kb
 bounds [0x00000186ae100000, 0x00000186aeaa0000, 0x00000186b5630000]
CodeHeap 'non-nmethods': size=5760Kb used=2303Kb max_used=2352Kb free=3456Kb
 bounds [0x00000186b5630000, 0x00000186b58a0000, 0x00000186b5bd0000]
 total_blobs=4849 nmethods=4035 adapters=726
 compilation: enabled
              stopped_count=0, restarted_count=0
 full_count=0

Compilation events (20 events):
Event: 58.653 Thread 0x00000186c5691b30 4789       3       org.gradle.internal.service.DefaultServiceRegistry$ConstructorService::<init> (10 bytes)
Event: 58.653 Thread 0x00000186c5691b30 nmethod 4789 0x00000186ae1a9110 code [0x00000186ae1a92a0, 0x00000186ae1a93e8]
Event: 58.653 Thread 0x00000186c5691b30 4791       3       org.gradle.internal.instantiation.generator.DependencyInjectingInstantiator::newInstance (8 bytes)
Event: 58.653 Thread 0x00000186c5691b30 nmethod 4791 0x00000186ae164a10 code [0x00000186ae164bc0, 0x00000186ae164d08]
Event: 58.653 Thread 0x00000186c5691b30 4790       3       org.gradle.internal.service.DefaultServiceRegistry::get (10 bytes)
Event: 58.653 Thread 0x00000186c5691b30 nmethod 4790 0x00000186ae122a10 code [0x00000186ae122be0, 0x00000186ae122fc8]
Event: 58.657 Thread 0x00000186c5691b30 4792       3       java.io.ObjectStreamClass::getSuperDesc (9 bytes)
Event: 58.658 Thread 0x00000186c5691b30 nmethod 4792 0x00000186ae123a90 code [0x00000186ae123c40, 0x00000186ae123ec8]
Event: 58.658 Thread 0x00000186c5691b30 4793       3       java.io.ObjectStreamClass::getSerialVersionUID (42 bytes)
Event: 58.658 Thread 0x00000186c5691b30 nmethod 4793 0x00000186ae19b710 code [0x00000186ae19b940, 0x00000186ae19c028]
Event: 58.658 Thread 0x00000186c5691b30 4794   !   3       java.io.ObjectOutputStream::writeObject0 (620 bytes)
Event: 58.662 Thread 0x00000186c5691b30 nmethod 4794 0x00000186ae187610 code [0x00000186ae187ca0, 0x00000186ae18b638]
Event: 58.662 Thread 0x00000186c5691b30 4795       3       java.io.ObjectOutputStream$ReplaceTable::lookup (24 bytes)
Event: 58.663 Thread 0x00000186c5691b30 nmethod 4795 0x00000186ae2a6190 code [0x00000186ae2a6340, 0x00000186ae2a6548]
Event: 58.663 Thread 0x00000186c5691b30 4796       1       org.gradle.internal.operations.BuildOperationDescriptor::getParentId (5 bytes)
Event: 58.663 Thread 0x00000186c5691b30 nmethod 4796 0x00000186b5c10910 code [0x00000186b5c10aa0, 0x00000186b5c10b78]
Event: 58.663 Thread 0x00000186c5691b30 4797       3       java.lang.reflect.Constructor::getGenericParameterTypes (5 bytes)
Event: 58.665 Thread 0x00000186c5691b30 nmethod 4797 0x00000186ae14d090 code [0x00000186ae14d320, 0x00000186ae14e318]
Event: 59.973 Thread 0x00000186c5691b30 4799       3       java.io.File::getName (42 bytes)
Event: 59.974 Thread 0x00000186c5691b30 nmethod 4799 0x00000186ae499d10 code [0x00000186ae499f60, 0x00000186ae49a798]

GC Heap History (18 events):
Event: 3.823 GC heap before
{Heap before GC invocations=0 (full 0):
 garbage-first heap   total 120832K, used 23552K [0x0000000080000000, 0x0000000100000000)
  region size 1024K, 23 young (23552K), 0 survivors (0K)
 Metaspace       used 1041K, committed 1152K, reserved 491520K
  class space    used 73K, committed 128K, reserved 425984K
}
Event: 3.934 GC heap after
{Heap after GC invocations=1 (full 0):
 garbage-first heap   total 120832K, used 1984K [0x0000000080000000, 0x0000000100000000)
  region size 1024K, 2 young (2048K), 2 survivors (2048K)
 Metaspace       used 1041K, committed 1152K, reserved 491520K
  class space    used 73K, committed 128K, reserved 425984K
}
Event: 10.489 GC heap before
{Heap before GC invocations=1 (full 0):
 garbage-first heap   total 120832K, used 35776K [0x0000000080000000, 0x0000000100000000)
  region size 1024K, 33 young (33792K), 2 survivors (2048K)
 Metaspace       used 4362K, committed 4544K, reserved 491520K
  class space    used 547K, committed 640K, reserved 425984K
}
Event: 10.541 GC heap after
{Heap after GC invocations=2 (full 0):
 garbage-first heap   total 120832K, used 11097K [0x0000000080000000, 0x0000000100000000)
  region size 1024K, 5 young (5120K), 5 survivors (5120K)
 Metaspace       used 4362K, committed 4544K, reserved 491520K
  class space    used 547K, committed 640K, reserved 425984K
}
Event: 15.738 GC heap before
{Heap before GC invocations=2 (full 0):
 garbage-first heap   total 120832K, used 50009K [0x0000000080000000, 0x0000000100000000)
  region size 1024K, 42 young (43008K), 5 survivors (5120K)
 Metaspace       used 4447K, committed 4608K, reserved 491520K
  class space    used 548K, committed 640K, reserved 425984K
}
Event: 15.959 GC heap after
{Heap after GC invocations=3 (full 0):
 garbage-first heap   total 120832K, used 14168K [0x0000000080000000, 0x0000000100000000)
  region size 1024K, 2 young (2048K), 2 survivors (2048K)
 Metaspace       used 4447K, committed 4608K, reserved 491520K
  class space    used 548K, committed 640K, reserved 425984K
}
Event: 39.435 GC heap before
{Heap before GC invocations=3 (full 0):
 garbage-first heap   total 120832K, used 84824K [0x0000000080000000, 0x0000000100000000)
  region size 1024K, 70 young (71680K), 2 survivors (2048K)
 Metaspace       used 15147K, committed 15424K, reserved 491520K
  class space    used 2075K, committed 2240K, reserved 425984K
}
Event: 39.907 GC heap after
{Heap after GC invocations=4 (full 0):
 garbage-first heap   total 120832K, used 21281K [0x0000000080000000, 0x0000000100000000)
  region size 1024K, 9 young (9216K), 9 survivors (9216K)
 Metaspace       used 15147K, committed 15424K, reserved 491520K
  class space    used 2075K, committed 2240K, reserved 425984K
}
Event: 45.887 GC heap before
{Heap before GC invocations=4 (full 0):
 garbage-first heap   total 120832K, used 46881K [0x0000000080000000, 0x0000000100000000)
  region size 1024K, 34 young (34816K), 9 survivors (9216K)
 Metaspace       used 18419K, committed 18752K, reserved 491520K
  class space    used 2648K, committed 2816K, reserved 425984K
}
Event: 45.894 GC heap after
{Heap after GC invocations=5 (full 0):
 garbage-first heap   total 120832K, used 22926K [0x0000000080000000, 0x0000000100000000)
  region size 1024K, 2 young (2048K), 2 survivors (2048K)
 Metaspace       used 18419K, committed 18752K, reserved 491520K
  class space    used 2648K, committed 2816K, reserved 425984K
}
Event: 48.820 GC heap before
{Heap before GC invocations=5 (full 0):
 garbage-first heap   total 120832K, used 47502K [0x0000000080000000, 0x0000000100000000)
  region size 1024K, 27 young (27648K), 2 survivors (2048K)
 Metaspace       used 21171K, committed 21504K, reserved 491520K
  class space    used 3087K, committed 3264K, reserved 425984K
}
Event: 48.826 GC heap after
{Heap after GC invocations=6 (full 0):
 garbage-first heap   total 120832K, used 24204K [0x0000000080000000, 0x0000000100000000)
  region size 1024K, 4 young (4096K), 4 survivors (4096K)
 Metaspace       used 21171K, committed 21504K, reserved 491520K
  class space    used 3087K, committed 3264K, reserved 425984K
}
Event: 52.289 GC heap before
{Heap before GC invocations=7 (full 0):
 garbage-first heap   total 89088K, used 72332K [0x0000000080000000, 0x0000000100000000)
  region size 1024K, 52 young (53248K), 4 survivors (4096K)
 Metaspace       used 27226K, committed 27648K, reserved 491520K
  class space    used 3973K, committed 4160K, reserved 425984K
}
Event: 52.296 GC heap after
{Heap after GC invocations=8 (full 0):
 garbage-first heap   total 107520K, used 27660K [0x0000000080000000, 0x0000000100000000)
  region size 1024K, 7 young (7168K), 7 survivors (7168K)
 Metaspace       used 27226K, committed 27648K, reserved 491520K
  class space    used 3973K, committed 4160K, reserved 425984K
}
Event: 54.505 GC heap before
{Heap before GC invocations=8 (full 0):
 garbage-first heap   total 107520K, used 79884K [0x0000000080000000, 0x0000000100000000)
  region size 1024K, 59 young (60416K), 7 survivors (7168K)
 Metaspace       used 33888K, committed 34304K, reserved 491520K
  class space    used 4749K, committed 4928K, reserved 425984K
}
Event: 54.513 GC heap after
{Heap after GC invocations=9 (full 0):
 garbage-first heap   total 107520K, used 32822K [0x0000000080000000, 0x0000000100000000)
  region size 1024K, 8 young (8192K), 8 survivors (8192K)
 Metaspace       used 33888K, committed 34304K, reserved 491520K
  class space    used 4749K, committed 4928K, reserved 425984K
}
Event: 54.921 GC heap before
{Heap before GC invocations=9 (full 0):
 garbage-first heap   total 107520K, used 50230K [0x0000000080000000, 0x0000000100000000)
  region size 1024K, 22 young (22528K), 8 survivors (8192K)
 Metaspace       used 35555K, committed 35968K, reserved 491520K
  class space    used 4893K, committed 5120K, reserved 425984K
}
Event: 54.927 GC heap after
{Heap after GC invocations=10 (full 0):
 garbage-first heap   total 107520K, used 34386K [0x0000000080000000, 0x0000000100000000)
  region size 1024K, 2 young (2048K), 2 survivors (2048K)
 Metaspace       used 35555K, committed 35968K, reserved 491520K
  class space    used 4893K, committed 5120K, reserved 425984K
}

Deoptimization events (20 events):
Event: 56.036 Thread 0x00000186e57ad340 Uncommon trap: trap_request=0xffffffbe fr.pc=0x00000186b5e64678 relative=0x0000000000000638
Event: 56.036 Thread 0x00000186e57ad340 Uncommon trap: reason=profile_predicate action=maybe_recompile pc=0x00000186b5e64678 method=java.lang.PublicMethods$MethodList.filter([Ljava/lang/reflect/Method;Ljava/lang/String;[Ljava/lang/Class;Z)Ljava/lang/PublicMethods$MethodList; @ 21 c2
Event: 56.036 Thread 0x00000186e57ad340 DEOPT PACKING pc=0x00000186b5e64678 sp=0x0000002827df7790
Event: 56.036 Thread 0x00000186e57ad340 DEOPT UNPACKING pc=0x00000186b56823a3 sp=0x0000002827df7748 mode 2
Event: 56.372 Thread 0x00000186e57ad340 Uncommon trap: trap_request=0xffffffc6 fr.pc=0x00000186b5d80fd8 relative=0x0000000000000218
Event: 56.372 Thread 0x00000186e57ad340 Uncommon trap: reason=bimorphic_or_optimized_type_check action=maybe_recompile pc=0x00000186b5d80fd8 method=com.google.common.base.CharMatcher.indexIn(Ljava/lang/CharSequence;I)I @ 31 c2
Event: 56.372 Thread 0x00000186e57ad340 DEOPT PACKING pc=0x00000186b5d80fd8 sp=0x0000002827df7550
Event: 56.372 Thread 0x00000186e57ad340 DEOPT UNPACKING pc=0x00000186b56823a3 sp=0x0000002827df74f8 mode 2
Event: 58.384 Thread 0x00000186e57ad340 Uncommon trap: trap_request=0xffffff45 fr.pc=0x00000186b5e8cd60 relative=0x0000000000003820
Event: 58.384 Thread 0x00000186e57ad340 Uncommon trap: reason=unstable_if action=reinterpret pc=0x00000186b5e8cd60 method=org.objectweb.asm.Frame.push(I)V @ 26 c2
Event: 58.384 Thread 0x00000186e57ad340 DEOPT PACKING pc=0x00000186b5e8cd60 sp=0x0000002827df8c00
Event: 58.384 Thread 0x00000186e57ad340 DEOPT UNPACKING pc=0x00000186b56823a3 sp=0x0000002827df8b28 mode 2
Event: 58.551 Thread 0x00000186e57ad340 Uncommon trap: trap_request=0xffffffc6 fr.pc=0x00000186b5d80fd8 relative=0x0000000000000218
Event: 58.551 Thread 0x00000186e57ad340 Uncommon trap: reason=bimorphic_or_optimized_type_check action=maybe_recompile pc=0x00000186b5d80fd8 method=com.google.common.base.CharMatcher.indexIn(Ljava/lang/CharSequence;I)I @ 31 c2
Event: 58.551 Thread 0x00000186e57ad340 DEOPT PACKING pc=0x00000186b5d80fd8 sp=0x0000002827df8ed0
Event: 58.551 Thread 0x00000186e57ad340 DEOPT UNPACKING pc=0x00000186b56823a3 sp=0x0000002827df8e78 mode 2
Event: 58.657 Thread 0x00000186e57ad340 Uncommon trap: trap_request=0xffffffde fr.pc=0x00000186b5d283fc relative=0x0000000000000b1c
Event: 58.657 Thread 0x00000186e57ad340 Uncommon trap: reason=class_check action=maybe_recompile pc=0x00000186b5d283fc method=java.util.Collections$SetFromMap.remove(Ljava/lang/Object;)Z @ 5 c2
Event: 58.657 Thread 0x00000186e57ad340 DEOPT PACKING pc=0x00000186b5d283fc sp=0x0000002827df7b60
Event: 58.657 Thread 0x00000186e57ad340 DEOPT UNPACKING pc=0x00000186b56823a3 sp=0x0000002827df7b58 mode 2

Classes unloaded (0 events):
No events

Classes redefined (0 events):
No events

Internal exceptions (20 events):
Event: 56.078 Thread 0x00000186e57ad340 Exception <a 'java/lang/ClassNotFoundException'{0x00000000857411a0}: org/gradle/initialization/DefaultSettingsCustomizer> (0x00000000857411a0) 
thrown [s\open\src\hotspot\share\classfile\systemDictionary.cpp, line 256]
Event: 56.083 Thread 0x00000186e57ad340 Exception <a 'java/lang/ClassNotFoundException'{0x000000008578bf60}: org/gradle/initialization/DefaultSettings_DecoratedCustomizer> (0x000000008578bf60) 
thrown [s\open\src\hotspot\share\classfile\systemDictionary.cpp, line 256]
Event: 56.110 Thread 0x00000186e57ad340 Exception <a 'java/lang/ClassNotFoundException'{0x000000008567c020}: org/gradle/plugin/management/internal/DefaultPluginManagementSpec_DecoratedBeanInfo> (0x000000008567c020) 
thrown [s\open\src\hotspot\share\classfile\systemDictionary.cpp, line 256]
Event: 56.111 Thread 0x00000186e57ad340 Exception <a 'java/lang/ClassNotFoundException'{0x0000000085691ee8}: org/gradle/plugin/management/internal/DefaultPluginManagementSpecBeanInfo> (0x0000000085691ee8) 
thrown [s\open\src\hotspot\share\classfile\systemDictionary.cpp, line 256]
Event: 56.112 Thread 0x00000186e57ad340 Exception <a 'java/lang/ClassNotFoundException'{0x00000000856a7608}: org/gradle/plugin/management/internal/DefaultPluginManagementSpecCustomizer> (0x00000000856a7608) 
thrown [s\open\src\hotspot\share\classfile\systemDictionary.cpp, line 256]
Event: 56.114 Thread 0x00000186e57ad340 Exception <a 'java/lang/ClassNotFoundException'{0x00000000856ce1d0}: org/gradle/plugin/management/internal/DefaultPluginManagementSpec_DecoratedCustomizer> (0x00000000856ce1d0) 
thrown [s\open\src\hotspot\share\classfile\systemDictionary.cpp, line 256]
Event: 56.335 Thread 0x00000186e57ad340 Exception <a 'java/lang/ClassNotFoundException'{0x000000008556ae80}: org/gradle/plugin/use/internal/PluginRequestCollector$PluginDependenciesSpecImplBeanInfo> (0x000000008556ae80) 
thrown [s\open\src\hotspot\share\classfile\systemDictionary.cpp, line 256]
Event: 56.336 Thread 0x00000186e57ad340 Exception <a 'java/lang/ClassNotFoundException'{0x000000008557e3f0}: org/gradle/plugin/use/internal/PluginRequestCollector$PluginDependenciesSpecImplCustomizer> (0x000000008557e3f0) 
thrown [s\open\src\hotspot\share\classfile\systemDictionary.cpp, line 256]
Event: 56.388 Thread 0x00000186e57ad340 Exception <a 'java/lang/IncompatibleClassChangeError'{0x00000000855fe298}: Found class java.lang.Object, but interface was expected> (0x00000000855fe298) 
thrown [s\open\src\hotspot\share\interpreter\linkResolver.cpp, line 826]
Event: 57.059 Thread 0x00000186e57ad340 Exception <a 'java/lang/NoSuchMethodError'{0x00000000849a7fa0}: 'java.lang.Object java.lang.invoke.DirectMethodHandle$Holder.newInvokeSpecial(java.lang.Object, java.lang.Object, java.lang.Object, java.lang.Object, java.lang.Object, java.lang.Object, java.lang.Object, java.lang.Object, java.lang.Object, java.lang.Object, java.lang.Object)'> (0x00000000849a7fa0) 
thrown [s\open\src\hotspot\share\interpreter\linkResolver.cpp, line 759]
Event: 57.059 Thread 0x00000186e57ad340 Exception <a 'java/lang/NoSuchMethodError'{0x00000000849add80}: 'java.lang.Object java.lang.invoke.DirectMethodHandle$Holder.invokeSpecial(java.lang.Object, java.lang.Object, java.lang.Object, java.lang.Object, java.lang.Object, java.lang.Object, java.lang.Object, java.lang.Object, java.lang.Object, java.lang.Object, java.lang.Object, java.lang.Object)'> (0x00000000849add80) 
thrown [s\open\src\hotspot\share\interpreter\linkResolver.cpp, line 759]
Event: 57.060 Thread 0x00000186e57ad340 Exception <a 'java/lang/NoSuchMethodError'{0x00000000849b36c0}: 'java.lang.Object java.lang.invoke.Invokers$Holder.linkToTargetMethod(java.lang.Object, java.lang.Object, java.lang.Object, java.lang.Object, java.lang.Object, java.lang.Object, java.lang.Object, java.lang.Object, java.lang.Object, java.lang.Object, java.lang.Object)'> (0x00000000849b36c0) 
thrown [s\open\src\hotspot\share\interpreter\linkResolver.cpp, line 759]
Event: 57.116 Thread 0x00000186e57ad340 Exception <a 'java/lang/NoSuchMethodError'{0x0000000084829f38}: 'java.lang.Object java.lang.invoke.DirectMethodHandle$Holder.newInvokeSpecial(java.lang.Object, java.lang.Object, java.lang.Object, java.lang.Object, java.lang.Object, java.lang.Object, java.lang.Object, java.lang.Object, java.lang.Object, java.lang.Object, java.lang.Object, java.lang.Object)'> (0x0000000084829f38) 
thrown [s\open\src\hotspot\share\interpreter\linkResolver.cpp, line 759]
Event: 57.117 Thread 0x00000186e57ad340 Exception <a 'java/lang/NoSuchMethodError'{0x000000008482ff00}: 'java.lang.Object java.lang.invoke.DirectMethodHandle$Holder.invokeSpecial(java.lang.Object, java.lang.Object, java.lang.Object, java.lang.Object, java.lang.Object, java.lang.Object, java.lang.Object, java.lang.Object, java.lang.Object, java.lang.Object, java.lang.Object, java.lang.Object, java.lang.Object)'> (0x000000008482ff00) 
thrown [s\open\src\hotspot\share\interpreter\linkResolver.cpp, line 759]
Event: 57.117 Thread 0x00000186e57ad340 Exception <a 'java/lang/NoSuchMethodError'{0x00000000848359c8}: 'java.lang.Object java.lang.invoke.Invokers$Holder.linkToTargetMethod(java.lang.Object, java.lang.Object, java.lang.Object, java.lang.Object, java.lang.Object, java.lang.Object, java.lang.Object, java.lang.Object, java.lang.Object, java.lang.Object, java.lang.Object, java.lang.Object)'> (0x00000000848359c8) 
thrown [s\open\src\hotspot\share\interpreter\linkResolver.cpp, line 759]
Event: 58.513 Thread 0x00000186e57ad340 Exception <a 'java/lang/NoSuchMethodError'{0x0000000083e25540}: 'void java.lang.invoke.DirectMethodHandle$Holder.invokeInterface(java.lang.Object, java.lang.Object)'> (0x0000000083e25540) 
thrown [s\open\src\hotspot\share\interpreter\linkResolver.cpp, line 759]
Event: 58.665 Thread 0x00000186e57ad340 Exception <a 'sun/nio/fs/WindowsException'{0x0000000083ccce08}> (0x0000000083ccce08) 
thrown [s\open\src\hotspot\share\prims\jni.cpp, line 516]
Event: 58.667 Thread 0x00000186e57ad340 Exception <a 'sun/nio/fs/WindowsException'{0x0000000083cceb78}> (0x0000000083cceb78) 
thrown [s\open\src\hotspot\share\prims\jni.cpp, line 516]
Event: 58.668 Thread 0x00000186e57ad340 Exception <a 'sun/nio/fs/WindowsException'{0x0000000083cd08e8}> (0x0000000083cd08e8) 
thrown [s\open\src\hotspot\share\prims\jni.cpp, line 516]
Event: 58.669 Thread 0x00000186e57ad340 Exception <a 'sun/nio/fs/WindowsException'{0x0000000083cd2248}> (0x0000000083cd2248) 
thrown [s\open\src\hotspot\share\prims\jni.cpp, line 516]

VM Operations (20 events):
Event: 54.945 Executing VM operation: G1Concurrent
Event: 54.948 Executing VM operation: G1Concurrent done
Event: 54.956 Executing VM operation: G1Concurrent
Event: 54.956 Executing VM operation: G1Concurrent done
Event: 55.825 Executing VM operation: HandshakeAllThreads
Event: 55.825 Executing VM operation: HandshakeAllThreads done
Event: 56.830 Executing VM operation: Cleanup
Event: 56.831 Executing VM operation: Cleanup done
Event: 57.843 Executing VM operation: Cleanup
Event: 57.843 Executing VM operation: Cleanup done
Event: 58.405 Executing VM operation: HandshakeAllThreads
Event: 58.427 Executing VM operation: HandshakeAllThreads done
Event: 58.537 Executing VM operation: HandshakeAllThreads
Event: 58.537 Executing VM operation: HandshakeAllThreads done
Event: 58.564 Executing VM operation: HandshakeAllThreads
Event: 58.564 Executing VM operation: HandshakeAllThreads done
Event: 59.565 Executing VM operation: Cleanup
Event: 59.565 Executing VM operation: Cleanup done
Event: 60.247 Executing VM operation: HandshakeAllThreads
Event: 60.730 Executing VM operation: HandshakeAllThreads done

Events (20 events):
Event: 58.572 Thread 0x00000186c5695fd0 flushing nmethod 0x00000186ae8c0510
Event: 58.572 Thread 0x00000186c5695fd0 flushing nmethod 0x00000186ae8d5c90
Event: 58.572 Thread 0x00000186c5695fd0 flushing nmethod 0x00000186ae8de310
Event: 58.572 Thread 0x00000186c5695fd0 flushing nmethod 0x00000186ae8df310
Event: 58.572 Thread 0x00000186c5695fd0 flushing nmethod 0x00000186ae8e6f90
Event: 58.572 Thread 0x00000186c5695fd0 flushing nmethod 0x00000186ae8e7b10
Event: 58.572 Thread 0x00000186c5695fd0 flushing nmethod 0x00000186ae8e8310
Event: 58.572 Thread 0x00000186c5695fd0 flushing nmethod 0x00000186ae8e8d90
Event: 58.572 Thread 0x00000186c5695fd0 flushing nmethod 0x00000186ae8e9310
Event: 58.572 Thread 0x00000186c5695fd0 flushing nmethod 0x00000186ae8fcf90
Event: 58.572 Thread 0x00000186c5695fd0 flushing nmethod 0x00000186ae90d810
Event: 58.572 Thread 0x00000186c5695fd0 flushing nmethod 0x00000186ae92d210
Event: 58.572 Thread 0x00000186c5695fd0 flushing nmethod 0x00000186ae945610
Event: 58.573 Thread 0x00000186c5695fd0 flushing nmethod 0x00000186aea05610
Event: 58.573 Thread 0x00000186c5695fd0 flushing nmethod 0x00000186aea30b90
Event: 58.573 loading class java/util/stream/ReduceOps$2
Event: 58.574 loading class java/util/stream/ReduceOps$2 done
Event: 58.574 loading class java/util/stream/ReduceOps$2ReducingSink
Event: 58.576 loading class java/util/stream/ReduceOps$2ReducingSink done
Event: 58.616 Thread 0x00000186e75dc780 Thread added: 0x00000186e75dc780


Dynamic libraries:
0x00007ff645ab0000 - 0x00007ff645ac0000 	C:\Program Files\Java\jdk-17\bin\java.exe
0x00007ffbb3120000 - 0x00007ffbb3387000 	C:\WINDOWS\SYSTEM32\ntdll.dll
0x00007ffbb2b40000 - 0x00007ffbb2c09000 	C:\WINDOWS\System32\KERNEL32.DLL
0x00007ffbb05b0000 - 0x00007ffbb09a0000 	C:\WINDOWS\System32\KERNELBASE.dll
0x00007ffbb0b00000 - 0x00007ffbb0c4b000 	C:\WINDOWS\System32\ucrtbase.dll
0x00007ffb6dc70000 - 0x00007ffb6dc89000 	C:\Program Files\Java\jdk-17\bin\jli.dll
0x00007ffbb2c90000 - 0x00007ffbb2d44000 	C:\WINDOWS\System32\ADVAPI32.dll
0x00007ffbb2f70000 - 0x00007ffbb3019000 	C:\WINDOWS\System32\msvcrt.dll
0x00007ffbb3030000 - 0x00007ffbb30d6000 	C:\WINDOWS\System32\sechost.dll
0x00007ffbb2e50000 - 0x00007ffbb2f68000 	C:\WINDOWS\System32\RPCRT4.dll
0x00007ffbb19a0000 - 0x00007ffbb1b65000 	C:\WINDOWS\System32\USER32.dll
0x00007ffbb0e80000 - 0x00007ffbb0ea7000 	C:\WINDOWS\System32\win32u.dll
0x00007ffbb1970000 - 0x00007ffbb199b000 	C:\WINDOWS\System32\GDI32.dll
0x00007ffbb02f0000 - 0x00007ffbb0428000 	C:\WINDOWS\System32\gdi32full.dll
0x00007ffbb0c50000 - 0x00007ffbb0cf3000 	C:\WINDOWS\System32\msvcp_win.dll
0x00007ffba8fd0000 - 0x00007ffba8fdb000 	C:\WINDOWS\SYSTEM32\VERSION.dll
0x00007ffb95f30000 - 0x00007ffb961ca000 	C:\WINDOWS\WinSxS\amd64_microsoft.windows.common-controls_6595b64144ccf1df_6.0.26100.4768_none_3e0c112ce331287c\COMCTL32.dll
0x00007ffb63130000 - 0x00007ffb6314b000 	C:\Program Files\Java\jdk-17\bin\VCRUNTIME140.dll
0x00007ffbb0eb0000 - 0x00007ffbb0edf000 	C:\WINDOWS\System32\IMM32.DLL
0x00007ffb7ede0000 - 0x00007ffb7edec000 	C:\Program Files\Java\jdk-17\bin\vcruntime140_1.dll
0x00007ffb2c090000 - 0x00007ffb2c11e000 	C:\Program Files\Java\jdk-17\bin\msvcp140.dll
0x00007ffb172e0000 - 0x00007ffb17ec0000 	C:\Program Files\Java\jdk-17\bin\server\jvm.dll
0x00007ffba8fe0000 - 0x00007ffba9015000 	C:\WINDOWS\SYSTEM32\WINMM.dll
0x00007ffbb0f00000 - 0x00007ffbb0f08000 	C:\WINDOWS\System32\PSAPI.DLL
0x00007ffb7ed50000 - 0x00007ffb7ed5a000 	C:\WINDOWS\SYSTEM32\WSOCK32.dll
0x00007ffbb18f0000 - 0x00007ffbb1964000 	C:\WINDOWS\System32\ws2_32.DLL
0x00007ffbaefd0000 - 0x00007ffbaefeb000 	C:\WINDOWS\SYSTEM32\kernel.appcore.dll
0x00007ffb6d930000 - 0x00007ffb6d93a000 	C:\Program Files\Java\jdk-17\bin\jimage.dll
0x00007ffba2ee0000 - 0x00007ffba3121000 	C:\WINDOWS\SYSTEM32\DBGHELP.DLL
0x00007ffbb2790000 - 0x00007ffbb2b15000 	C:\WINDOWS\System32\combase.dll
0x00007ffbb1720000 - 0x00007ffbb1800000 	C:\WINDOWS\System32\OLEAUT32.dll
0x00007ffb91c00000 - 0x00007ffb91c43000 	C:\WINDOWS\SYSTEM32\dbgcore.DLL
0x00007ffbb0250000 - 0x00007ffbb02e9000 	C:\WINDOWS\System32\bcryptPrimitives.dll
0x00007ffb7ed60000 - 0x00007ffb7ed6e000 	C:\Program Files\Java\jdk-17\bin\instrument.dll
0x00007ffb62460000 - 0x00007ffb62485000 	C:\Program Files\Java\jdk-17\bin\java.dll
0x00007ffb1a500000 - 0x00007ffb1a5d7000 	C:\Program Files\Java\jdk-17\bin\jsvml.dll
0x00007ffbb1b70000 - 0x00007ffbb22bd000 	C:\WINDOWS\System32\SHELL32.dll
0x00007ffbb0d00000 - 0x00007ffbb0e73000 	C:\WINDOWS\System32\wintypes.dll
0x00007ffbade10000 - 0x00007ffbae66f000 	C:\WINDOWS\SYSTEM32\windows.storage.dll
0x00007ffbb2470000 - 0x00007ffbb2565000 	C:\WINDOWS\System32\SHCORE.dll
0x00007ffbb1080000 - 0x00007ffbb10ea000 	C:\WINDOWS\System32\shlwapi.dll
0x00007ffbb0170000 - 0x00007ffbb0199000 	C:\WINDOWS\SYSTEM32\profapi.dll
0x00007ffb6daa0000 - 0x00007ffb6dab8000 	C:\Program Files\Java\jdk-17\bin\zip.dll
0x00007ffb858b0000 - 0x00007ffb858c9000 	C:\Program Files\Java\jdk-17\bin\net.dll
0x00007ffba5e70000 - 0x00007ffba5f8e000 	C:\WINDOWS\SYSTEM32\WINHTTP.dll
0x00007ffbaf560000 - 0x00007ffbaf5cb000 	C:\WINDOWS\system32\mswsock.dll
0x00007ffb6dac0000 - 0x00007ffb6dad6000 	C:\Program Files\Java\jdk-17\bin\nio.dll
0x00007ffb6d960000 - 0x00007ffb6d970000 	C:\Program Files\Java\jdk-17\bin\verify.dll
0x00007ffb4a7a0000 - 0x00007ffb4a7c7000 	C:\Users\kbhar\.gradle\native\1def1411415f61bf3af743bc5b6707747c0891f09f0c88961ee8f79bc544acac\windows-amd64\native-platform.dll
0x00007ffb19490000 - 0x00007ffb19508000 	C:\Users\kbhar\.gradle\native\0.2.7\x86_64-windows-gnu\gradle-fileevents.dll
0x00007ffb6d950000 - 0x00007ffb6d95a000 	C:\Program Files\Java\jdk-17\bin\management.dll
0x00007ffb6d940000 - 0x00007ffb6d94b000 	C:\Program Files\Java\jdk-17\bin\management_ext.dll
0x00007ffbae9c0000 - 0x00007ffbae9f3000 	C:\WINDOWS\SYSTEM32\IPHLPAPI.DLL
0x00007ffbb3020000 - 0x00007ffbb302a000 	C:\WINDOWS\System32\NSI.dll
0x00007ffba8dc0000 - 0x00007ffba8ddf000 	C:\WINDOWS\SYSTEM32\dhcpcsvc6.DLL
0x00007ffba6dd0000 - 0x00007ffba6df5000 	C:\WINDOWS\SYSTEM32\dhcpcsvc.DLL
0x00007ffbaea00000 - 0x00007ffbaeb26000 	C:\WINDOWS\SYSTEM32\DNSAPI.dll
0x00007ffbaf820000 - 0x00007ffbaf83b000 	C:\WINDOWS\SYSTEM32\CRYPTSP.dll
0x00007ffbaef30000 - 0x00007ffbaef6b000 	C:\WINDOWS\system32\rsaenh.dll
0x00007ffbaf600000 - 0x00007ffbaf62b000 	C:\WINDOWS\SYSTEM32\USERENV.dll
0x00007ffbb0140000 - 0x00007ffbb0166000 	C:\WINDOWS\SYSTEM32\bcrypt.dll
0x00007ffbaf840000 - 0x00007ffbaf84c000 	C:\WINDOWS\SYSTEM32\CRYPTBASE.dll
0x00007ffb62450000 - 0x00007ffb6245e000 	C:\Program Files\Java\jdk-17\bin\sunmscapi.dll
0x00007ffbb0430000 - 0x00007ffbb05a7000 	C:\WINDOWS\System32\CRYPT32.dll
0x00007ffbafa40000 - 0x00007ffbafa70000 	C:\WINDOWS\SYSTEM32\ncrypt.dll
0x00007ffbaf9f0000 - 0x00007ffbafa2f000 	C:\WINDOWS\SYSTEM32\NTASN1.dll
0x00007ffb9d650000 - 0x00007ffb9d658000 	C:\WINDOWS\system32\wshunix.dll

dbghelp: loaded successfully - version: 4.0.5 - missing functions: none
symbol engine: initialized successfully - sym options: 0x614 - pdb path: .;C:\Program Files\Java\jdk-17\bin;C:\WINDOWS\SYSTEM32;C:\WINDOWS\WinSxS\amd64_microsoft.windows.common-controls_6595b64144ccf1df_6.0.26100.4768_none_3e0c112ce331287c;C:\Program Files\Java\jdk-17\bin\server;C:\Users\kbhar\.gradle\native\1def1411415f61bf3af743bc5b6707747c0891f09f0c88961ee8f79bc544acac\windows-amd64;C:\Users\kbhar\.gradle\native\0.2.7\x86_64-windows-gnu

VM Arguments:
jvm_args: --add-opens=java.base/java.lang=ALL-UNNAMED --add-opens=java.base/java.lang.invoke=ALL-UNNAMED --add-opens=java.base/java.util=ALL-UNNAMED --add-opens=java.prefs/java.util.prefs=ALL-UNNAMED --add-exports=jdk.compiler/com.sun.tools.javac.api=ALL-UNNAMED --add-exports=jdk.compiler/com.sun.tools.javac.util=ALL-UNNAMED --add-opens=java.base/java.util=ALL-UNNAMED --add-opens=java.prefs/java.util.prefs=ALL-UNNAMED --add-opens=java.base/java.nio.charset=ALL-UNNAMED --add-opens=java.base/java.net=ALL-UNNAMED --add-opens=java.base/java.util.concurrent.atomic=ALL-UNNAMED --add-opens=java.xml/javax.xml.namespace=ALL-UNNAMED -XX:MaxMetaspaceSize=512m -Xmx2048m -Dfile.encoding=UTF-8 -Duser.country=IN -Duser.language=en -Duser.variant -javaagent:C:\Users\kbhar\.gradle\wrapper\dists\gradle-8.14.1-bin\baw1sv0jfoi8rxs14qo3h49cs\gradle-8.14.1\lib\agents\gradle-instrumentation-agent-8.14.1.jar 
java_command: org.gradle.launcher.daemon.bootstrap.GradleDaemon 8.14.1
java_class_path (initial): C:\Users\kbhar\.gradle\wrapper\dists\gradle-8.14.1-bin\baw1sv0jfoi8rxs14qo3h49cs\gradle-8.14.1\lib\gradle-daemon-main-8.14.1.jar
Launcher Type: SUN_STANDARD

[Global flags]
     intx CICompilerCount                          = 4                                         {product} {ergonomic}
   size_t CompressedClassSpaceSize                 = 436207616                                 {product} {ergonomic}
     uint ConcGCThreads                            = 3                                         {product} {ergonomic}
     uint G1ConcRefinementThreads                  = 10                                        {product} {ergonomic}
   size_t G1HeapRegionSize                         = 1048576                                   {product} {ergonomic}
    uintx GCDrainStackTargetSize                   = 64                                        {product} {ergonomic}
   size_t InitialHeapSize                          = 123731968                                 {product} {ergonomic}
   size_t MarkStackSize                            = 4194304                                   {product} {ergonomic}
   size_t MaxHeapSize                              = 2147483648                                {product} {command line}
   size_t MaxMetaspaceSize                         = 536870912                                 {product} {command line}
   size_t MaxNewSize                               = 1287651328                                {product} {ergonomic}
   size_t MinHeapDeltaBytes                        = 1048576                                   {product} {ergonomic}
   size_t MinHeapSize                              = 8388608                                   {product} {ergonomic}
    uintx NonNMethodCodeHeapSize                   = 5839372                                {pd product} {ergonomic}
    uintx NonProfiledCodeHeapSize                  = 122909434                              {pd product} {ergonomic}
    uintx ProfiledCodeHeapSize                     = 122909434                              {pd product} {ergonomic}
    uintx ReservedCodeCacheSize                    = 251658240                              {pd product} {ergonomic}
     bool SegmentedCodeCache                       = true                                      {product} {ergonomic}
   size_t SoftMaxHeapSize                          = 2147483648                             {manageable} {ergonomic}
     bool UseCompressedClassPointers               = true                           {product lp64_product} {ergonomic}
     bool UseCompressedOops                        = true                           {product lp64_product} {ergonomic}
     bool UseG1GC                                  = true                                      {product} {ergonomic}
     bool UseLargePagesIndividualAllocation        = false                                  {pd product} {ergonomic}

Logging:
Log output configuration:
 #0: stdout all=warning uptime,level,tags
 #1: stderr all=off uptime,level,tags

Environment Variables:
PATH=C:\Program Files\Common Files\Oracle\Java\javapath;C:\windows\system32;C:\windows;C:\windows\System32\Wbem;C:\windows\System32\WindowsPowerShell\v1.0\;C:\windows\System32\OpenSSH\;C:\ProgramData\chocolatey\bin;C:\Program Files\HP\HP One Agent;C:\Program Files\nodejs\;C:\Users\kbhar\AppData\Local\Android\Sdk\platform-tools;C:\Program Files\Git\cmd;C:\WINDOWS\system32;C:\WINDOWS;C:\WINDOWS\System32\Wbem;C:\WINDOWS\System32\WindowsPowerShell\v1.0\;C:\WINDOWS\System32\OpenSSH\;C:\Users\kbhar\AppData\Local\Microsoft\WindowsApps;C:\Program Files\Java\jdk-19\bin;C:\Users\kbhar\AppData\Local\Programs\Microsoft VS Code\bin;C:\Users\kbhar\AppData\Roaming\npm;
USERNAME=kbhar
OS=Windows_NT
PROCESSOR_IDENTIFIER=AMD64 Family 25 Model 80 Stepping 0, AuthenticAMD



---------------  S Y S T E M  ---------------

OS:
 Windows 11 , 64 bit Build 26100 (10.0.26100.4768)
OS uptime: 0 days 23:27 hours
Hyper-V role detected

CPU: total 12 (initial active 12) (12 cores per cpu, 2 threads per core) family 25 model 80 stepping 0 microcode 0xa50000d, cx8, cmov, fxsr, ht, mmx, 3dnowpref, sse, sse2, sse3, ssse3, sse4a, sse4.1, sse4.2, popcnt, lzcnt, tsc, tscinvbit, avx, avx2, aes, erms, clmul, bmi1, bmi2, adx, sha, fma, vzeroupper, clflush, clflushopt, hv

Memory: 4k page, system-wide physical 7520M (298M free)
TotalPageFile size 31072M (AvailPageFile size 1M)
current process WorkingSet (physical memory assigned to process): 211M, peak: 225M
current process commit charge ("private bytes"): 304M, peak: 306M

vm_info: Java HotSpot(TM) 64-Bit Server VM (17.0.12+8-LTS-286) for windows-amd64 JRE (17.0.12+8-LTS-286), built on Jun  5 2024 06:46:59 by "mach5one" with MS VC++ 17.6 (VS2022)

END.
