#
# There is insufficient memory for the Java Runtime Environment to continue.
# Native memory allocation (malloc) failed to allocate 1048576 bytes. Error detail: AllocateHeap
# Possible reasons:
#   The system is out of physical RAM or swap space
#   This process is running with CompressedOops enabled, and the Java Heap may be blocking the growth of the native heap
# Possible solutions:
#   Reduce memory load on the system
#   Increase physical memory or swap space
#   Check if swap backing store is full
#   Decrease Java heap size (-Xmx/-Xms)
#   Decrease number of Java threads
#   Decrease Java thread stack sizes (-Xss)
#   Set larger code cache with -XX:ReservedCodeCacheSize=
#   JVM is running with Unscaled Compressed Oops mode in which the Java heap is
#     placed in the first 4GB address space. The Java Heap base address is the
#     maximum limit for the native heap growth. Please use -XX:HeapBaseMinAddress
#     to set the Java Heap base and to place the Java Heap above 4GB virtual address.
# This output file may be truncated or incomplete.
#
#  Out of Memory Error (allocation.cpp:44), pid=23516, tid=792
#
# JRE version: OpenJDK Runtime Environment Temurin-21.0.8+9 (21.0.8+9) (build 21.0.8+9-LTS)
# Java VM: OpenJDK 64-Bit Server VM Temurin-21.0.8+9 (21.0.8+9-LTS, mixed mode, sharing, tiered, compressed oops, compressed class ptrs, parallel gc, windows-amd64)
# No core dump will be written. Minidumps are not enabled by default on client versions of Windows
#

---------------  S U M M A R Y ------------

Command Line: --add-modules=ALL-SYSTEM --add-opens=java.base/java.util=ALL-UNNAMED --add-opens=java.base/java.lang=ALL-UNNAMED --add-opens=java.base/sun.nio.fs=ALL-UNNAMED -Declipse.application=org.eclipse.jdt.ls.core.id1 -Dosgi.bundles.defaultStartLevel=4 -Declipse.product=org.eclipse.jdt.ls.core.product -Djava.import.generatesMetadataFilesAtProjectRoot=false -DDetectVMInstallationsJob.disabled=true -Dfile.encoding=utf8 -XX:+UseParallelGC -XX:GCTimeRatio=4 -XX:AdaptiveSizePolicyWeight=90 -Dsun.zip.disableMemoryMapping=true -Xmx2G -Xms100m -Xlog:disable -javaagent:c:\Users\kbhar\.vscode\extensions\redhat.java-1.44.0-win32-x64\lombok\lombok-1.18.39-4050.jar -XX:+HeapDumpOnOutOfMemoryError -XX:HeapDumpPath=c:\Users\kbhar\AppData\Roaming\Code\User\workspaceStorage\c34bf875cf4edc1a23d84e6e517db48d\redhat.java -Daether.dependencyCollector.impl=bf c:\Users\kbhar\.vscode\extensions\redhat.java-1.44.0-win32-x64\server\plugins\org.eclipse.equinox.launcher_1.7.0.v20250519-0528.jar -configuration c:\Users\kbhar\AppData\Roaming\Code\User\globalStorage\redhat.java\1.44.0\config_win -data c:\Users\kbhar\AppData\Roaming\Code\User\workspaceStorage\c34bf875cf4edc1a23d84e6e517db48d\redhat.java\jdt_ws --pipe=\\.\pipe\lsp-1114b7271bff1cdd3a8d7fafb56977aa-sock

Host: AMD Ryzen 5 5625U with Radeon Graphics         , 12 cores, 7G,  Windows 11 , 64 bit Build 26100 (10.0.26100.4768)
Time: Wed Aug  6 16:58:36 2025 India Standard Time elapsed time: 4568.689289 seconds (0d 1h 16m 8s)

---------------  T H R E A D  ---------------

Current thread (0x0000012972444ce0):  JavaThread "Attach Listener" daemon [_thread_in_vm, id=792, stack(0x0000000c4d800000,0x0000000c4d900000) (1024K)]

Stack: [0x0000000c4d800000,0x0000000c4d900000]
Native frames: (J=compiled Java code, j=interpreted, Vv=VM code, C=native code)
V  [jvm.dll+0x6d2449]
V  [jvm.dll+0x8ae341]
V  [jvm.dll+0x8b08be]
V  [jvm.dll+0x8b0fa3]
V  [jvm.dll+0x280c96]
V  [jvm.dll+0xc0347]
V  [jvm.dll+0x6d2cf9]
V  [jvm.dll+0x131116]
V  [jvm.dll+0x3f2d16]
V  [jvm.dll+0x857e6b]
V  [jvm.dll+0x6d0b0d]
C  [ucrtbase.dll+0x37b0]
C  [KERNEL32.DLL+0x2e8d7]
C  [ntdll.dll+0x3c34c]


---------------  P R O C E S S  ---------------

Threads class SMR info:
_java_thread_list=0x000001297c5f3450, length=47, elements={
0x0000012959a9c550, 0x000001297053d080, 0x00000129724418d0, 0x0000012972444090,
0x0000012972444ce0, 0x0000012972446fc0, 0x0000012972449b20, 0x000001297244c960,
0x00000129724c53c0, 0x000001297252d310, 0x000001297279e2a0, 0x0000012977561230,
0x000001297758f860, 0x0000012972666d50, 0x0000012977495030, 0x0000012972513770,
0x0000012977894500, 0x00000129776dec00, 0x00000129776de570, 0x00000129774cff20,
0x00000129774d2d10, 0x00000129774d1ff0, 0x00000129774d33a0, 0x00000129774cf890,
0x00000129774d3a30, 0x00000129774d40c0, 0x00000129774d4750, 0x00000129774d12d0,
0x00000129774d5b00, 0x00000129774d4de0, 0x00000129774d6190, 0x00000129774d5470,
0x0000012978fa0820, 0x0000012978fa2260, 0x0000012978fa0eb0, 0x0000012978fa1bd0,
0x0000012977ea9a10, 0x0000012978fa2f80, 0x0000012978fa3610, 0x0000012978fa0190,
0x0000012978fa49c0, 0x0000012978fa3ca0, 0x0000012978fa6400, 0x0000012978fa56e0,
0x000001297bf43db0, 0x000001297bf45160, 0x000001297bf41ce0
}

Java Threads: ( => current thread )
  0x0000012959a9c550 JavaThread "main"                              [_thread_blocked, id=11140, stack(0x0000000c4d100000,0x0000000c4d200000) (1024K)]
  0x000001297053d080 JavaThread "Reference Handler"          daemon [_thread_blocked, id=20760, stack(0x0000000c4d500000,0x0000000c4d600000) (1024K)]
  0x00000129724418d0 JavaThread "Finalizer"                  daemon [_thread_blocked, id=9768, stack(0x0000000c4d600000,0x0000000c4d700000) (1024K)]
  0x0000012972444090 JavaThread "Signal Dispatcher"          daemon [_thread_blocked, id=6460, stack(0x0000000c4d700000,0x0000000c4d800000) (1024K)]
=>0x0000012972444ce0 JavaThread "Attach Listener"            daemon [_thread_in_vm, id=792, stack(0x0000000c4d800000,0x0000000c4d900000) (1024K)]
  0x0000012972446fc0 JavaThread "Service Thread"             daemon [_thread_blocked, id=26788, stack(0x0000000c4d900000,0x0000000c4da00000) (1024K)]
  0x0000012972449b20 JavaThread "Monitor Deflation Thread"   daemon [_thread_blocked, id=23612, stack(0x0000000c4da00000,0x0000000c4db00000) (1024K)]
  0x000001297244c960 JavaThread "C2 CompilerThread0"         daemon [_thread_blocked, id=11708, stack(0x0000000c4db00000,0x0000000c4dc00000) (1024K)]
  0x00000129724c53c0 JavaThread "C1 CompilerThread0"         daemon [_thread_blocked, id=8236, stack(0x0000000c4dc00000,0x0000000c4dd00000) (1024K)]
  0x000001297252d310 JavaThread "Common-Cleaner"             daemon [_thread_blocked, id=16292, stack(0x0000000c4dd00000,0x0000000c4de00000) (1024K)]
  0x000001297279e2a0 JavaThread "Notification Thread"        daemon [_thread_blocked, id=23748, stack(0x0000000c4de00000,0x0000000c4df00000) (1024K)]
  0x0000012977561230 JavaThread "Active Thread: Equinox Container: 17f338c1-9cb1-4187-8588-f99144444f0d"        [_thread_blocked, id=23484, stack(0x0000000c4e500000,0x0000000c4e600000) (1024K)]
  0x000001297758f860 JavaThread "Refresh Thread: Equinox Container: 17f338c1-9cb1-4187-8588-f99144444f0d" daemon [_thread_blocked, id=25952, stack(0x0000000c4e700000,0x0000000c4e800000) (1024K)]
  0x0000012972666d50 JavaThread "Framework Event Dispatcher: Equinox Container: 17f338c1-9cb1-4187-8588-f99144444f0d" daemon [_thread_blocked, id=21956, stack(0x0000000c4e800000,0x0000000c4e900000) (1024K)]
  0x0000012977495030 JavaThread "Start Level: Equinox Container: 17f338c1-9cb1-4187-8588-f99144444f0d" daemon [_thread_blocked, id=27416, stack(0x0000000c4e900000,0x0000000c4ea00000) (1024K)]
  0x0000012972513770 JavaThread "Bundle File Closer"         daemon [_thread_blocked, id=6372, stack(0x0000000c4ec00000,0x0000000c4ed00000) (1024K)]
  0x0000012977894500 JavaThread "SCR Component Actor"        daemon [_thread_blocked, id=16604, stack(0x0000000c4ed00000,0x0000000c4ee00000) (1024K)]
  0x00000129776dec00 JavaThread "Worker-JM"                         [_thread_blocked, id=5216, stack(0x0000000c4f000000,0x0000000c4f100000) (1024K)]
  0x00000129776de570 JavaThread "JNA Cleaner"                daemon [_thread_blocked, id=17480, stack(0x0000000c4ef00000,0x0000000c4f000000) (1024K)]
  0x00000129774cff20 JavaThread "Java indexing"              daemon [_thread_blocked, id=27432, stack(0x0000000c4f400000,0x0000000c4f500000) (1024K)]
  0x00000129774d2d10 JavaThread "Thread-2"                   daemon [_thread_in_native, id=10720, stack(0x0000000c4fa00000,0x0000000c4fb00000) (1024K)]
  0x00000129774d1ff0 JavaThread "Thread-3"                   daemon [_thread_in_native, id=22184, stack(0x0000000c4fb00000,0x0000000c4fc00000) (1024K)]
  0x00000129774d33a0 JavaThread "Thread-4"                   daemon [_thread_in_native, id=9196, stack(0x0000000c4fc00000,0x0000000c4fd00000) (1024K)]
  0x00000129774cf890 JavaThread "Thread-5"                   daemon [_thread_in_native, id=27888, stack(0x0000000c4fd00000,0x0000000c4fe00000) (1024K)]
  0x00000129774d3a30 JavaThread "Thread-6"                   daemon [_thread_in_native, id=27684, stack(0x0000000c4fe00000,0x0000000c4ff00000) (1024K)]
  0x00000129774d40c0 JavaThread "Thread-7"                   daemon [_thread_in_native, id=12176, stack(0x0000000c4ff00000,0x0000000c50000000) (1024K)]
  0x00000129774d4750 JavaThread "Thread-8"                   daemon [_thread_in_native, id=11960, stack(0x0000000c50000000,0x0000000c50100000) (1024K)]
  0x00000129774d12d0 JavaThread "Thread-9"                   daemon [_thread_in_native, id=28196, stack(0x0000000c50100000,0x0000000c50200000) (1024K)]
  0x00000129774d5b00 JavaThread "Thread-10"                  daemon [_thread_in_native, id=10104, stack(0x0000000c50200000,0x0000000c50300000) (1024K)]
  0x00000129774d4de0 JavaThread "Thread-11"                  daemon [_thread_in_native, id=10616, stack(0x0000000c50300000,0x0000000c50400000) (1024K)]
  0x00000129774d6190 JavaThread "Thread-12"                  daemon [_thread_in_native, id=8504, stack(0x0000000c50400000,0x0000000c50500000) (1024K)]
  0x00000129774d5470 JavaThread "Thread-13"                  daemon [_thread_in_native, id=3080, stack(0x0000000c50500000,0x0000000c50600000) (1024K)]
  0x0000012978fa0820 JavaThread "Thread-14"                  daemon [_thread_in_native, id=11516, stack(0x0000000c50600000,0x0000000c50700000) (1024K)]
  0x0000012978fa2260 JavaThread "pool-2-thread-1"                   [_thread_blocked, id=11344, stack(0x0000000c50700000,0x0000000c50800000) (1024K)]
  0x0000012978fa0eb0 JavaThread "WorkspaceEventsHandler"            [_thread_blocked, id=25532, stack(0x0000000c50800000,0x0000000c50900000) (1024K)]
  0x0000012978fa1bd0 JavaThread "pool-1-thread-1"                   [_thread_blocked, id=19284, stack(0x0000000c50900000,0x0000000c50a00000) (1024K)]
  0x0000012977ea9a10 JavaThread "Timer-0"                           [_thread_blocked, id=12860, stack(0x0000000c51d00000,0x0000000c51e00000) (1024K)]
  0x0000012978fa2f80 JavaThread "Timer-1"                           [_thread_blocked, id=28284, stack(0x0000000c4ce00000,0x0000000c4cf00000) (1024K)]
  0x0000012978fa3610 JavaThread "Timer-2"                           [_thread_blocked, id=16136, stack(0x0000000c4cf00000,0x0000000c4d000000) (1024K)]
  0x0000012978fa0190 JavaThread "Timer-3"                           [_thread_blocked, id=15748, stack(0x0000000c4ee00000,0x0000000c4ef00000) (1024K)]
  0x0000012978fa49c0 JavaThread "Timer-4"                           [_thread_blocked, id=17104, stack(0x0000000c4f100000,0x0000000c4f200000) (1024K)]
  0x0000012978fa3ca0 JavaThread "Timer-5"                           [_thread_blocked, id=13104, stack(0x0000000c4f500000,0x0000000c4f600000) (1024K)]
  0x0000012978fa6400 JavaThread "Timer-6"                           [_thread_blocked, id=5884, stack(0x0000000c4f600000,0x0000000c4f700000) (1024K)]
  0x0000012978fa56e0 JavaThread "Timer-7"                           [_thread_blocked, id=10784, stack(0x0000000c4f800000,0x0000000c4f900000) (1024K)]
  0x000001297bf43db0 JavaThread "Timer-8"                           [_thread_blocked, id=18140, stack(0x0000000c50c00000,0x0000000c50d00000) (1024K)]
  0x000001297bf45160 JavaThread "Worker-13"                         [_thread_blocked, id=20348, stack(0x0000000c4f200000,0x0000000c4f300000) (1024K)]
  0x000001297bf41ce0 JavaThread "Worker-14"                         [_thread_blocked, id=13360, stack(0x0000000c4f300000,0x0000000c4f400000) (1024K)]
Total: 47

Other Threads:
  0x0000012970521be0 VMThread "VM Thread"                           [id=2300, stack(0x0000000c4d400000,0x0000000c4d500000) (1024K)]
  0x000001297041ca00 WatcherThread "VM Periodic Task Thread"        [id=15112, stack(0x0000000c4d300000,0x0000000c4d400000) (1024K)]
  0x0000012959ab9ef0 WorkerThread "GC Thread#0"                     [id=28644, stack(0x0000000c4d200000,0x0000000c4d300000) (1024K)]
  0x0000012977367a20 WorkerThread "GC Thread#1"                     [id=27412, stack(0x0000000c4df00000,0x0000000c4e000000) (1024K)]
  0x00000129773385b0 WorkerThread "GC Thread#2"                     [id=17272, stack(0x0000000c4e000000,0x0000000c4e100000) (1024K)]
  0x0000012977340120 WorkerThread "GC Thread#3"                     [id=13560, stack(0x0000000c4e100000,0x0000000c4e200000) (1024K)]
  0x00000129773404c0 WorkerThread "GC Thread#4"                     [id=27912, stack(0x0000000c4e200000,0x0000000c4e300000) (1024K)]
  0x0000012977340860 WorkerThread "GC Thread#5"                     [id=21240, stack(0x0000000c4e300000,0x0000000c4e400000) (1024K)]
  0x0000012977340c00 WorkerThread "GC Thread#6"                     [id=24272, stack(0x0000000c4e400000,0x0000000c4e500000) (1024K)]
  0x00000129775bc0b0 WorkerThread "GC Thread#7"                     [id=21856, stack(0x0000000c4e600000,0x0000000c4e700000) (1024K)]
  0x0000012977090c20 WorkerThread "GC Thread#8"                     [id=26708, stack(0x0000000c4ea00000,0x0000000c4eb00000) (1024K)]
  0x0000012977090fc0 WorkerThread "GC Thread#9"                     [id=13212, stack(0x0000000c4eb00000,0x0000000c4ec00000) (1024K)]
Total: 12

Threads with active compile tasks:
Total: 0

VM state: not at safepoint (normal execution)

VM Mutex/Monitor currently owned by a thread: None

Heap address: 0x0000000080000000, size: 2048 MB, Compressed Oops mode: 32-bit

CDS archive(s) mapped at: [0x0000012900000000-0x0000012900ba0000-0x0000012900ba0000), size 12189696, SharedBaseAddress: 0x0000012900000000, ArchiveRelocationMode: 1.
Compressed class space mapped at: 0x0000012901000000-0x0000012941000000, reserved size: 1073741824
Narrow klass base: 0x0000012900000000, Narrow klass shift: 0, Narrow klass range: 0x100000000

GC Precious Log:
 CardTable entry size: 512
 CPUs: 12 total, 12 available
 Memory: 7520M
 Large Page Support: Disabled
 NUMA Support: Disabled
 Compressed Oops: Enabled (32-bit)
 Alignments: Space 512K, Generation 512K, Heap 2M
 Heap Min Capacity: 100M
 Heap Initial Capacity: 100M
 Heap Max Capacity: 2G
 Pre-touch: Disabled
 Parallel Workers: 10

Heap:
 PSYoungGen      total 2048K, used 1716K [0x00000000d5580000, 0x00000000d5b80000, 0x0000000100000000)
  eden space 1536K, 92% used [0x00000000d5580000,0x00000000d56e5048,0x00000000d5700000)
  from space 512K, 56% used [0x00000000d5b00000,0x00000000d5b48000,0x00000000d5b80000)
  to   space 512K, 0% used [0x00000000d5a80000,0x00000000d5a80000,0x00000000d5b00000)
 ParOldGen       total 804864K, used 804716K [0x0000000080000000, 0x00000000b1200000, 0x00000000d5580000)
  object space 804864K, 99% used [0x0000000080000000,0x00000000b11db2d0,0x00000000b1200000)
 Metaspace       used 88389K, committed 89984K, reserved 1179648K
  class space    used 10338K, committed 11072K, reserved 1048576K

Card table byte_map: [0x0000012959440000,0x0000012959850000] _byte_map_base: 0x0000012959040000

Marking Bits: (ParMarkBitMap*) 0x00007ffb1707a340
 Begin Bits: [0x000001296bf40000, 0x000001296df40000)
 End Bits:   [0x000001296df40000, 0x000001296ff40000)

Polling page: 0x0000012957b60000

Metaspace:

Usage:
  Non-class:     76.22 MB used.
      Class:     10.10 MB used.
       Both:     86.32 MB used.

Virtual space:
  Non-class space:      128.00 MB reserved,      77.06 MB ( 60%) committed,  2 nodes.
      Class space:        1.00 GB reserved,      10.81 MB (  1%) committed,  1 nodes.
             Both:        1.12 GB reserved,      87.88 MB (  8%) committed. 

Chunk freelists:
   Non-Class:  2.34 MB
       Class:  5.09 MB
        Both:  7.42 MB

MaxMetaspaceSize: unlimited
CompressedClassSpaceSize: 1.00 GB
Initial GC threshold: 21.00 MB
Current GC threshold: 141.81 MB
CDS: on
 - commit_granule_bytes: 65536.
 - commit_granule_words: 8192.
 - virtual_space_node_default_size: 8388608.
 - enlarge_chunks_in_place: 1.
 - use_allocation_guard: 0.


Internal statistics:

num_allocs_failed_limit: 21.
num_arena_births: 1748.
num_arena_deaths: 200.
num_vsnodes_births: 3.
num_vsnodes_deaths: 0.
num_space_committed: 1406.
num_space_uncommitted: 0.
num_chunks_returned_to_freelist: 237.
num_chunks_taken_from_freelist: 5688.
num_chunk_merges: 64.
num_chunk_splits: 3516.
num_chunks_enlarged: 2162.
num_inconsistent_stats: 0.

CodeHeap 'non-profiled nmethods': size=120000Kb used=17513Kb max_used=17513Kb free=102486Kb
 bounds [0x0000012964760000, 0x0000012965880000, 0x000001296bc90000]
CodeHeap 'profiled nmethods': size=120000Kb used=34050Kb max_used=36117Kb free=85949Kb
 bounds [0x000001295cc90000, 0x000001295efe0000, 0x00000129641c0000]
CodeHeap 'non-nmethods': size=5760Kb used=1495Kb max_used=1572Kb free=4264Kb
 bounds [0x00000129641c0000, 0x0000012964430000, 0x0000012964760000]
CodeCache: size=245760Kb, used=53058Kb, max_used=55202Kb, free=192699Kb
 total_blobs=15869, nmethods=15060, adapters=713, full_count=0
Compilation: enabled, stopped_count=0, restarted_count=0

Compilation events (20 events):
Event: 3895.282 Thread 0x00000129724c53c0 17788   !   3       org.eclipse.jdt.ls.core.internal.ParentProcessWatcher::parentProcessStillRunning (492 bytes)
Event: 3895.486 Thread 0x00000129724c53c0 nmethod 17788 0x000001295e56f810 code [0x000001295e570120, 0x000001295e573e30]
Event: 3933.275 Thread 0x00000129724c53c0 17789   !   3       java.util.Collections$SynchronizedCollection::toArray (25 bytes)
Event: 3933.289 Thread 0x00000129724c53c0 nmethod 17789 0x000001295dc97a10 code [0x000001295dc97bc0, 0x000001295dc97e88]
Event: 3933.413 Thread 0x000001297244c960 17790       4       org.eclipse.core.internal.resources.MarkerSet::shareStrings (57 bytes)
Event: 3933.606 Thread 0x000001297244c960 nmethod 17790 0x0000012965877090 code [0x0000012965877300, 0x0000012965878070]
Event: 3939.457 Thread 0x00000129724c53c0 17791       1       com.sun.jna.internal.Cleaner::access$200 (5 bytes)
Event: 3939.462 Thread 0x00000129724c53c0 nmethod 17791 0x0000012965878b10 code [0x0000012965878ca0, 0x0000012965878d50]
Event: 4011.451 Thread 0x00000129724c53c0 17792       3       com.sun.org.apache.xerces.internal.dom.AttributeMap::<init> (27 bytes)
Event: 4011.538 Thread 0x00000129724c53c0 nmethod 17792 0x000001295dc97390 code [0x000001295dc97560, 0x000001295dc97888]
Event: 4011.600 Thread 0x00000129724c53c0 17794   !   3       jdk.xml.internal.XMLSecurityManager::getSystemProperty (68 bytes)
Event: 4011.670 Thread 0x00000129724c53c0 nmethod 17794 0x000001295e56df10 code [0x000001295e56e200, 0x000001295e56f0a8]
Event: 4305.338 Thread 0x00000129724c53c0 17795       3       java.lang.ProcessHandleImpl::<init> (15 bytes)
Event: 4305.387 Thread 0x00000129724c53c0 nmethod 17795 0x000001295e56db10 code [0x000001295e56dcc0, 0x000001295e56de30]
Event: 4510.956 Thread 0x00000129724c53c0 17796   !   3       java.util.logging.LogManager::getUserContext (118 bytes)
Event: 4511.001 Thread 0x00000129724c53c0 nmethod 17796 0x000001295e56d590 code [0x000001295e56d740, 0x000001295e56d9b0]
Event: 4511.002 Thread 0x00000129724c53c0 17797       3       jdk.internal.access.SharedSecrets::getJavaAWTAccess (4 bytes)
Event: 4511.002 Thread 0x00000129724c53c0 nmethod 17797 0x000001295d082490 code [0x000001295d082620, 0x000001295d082718]
Event: 4560.936 Thread 0x000001297244c960 17798 % !   4       java.util.TimerThread::mainLoop @ 0 (232 bytes)
Event: 4561.272 Thread 0x000001297244c960 nmethod 17798% 0x0000012965878e10 code [0x0000012965879080, 0x0000012965879d50]

GC Heap History (20 events):
Event: 3745.986 GC heap before
{Heap before GC invocations=4506 (full 4):
 PSYoungGen      total 2048K, used 1824K [0x00000000d5580000, 0x00000000d5b80000, 0x0000000100000000)
  eden space 1536K, 100% used [0x00000000d5580000,0x00000000d5700000,0x00000000d5700000)
  from space 512K, 56% used [0x00000000d5b00000,0x00000000d5b48000,0x00000000d5b80000)
  to   space 512K, 0% used [0x00000000d5a80000,0x00000000d5a80000,0x00000000d5b00000)
 ParOldGen       total 804864K, used 804356K [0x0000000080000000, 0x00000000b1200000, 0x00000000d5580000)
  object space 804864K, 99% used [0x0000000080000000,0x00000000b11812d0,0x00000000b1200000)
 Metaspace       used 88383K, committed 89984K, reserved 1179648K
  class space    used 10338K, committed 11072K, reserved 1048576K
}
Event: 3745.988 GC heap after
{Heap after GC invocations=4506 (full 4):
 PSYoungGen      total 2048K, used 288K [0x00000000d5580000, 0x00000000d5b80000, 0x0000000100000000)
  eden space 1536K, 0% used [0x00000000d5580000,0x00000000d5580000,0x00000000d5700000)
  from space 512K, 56% used [0x00000000d5a80000,0x00000000d5ac8000,0x00000000d5b00000)
  to   space 512K, 0% used [0x00000000d5b00000,0x00000000d5b00000,0x00000000d5b80000)
 ParOldGen       total 804864K, used 804356K [0x0000000080000000, 0x00000000b1200000, 0x00000000d5580000)
  object space 804864K, 99% used [0x0000000080000000,0x00000000b11812d0,0x00000000b1200000)
 Metaspace       used 88383K, committed 89984K, reserved 1179648K
  class space    used 10338K, committed 11072K, reserved 1048576K
}
Event: 3748.958 GC heap before
{Heap before GC invocations=4507 (full 4):
 PSYoungGen      total 2048K, used 1823K [0x00000000d5580000, 0x00000000d5b80000, 0x0000000100000000)
  eden space 1536K, 99% used [0x00000000d5580000,0x00000000d56ffff8,0x00000000d5700000)
  from space 512K, 56% used [0x00000000d5a80000,0x00000000d5ac8000,0x00000000d5b00000)
  to   space 512K, 0% used [0x00000000d5b00000,0x00000000d5b00000,0x00000000d5b80000)
 ParOldGen       total 804864K, used 804356K [0x0000000080000000, 0x00000000b1200000, 0x00000000d5580000)
  object space 804864K, 99% used [0x0000000080000000,0x00000000b11812d0,0x00000000b1200000)
 Metaspace       used 88383K, committed 89984K, reserved 1179648K
  class space    used 10338K, committed 11072K, reserved 1048576K
}
Event: 3748.963 GC heap after
{Heap after GC invocations=4507 (full 4):
 PSYoungGen      total 2048K, used 224K [0x00000000d5580000, 0x00000000d5b80000, 0x0000000100000000)
  eden space 1536K, 0% used [0x00000000d5580000,0x00000000d5580000,0x00000000d5700000)
  from space 512K, 43% used [0x00000000d5b00000,0x00000000d5b38000,0x00000000d5b80000)
  to   space 512K, 0% used [0x00000000d5a80000,0x00000000d5a80000,0x00000000d5b00000)
 ParOldGen       total 804864K, used 804380K [0x0000000080000000, 0x00000000b1200000, 0x00000000d5580000)
  object space 804864K, 99% used [0x0000000080000000,0x00000000b11872d0,0x00000000b1200000)
 Metaspace       used 88383K, committed 89984K, reserved 1179648K
  class space    used 10338K, committed 11072K, reserved 1048576K
}
Event: 3750.975 GC heap before
{Heap before GC invocations=4508 (full 4):
 PSYoungGen      total 2048K, used 1760K [0x00000000d5580000, 0x00000000d5b80000, 0x0000000100000000)
  eden space 1536K, 100% used [0x00000000d5580000,0x00000000d5700000,0x00000000d5700000)
  from space 512K, 43% used [0x00000000d5b00000,0x00000000d5b38000,0x00000000d5b80000)
  to   space 512K, 0% used [0x00000000d5a80000,0x00000000d5a80000,0x00000000d5b00000)
 ParOldGen       total 804864K, used 804380K [0x0000000080000000, 0x00000000b1200000, 0x00000000d5580000)
  object space 804864K, 99% used [0x0000000080000000,0x00000000b11872d0,0x00000000b1200000)
 Metaspace       used 88384K, committed 89984K, reserved 1179648K
  class space    used 10338K, committed 11072K, reserved 1048576K
}
Event: 3750.977 GC heap after
{Heap after GC invocations=4508 (full 4):
 PSYoungGen      total 2048K, used 224K [0x00000000d5580000, 0x00000000d5b80000, 0x0000000100000000)
  eden space 1536K, 0% used [0x00000000d5580000,0x00000000d5580000,0x00000000d5700000)
  from space 512K, 43% used [0x00000000d5a80000,0x00000000d5ab8000,0x00000000d5b00000)
  to   space 512K, 0% used [0x00000000d5b00000,0x00000000d5b00000,0x00000000d5b80000)
 ParOldGen       total 804864K, used 804428K [0x0000000080000000, 0x00000000b1200000, 0x00000000d5580000)
  object space 804864K, 99% used [0x0000000080000000,0x00000000b11932d0,0x00000000b1200000)
 Metaspace       used 88384K, committed 89984K, reserved 1179648K
  class space    used 10338K, committed 11072K, reserved 1048576K
}
Event: 3751.148 GC heap before
{Heap before GC invocations=4509 (full 4):
 PSYoungGen      total 2048K, used 1760K [0x00000000d5580000, 0x00000000d5b80000, 0x0000000100000000)
  eden space 1536K, 100% used [0x00000000d5580000,0x00000000d5700000,0x00000000d5700000)
  from space 512K, 43% used [0x00000000d5a80000,0x00000000d5ab8000,0x00000000d5b00000)
  to   space 512K, 0% used [0x00000000d5b00000,0x00000000d5b00000,0x00000000d5b80000)
 ParOldGen       total 804864K, used 804428K [0x0000000080000000, 0x00000000b1200000, 0x00000000d5580000)
  object space 804864K, 99% used [0x0000000080000000,0x00000000b11932d0,0x00000000b1200000)
 Metaspace       used 88384K, committed 89984K, reserved 1179648K
  class space    used 10338K, committed 11072K, reserved 1048576K
}
Event: 3751.153 GC heap after
{Heap after GC invocations=4509 (full 4):
 PSYoungGen      total 2048K, used 256K [0x00000000d5580000, 0x00000000d5b80000, 0x0000000100000000)
  eden space 1536K, 0% used [0x00000000d5580000,0x00000000d5580000,0x00000000d5700000)
  from space 512K, 50% used [0x00000000d5b00000,0x00000000d5b40000,0x00000000d5b80000)
  to   space 512K, 0% used [0x00000000d5a80000,0x00000000d5a80000,0x00000000d5b00000)
 ParOldGen       total 804864K, used 804476K [0x0000000080000000, 0x00000000b1200000, 0x00000000d5580000)
  object space 804864K, 99% used [0x0000000080000000,0x00000000b119f2d0,0x00000000b1200000)
 Metaspace       used 88384K, committed 89984K, reserved 1179648K
  class space    used 10338K, committed 11072K, reserved 1048576K
}
Event: 3753.194 GC heap before
{Heap before GC invocations=4510 (full 4):
 PSYoungGen      total 2048K, used 1792K [0x00000000d5580000, 0x00000000d5b80000, 0x0000000100000000)
  eden space 1536K, 100% used [0x00000000d5580000,0x00000000d5700000,0x00000000d5700000)
  from space 512K, 50% used [0x00000000d5b00000,0x00000000d5b40000,0x00000000d5b80000)
  to   space 512K, 0% used [0x00000000d5a80000,0x00000000d5a80000,0x00000000d5b00000)
 ParOldGen       total 804864K, used 804476K [0x0000000080000000, 0x00000000b1200000, 0x00000000d5580000)
  object space 804864K, 99% used [0x0000000080000000,0x00000000b119f2d0,0x00000000b1200000)
 Metaspace       used 88384K, committed 89984K, reserved 1179648K
  class space    used 10338K, committed 11072K, reserved 1048576K
}
Event: 3753.196 GC heap after
{Heap after GC invocations=4510 (full 4):
 PSYoungGen      total 2048K, used 320K [0x00000000d5580000, 0x00000000d5b80000, 0x0000000100000000)
  eden space 1536K, 0% used [0x00000000d5580000,0x00000000d5580000,0x00000000d5700000)
  from space 512K, 62% used [0x00000000d5a80000,0x00000000d5ad0000,0x00000000d5b00000)
  to   space 512K, 0% used [0x00000000d5b00000,0x00000000d5b00000,0x00000000d5b80000)
 ParOldGen       total 804864K, used 804524K [0x0000000080000000, 0x00000000b1200000, 0x00000000d5580000)
  object space 804864K, 99% used [0x0000000080000000,0x00000000b11ab2d0,0x00000000b1200000)
 Metaspace       used 88384K, committed 89984K, reserved 1179648K
  class space    used 10338K, committed 11072K, reserved 1048576K
}
Event: 3756.385 GC heap before
{Heap before GC invocations=4511 (full 4):
 PSYoungGen      total 2048K, used 1856K [0x00000000d5580000, 0x00000000d5b80000, 0x0000000100000000)
  eden space 1536K, 100% used [0x00000000d5580000,0x00000000d5700000,0x00000000d5700000)
  from space 512K, 62% used [0x00000000d5a80000,0x00000000d5ad0000,0x00000000d5b00000)
  to   space 512K, 0% used [0x00000000d5b00000,0x00000000d5b00000,0x00000000d5b80000)
 ParOldGen       total 804864K, used 804524K [0x0000000080000000, 0x00000000b1200000, 0x00000000d5580000)
  object space 804864K, 99% used [0x0000000080000000,0x00000000b11ab2d0,0x00000000b1200000)
 Metaspace       used 88384K, committed 89984K, reserved 1179648K
  class space    used 10338K, committed 11072K, reserved 1048576K
}
Event: 3756.392 GC heap after
{Heap after GC invocations=4511 (full 4):
 PSYoungGen      total 2048K, used 256K [0x00000000d5580000, 0x00000000d5b80000, 0x0000000100000000)
  eden space 1536K, 0% used [0x00000000d5580000,0x00000000d5580000,0x00000000d5700000)
  from space 512K, 50% used [0x00000000d5b00000,0x00000000d5b40000,0x00000000d5b80000)
  to   space 512K, 0% used [0x00000000d5a80000,0x00000000d5a80000,0x00000000d5b00000)
 ParOldGen       total 804864K, used 804532K [0x0000000080000000, 0x00000000b1200000, 0x00000000d5580000)
  object space 804864K, 99% used [0x0000000080000000,0x00000000b11ad2d0,0x00000000b1200000)
 Metaspace       used 88384K, committed 89984K, reserved 1179648K
  class space    used 10338K, committed 11072K, reserved 1048576K
}
Event: 3759.497 GC heap before
{Heap before GC invocations=4512 (full 4):
 PSYoungGen      total 2048K, used 1791K [0x00000000d5580000, 0x00000000d5b80000, 0x0000000100000000)
  eden space 1536K, 99% used [0x00000000d5580000,0x00000000d56fffb8,0x00000000d5700000)
  from space 512K, 50% used [0x00000000d5b00000,0x00000000d5b40000,0x00000000d5b80000)
  to   space 512K, 0% used [0x00000000d5a80000,0x00000000d5a80000,0x00000000d5b00000)
 ParOldGen       total 804864K, used 804532K [0x0000000080000000, 0x00000000b1200000, 0x00000000d5580000)
  object space 804864K, 99% used [0x0000000080000000,0x00000000b11ad2d0,0x00000000b1200000)
 Metaspace       used 88384K, committed 89984K, reserved 1179648K
  class space    used 10338K, committed 11072K, reserved 1048576K
}
Event: 3759.500 GC heap after
{Heap after GC invocations=4512 (full 4):
 PSYoungGen      total 2048K, used 192K [0x00000000d5580000, 0x00000000d5b80000, 0x0000000100000000)
  eden space 1536K, 0% used [0x00000000d5580000,0x00000000d5580000,0x00000000d5700000)
  from space 512K, 37% used [0x00000000d5a80000,0x00000000d5ab0000,0x00000000d5b00000)
  to   space 512K, 0% used [0x00000000d5b00000,0x00000000d5b00000,0x00000000d5b80000)
 ParOldGen       total 804864K, used 804572K [0x0000000080000000, 0x00000000b1200000, 0x00000000d5580000)
  object space 804864K, 99% used [0x0000000080000000,0x00000000b11b72d0,0x00000000b1200000)
 Metaspace       used 88384K, committed 89984K, reserved 1179648K
  class space    used 10338K, committed 11072K, reserved 1048576K
}
Event: 3759.632 GC heap before
{Heap before GC invocations=4513 (full 4):
 PSYoungGen      total 2048K, used 1728K [0x00000000d5580000, 0x00000000d5b80000, 0x0000000100000000)
  eden space 1536K, 100% used [0x00000000d5580000,0x00000000d5700000,0x00000000d5700000)
  from space 512K, 37% used [0x00000000d5a80000,0x00000000d5ab0000,0x00000000d5b00000)
  to   space 512K, 0% used [0x00000000d5b00000,0x00000000d5b00000,0x00000000d5b80000)
 ParOldGen       total 804864K, used 804572K [0x0000000080000000, 0x00000000b1200000, 0x00000000d5580000)
  object space 804864K, 99% used [0x0000000080000000,0x00000000b11b72d0,0x00000000b1200000)
 Metaspace       used 88385K, committed 89984K, reserved 1179648K
  class space    used 10338K, committed 11072K, reserved 1048576K
}
Event: 3759.634 GC heap after
{Heap after GC invocations=4513 (full 4):
 PSYoungGen      total 2048K, used 192K [0x00000000d5580000, 0x00000000d5b80000, 0x0000000100000000)
  eden space 1536K, 0% used [0x00000000d5580000,0x00000000d5580000,0x00000000d5700000)
  from space 512K, 37% used [0x00000000d5b00000,0x00000000d5b30000,0x00000000d5b80000)
  to   space 512K, 0% used [0x00000000d5a80000,0x00000000d5a80000,0x00000000d5b00000)
 ParOldGen       total 804864K, used 804628K [0x0000000080000000, 0x00000000b1200000, 0x00000000d5580000)
  object space 804864K, 99% used [0x0000000080000000,0x00000000b11c52d0,0x00000000b1200000)
 Metaspace       used 88385K, committed 89984K, reserved 1179648K
  class space    used 10338K, committed 11072K, reserved 1048576K
}
Event: 3761.830 GC heap before
{Heap before GC invocations=4514 (full 4):
 PSYoungGen      total 2048K, used 1728K [0x00000000d5580000, 0x00000000d5b80000, 0x0000000100000000)
  eden space 1536K, 100% used [0x00000000d5580000,0x00000000d5700000,0x00000000d5700000)
  from space 512K, 37% used [0x00000000d5b00000,0x00000000d5b30000,0x00000000d5b80000)
  to   space 512K, 0% used [0x00000000d5a80000,0x00000000d5a80000,0x00000000d5b00000)
 ParOldGen       total 804864K, used 804628K [0x0000000080000000, 0x00000000b1200000, 0x00000000d5580000)
  object space 804864K, 99% used [0x0000000080000000,0x00000000b11c52d0,0x00000000b1200000)
 Metaspace       used 88385K, committed 89984K, reserved 1179648K
  class space    used 10338K, committed 11072K, reserved 1048576K
}
Event: 3761.833 GC heap after
{Heap after GC invocations=4514 (full 4):
 PSYoungGen      total 2048K, used 224K [0x00000000d5580000, 0x00000000d5b80000, 0x0000000100000000)
  eden space 1536K, 0% used [0x00000000d5580000,0x00000000d5580000,0x00000000d5700000)
  from space 512K, 43% used [0x00000000d5a80000,0x00000000d5ab8000,0x00000000d5b00000)
  to   space 512K, 0% used [0x00000000d5b00000,0x00000000d5b00000,0x00000000d5b80000)
 ParOldGen       total 804864K, used 804668K [0x0000000080000000, 0x00000000b1200000, 0x00000000d5580000)
  object space 804864K, 99% used [0x0000000080000000,0x00000000b11cf2d0,0x00000000b1200000)
 Metaspace       used 88385K, committed 89984K, reserved 1179648K
  class space    used 10338K, committed 11072K, reserved 1048576K
}
Event: 3761.974 GC heap before
{Heap before GC invocations=4515 (full 4):
 PSYoungGen      total 2048K, used 1753K [0x00000000d5580000, 0x00000000d5b80000, 0x0000000100000000)
  eden space 1536K, 99% used [0x00000000d5580000,0x00000000d56fe710,0x00000000d5700000)
  from space 512K, 43% used [0x00000000d5a80000,0x00000000d5ab8000,0x00000000d5b00000)
  to   space 512K, 0% used [0x00000000d5b00000,0x00000000d5b00000,0x00000000d5b80000)
 ParOldGen       total 804864K, used 804668K [0x0000000080000000, 0x00000000b1200000, 0x00000000d5580000)
  object space 804864K, 99% used [0x0000000080000000,0x00000000b11cf2d0,0x00000000b1200000)
 Metaspace       used 88385K, committed 89984K, reserved 1179648K
  class space    used 10338K, committed 11072K, reserved 1048576K
}
Event: 3761.977 GC heap after
{Heap after GC invocations=4515 (full 4):
 PSYoungGen      total 2048K, used 288K [0x00000000d5580000, 0x00000000d5b80000, 0x0000000100000000)
  eden space 1536K, 0% used [0x00000000d5580000,0x00000000d5580000,0x00000000d5700000)
  from space 512K, 56% used [0x00000000d5b00000,0x00000000d5b48000,0x00000000d5b80000)
  to   space 512K, 0% used [0x00000000d5a80000,0x00000000d5a80000,0x00000000d5b00000)
 ParOldGen       total 804864K, used 804716K [0x0000000080000000, 0x00000000b1200000, 0x00000000d5580000)
  object space 804864K, 99% used [0x0000000080000000,0x00000000b11db2d0,0x00000000b1200000)
 Metaspace       used 88385K, committed 89984K, reserved 1179648K
  class space    used 10338K, committed 11072K, reserved 1048576K
}

Dll operation events (15 events):
Event: 0.030 Loaded shared library c:\Users\kbhar\.vscode\extensions\redhat.java-1.44.0-win32-x64\jre\21.0.8-win32-x86_64\bin\java.dll
Event: 0.251 Loaded shared library c:\Users\kbhar\.vscode\extensions\redhat.java-1.44.0-win32-x64\jre\21.0.8-win32-x86_64\bin\zip.dll
Event: 0.290 Loaded shared library C:\Users\kbhar\.vscode\extensions\redhat.java-1.44.0-win32-x64\jre\21.0.8-win32-x86_64\bin\instrument.dll
Event: 0.304 Loaded shared library C:\Users\kbhar\.vscode\extensions\redhat.java-1.44.0-win32-x64\jre\21.0.8-win32-x86_64\bin\net.dll
Event: 0.309 Loaded shared library C:\Users\kbhar\.vscode\extensions\redhat.java-1.44.0-win32-x64\jre\21.0.8-win32-x86_64\bin\nio.dll
Event: 0.315 Loaded shared library C:\Users\kbhar\.vscode\extensions\redhat.java-1.44.0-win32-x64\jre\21.0.8-win32-x86_64\bin\zip.dll
Event: 0.345 Loaded shared library C:\Users\kbhar\.vscode\extensions\redhat.java-1.44.0-win32-x64\jre\21.0.8-win32-x86_64\bin\jimage.dll
Event: 0.523 Loaded shared library c:\Users\kbhar\.vscode\extensions\redhat.java-1.44.0-win32-x64\jre\21.0.8-win32-x86_64\bin\verify.dll
Event: 12.309 Loaded shared library C:\Users\kbhar\AppData\Roaming\Code\User\globalStorage\redhat.java\1.44.0\config_win\org.eclipse.equinox.launcher\org.eclipse.equinox.launcher.win32.win32.x86_64_1.2.1400.v20250730-1736\eclipse_11913.dll
Event: 30.824 Loaded shared library C:\Users\kbhar\AppData\Local\Temp\jna-101839330\jna9037469885782451921.dll
Event: 113.500 Loaded shared library C:\Users\kbhar\.gradle\native\1def1411415f61bf3af743bc5b6707747c0891f09f0c88961ee8f79bc544acac\windows-amd64\native-platform.dll
Event: 236.641 Loaded shared library C:\Users\kbhar\.vscode\extensions\redhat.java-1.44.0-win32-x64\jre\21.0.8-win32-x86_64\bin\management.dll
Event: 236.678 Loaded shared library C:\Users\kbhar\.vscode\extensions\redhat.java-1.44.0-win32-x64\jre\21.0.8-win32-x86_64\bin\management_ext.dll
Event: 239.151 Loaded shared library C:\Users\kbhar\.vscode\extensions\redhat.java-1.44.0-win32-x64\jre\21.0.8-win32-x86_64\bin\sunmscapi.dll
Event: 239.556 Loaded shared library C:\Users\kbhar\.vscode\extensions\redhat.java-1.44.0-win32-x64\jre\21.0.8-win32-x86_64\bin\extnet.dll

Deoptimization events (20 events):
Event: 2478.097 Thread 0x0000012978fa0eb0 DEOPT PACKING pc=0x0000012964f14f3c sp=0x0000000c508feb70
Event: 2478.099 Thread 0x0000012978fa0eb0 DEOPT UNPACKING pc=0x0000012964213aa2 sp=0x0000000c508feab0 mode 2
Event: 2481.824 Thread 0x0000012978fa0eb0 DEOPT PACKING pc=0x000001295ccfaf7d sp=0x0000000c508fe060
Event: 2481.839 Thread 0x0000012978fa0eb0 DEOPT UNPACKING pc=0x0000012964214242 sp=0x0000000c508fd510 mode 0
Event: 2700.778 Thread 0x0000012978fa5d70 Uncommon trap: trap_request=0xffffff45 fr.pc=0x0000012964c9b228 relative=0x00000000000008e8
Event: 2700.779 Thread 0x0000012978fa5d70 Uncommon trap: reason=unstable_if action=reinterpret pc=0x0000012964c9b228 method=org.eclipse.core.internal.resources.MarkerWriter.snap(Lorg/eclipse/core/internal/resources/ResourceInfo;Lorg/eclipse/core/internal/watson/IPathRequestor;Ljava/io/DataOutputS
Event: 2700.779 Thread 0x0000012978fa5d70 DEOPT PACKING pc=0x0000012964c9b228 sp=0x0000000c4d0fee40
Event: 2700.784 Thread 0x0000012978fa5d70 DEOPT UNPACKING pc=0x0000012964213aa2 sp=0x0000000c4d0fecb0 mode 2
Event: 3347.040 Thread 0x0000012978fa0eb0 Uncommon trap: trap_request=0xffffffde fr.pc=0x0000012964b8501c relative=0x0000000000003d7c
Event: 3347.180 Thread 0x0000012978fa0eb0 Uncommon trap: reason=class_check action=maybe_recompile pc=0x0000012964b8501c method=org.eclipse.core.internal.localstore.UnifiedTree.addChildren(Lorg/eclipse/core/internal/localstore/UnifiedTreeNode;)V @ 175 c2
Event: 3347.180 Thread 0x0000012978fa0eb0 DEOPT PACKING pc=0x0000012964b8501c sp=0x0000000c508feae0
Event: 3347.248 Thread 0x0000012978fa0eb0 DEOPT UNPACKING pc=0x0000012964213aa2 sp=0x0000000c508fea98 mode 2
Event: 3347.366 Thread 0x0000012978fa0eb0 Uncommon trap: trap_request=0xffffff45 fr.pc=0x0000012964b86f84 relative=0x0000000000005ce4
Event: 3347.371 Thread 0x0000012978fa0eb0 Uncommon trap: reason=unstable_if action=reinterpret pc=0x0000012964b86f84 method=org.eclipse.core.internal.localstore.UnifiedTreeNode.isFolder()Z @ 4 c2
Event: 3347.371 Thread 0x0000012978fa0eb0 DEOPT PACKING pc=0x0000012964b86f84 sp=0x0000000c508feae0
Event: 3347.376 Thread 0x0000012978fa0eb0 DEOPT UNPACKING pc=0x0000012964213aa2 sp=0x0000000c508fea40 mode 2
Event: 3435.346 Thread 0x0000012978fa0eb0 Uncommon trap: trap_request=0xffffffde fr.pc=0x0000012964ad23d8 relative=0x0000000000000d78
Event: 3435.349 Thread 0x0000012978fa0eb0 Uncommon trap: reason=class_check action=maybe_recompile pc=0x0000012964ad23d8 method=org.eclipse.core.internal.localstore.UnifiedTree.getWorkspace()Lorg/eclipse/core/internal/resources/Workspace; @ 4 c2
Event: 3435.349 Thread 0x0000012978fa0eb0 DEOPT PACKING pc=0x0000012964ad23d8 sp=0x0000000c508feb10
Event: 3435.355 Thread 0x0000012978fa0eb0 DEOPT UNPACKING pc=0x0000012964213aa2 sp=0x0000000c508fea08 mode 2

Classes loaded (20 events):
Event: 1880.845 Loading class java/io/ObjectStreamClass$4
Event: 1880.845 Loading class java/io/ObjectStreamClass$4 done
Event: 1880.845 Loading class java/io/ObjectStreamClass$5
Event: 1880.845 Loading class java/io/ObjectStreamClass$5 done
Event: 1880.867 Loading class java/nio/channels/spi/AbstractSelector$1
Event: 1880.867 Loading class java/nio/channels/spi/AbstractSelector$1 done
Event: 1880.952 Loading class java/util/concurrent/Executors$AutoShutdownDelegatedExecutorService
Event: 1880.953 Loading class java/util/concurrent/Executors$AutoShutdownDelegatedExecutorService done
Event: 1883.441 Loading class java/lang/UnsupportedClassVersionError
Event: 1883.441 Loading class java/lang/UnsupportedClassVersionError done
Event: 1892.936 Loading class java/time/Ser
Event: 1892.938 Loading class java/time/Ser done
Event: 1945.640 Loading class java/util/concurrent/ConcurrentLinkedQueue$Itr
Event: 1945.643 Loading class java/util/concurrent/ConcurrentLinkedQueue$Itr done
Event: 1945.738 Loading class java/io/ObjectInputStream$Caches
Event: 1945.742 Loading class java/io/ObjectInputStream$Caches done
Event: 1945.742 Loading class java/io/ObjectInputStream$Caches$1
Event: 1945.743 Loading class java/io/ObjectInputStream$Caches$1 done
Event: 1968.597 Loading class sun/reflect/generics/tree/IntSignature
Event: 1968.604 Loading class sun/reflect/generics/tree/IntSignature done

Classes unloaded (20 events):
Event: 1918.084 Thread 0x0000012970521be0 Unloading class 0x0000012901018800 'java/lang/invoke/LambdaForm$MH+0x0000012901018800'
Event: 1918.084 Thread 0x0000012970521be0 Unloading class 0x0000012901018400 'java/lang/invoke/LambdaForm$MH+0x0000012901018400'
Event: 1918.084 Thread 0x0000012970521be0 Unloading class 0x0000012901018000 'java/lang/invoke/LambdaForm$MH+0x0000012901018000'
Event: 1918.084 Thread 0x0000012970521be0 Unloading class 0x0000012901017400 'java/lang/invoke/LambdaForm$MH+0x0000012901017400'
Event: 1918.085 Thread 0x0000012970521be0 Unloading class 0x0000012901016400 'java/lang/invoke/LambdaForm$MH+0x0000012901016400'
Event: 1918.086 Thread 0x0000012970521be0 Unloading class 0x000001290100d800 'java/lang/invoke/LambdaForm$MH+0x000001290100d800'
Event: 1918.086 Thread 0x0000012970521be0 Unloading class 0x000001290100d400 'java/lang/invoke/LambdaForm$MH+0x000001290100d400'
Event: 1918.086 Thread 0x0000012970521be0 Unloading class 0x000001290100d000 'java/lang/invoke/LambdaForm$MH+0x000001290100d000'
Event: 1918.086 Thread 0x0000012970521be0 Unloading class 0x000001290100cc00 'java/lang/invoke/LambdaForm$MH+0x000001290100cc00'
Event: 1918.086 Thread 0x0000012970521be0 Unloading class 0x000001290100c800 'java/lang/invoke/LambdaForm$BMH+0x000001290100c800'
Event: 1918.086 Thread 0x0000012970521be0 Unloading class 0x000001290100c000 'java/lang/invoke/LambdaForm$DMH+0x000001290100c000'
Event: 1918.086 Thread 0x0000012970521be0 Unloading class 0x0000012901008c00 'java/lang/invoke/LambdaForm$MH+0x0000012901008c00'
Event: 1918.086 Thread 0x0000012970521be0 Unloading class 0x0000012901008800 'java/lang/invoke/LambdaForm$MH+0x0000012901008800'
Event: 1918.086 Thread 0x0000012970521be0 Unloading class 0x0000012901008400 'java/lang/invoke/LambdaForm$MH+0x0000012901008400'
Event: 1918.087 Thread 0x0000012970521be0 Unloading class 0x0000012901007000 'java/lang/invoke/LambdaForm$MH+0x0000012901007000'
Event: 1918.087 Thread 0x0000012970521be0 Unloading class 0x0000012901006800 'java/lang/invoke/LambdaForm$MH+0x0000012901006800'
Event: 1918.087 Thread 0x0000012970521be0 Unloading class 0x0000012901006400 'java/lang/invoke/LambdaForm$MH+0x0000012901006400'
Event: 1918.087 Thread 0x0000012970521be0 Unloading class 0x0000012901006000 'java/lang/invoke/LambdaForm$MH+0x0000012901006000'
Event: 1918.087 Thread 0x0000012970521be0 Unloading class 0x0000012901005c00 'java/lang/invoke/LambdaForm$BMH+0x0000012901005c00'
Event: 1918.087 Thread 0x0000012970521be0 Unloading class 0x0000012901004800 'java/lang/invoke/LambdaForm$DMH+0x0000012901004800'

Classes redefined (0 events):
No events

Internal exceptions (20 events):
Event: 1998.487 Thread 0x0000012978fa5d70 Exception <a 'sun/nio/fs/WindowsException'{0x00000000d577d408}> (0x00000000d577d408) 
thrown [s\src\hotspot\share\prims\jni.cpp, line 520]
Event: 1999.825 Thread 0x00000129774cff20 Exception <a 'sun/nio/fs/WindowsException'{0x00000000d55fe6e0}> (0x00000000d55fe6e0) 
thrown [s\src\hotspot\share\prims\jni.cpp, line 520]
Event: 2135.504 Thread 0x0000012978fa0eb0 Exception <a 'sun/nio/fs/WindowsException'{0x00000000d561c8d8}> (0x00000000d561c8d8) 
thrown [s\src\hotspot\share\prims\jni.cpp, line 520]
Event: 2136.123 Thread 0x00000129774cff20 Exception <a 'sun/nio/fs/WindowsException'{0x00000000d559b860}> (0x00000000d559b860) 
thrown [s\src\hotspot\share\prims\jni.cpp, line 520]
Event: 2139.965 Thread 0x00000129774cff20 Exception <a 'sun/nio/fs/WindowsException'{0x00000000d55a4878}> (0x00000000d55a4878) 
thrown [s\src\hotspot\share\prims\jni.cpp, line 520]
Event: 2141.417 Thread 0x0000012978fa0eb0 Exception <a 'sun/nio/fs/WindowsException'{0x00000000d56b8b20}> (0x00000000d56b8b20) 
thrown [s\src\hotspot\share\prims\jni.cpp, line 520]
Event: 2141.484 Thread 0x00000129774cff20 Exception <a 'sun/nio/fs/WindowsException'{0x00000000d57ef7e8}> (0x00000000d57ef7e8) 
thrown [s\src\hotspot\share\prims\jni.cpp, line 520]
Event: 2141.782 Thread 0x0000012978fa0eb0 Exception <a 'sun/nio/fs/WindowsException'{0x00000000d56721c0}> (0x00000000d56721c0) 
thrown [s\src\hotspot\share\prims\jni.cpp, line 520]
Event: 2142.417 Thread 0x0000012978fa0eb0 Exception <a 'sun/nio/fs/WindowsException'{0x00000000d57cf8f8}> (0x00000000d57cf8f8) 
thrown [s\src\hotspot\share\prims\jni.cpp, line 520]
Event: 2142.811 Thread 0x0000012978fa0eb0 Exception <a 'sun/nio/fs/WindowsException'{0x00000000d55954c8}> (0x00000000d55954c8) 
thrown [s\src\hotspot\share\prims\jni.cpp, line 520]
Event: 2147.437 Thread 0x00000129774cff20 Exception <a 'sun/nio/fs/WindowsException'{0x00000000d578cb78}> (0x00000000d578cb78) 
thrown [s\src\hotspot\share\prims\jni.cpp, line 520]
Event: 2149.470 Thread 0x0000012978fa0eb0 Exception <a 'sun/nio/fs/WindowsException'{0x00000000d56ca338}> (0x00000000d56ca338) 
thrown [s\src\hotspot\share\prims\jni.cpp, line 520]
Event: 2149.630 Thread 0x00000129774cff20 Exception <a 'sun/nio/fs/WindowsException'{0x00000000d55e3c80}> (0x00000000d55e3c80) 
thrown [s\src\hotspot\share\prims\jni.cpp, line 520]
Event: 2151.224 Thread 0x00000129774cff20 Exception <a 'sun/nio/fs/WindowsException'{0x00000000d55a4170}> (0x00000000d55a4170) 
thrown [s\src\hotspot\share\prims\jni.cpp, line 520]
Event: 2151.244 Thread 0x0000012978fa0eb0 Exception <a 'sun/nio/fs/WindowsException'{0x00000000d57398b8}> (0x00000000d57398b8) 
thrown [s\src\hotspot\share\prims\jni.cpp, line 520]
Event: 2158.770 Thread 0x0000012978fa0eb0 Exception <a 'sun/nio/fs/WindowsException'{0x00000000d5669b20}> (0x00000000d5669b20) 
thrown [s\src\hotspot\share\prims\jni.cpp, line 520]
Event: 2159.125 Thread 0x00000129774cff20 Exception <a 'sun/nio/fs/WindowsException'{0x00000000d573af08}> (0x00000000d573af08) 
thrown [s\src\hotspot\share\prims\jni.cpp, line 520]
Event: 2160.747 Thread 0x0000012978fa0eb0 Exception <a 'sun/nio/fs/WindowsException'{0x00000000d55a8b50}> (0x00000000d55a8b50) 
thrown [s\src\hotspot\share\prims\jni.cpp, line 520]
Event: 2162.401 Thread 0x00000129774cff20 Exception <a 'sun/nio/fs/WindowsException'{0x00000000d55c2a70}> (0x00000000d55c2a70) 
thrown [s\src\hotspot\share\prims\jni.cpp, line 520]
Event: 3347.364 Thread 0x0000012978fa0eb0 Implicit null exception at 0x0000012964b81c2e to 0x0000012964b86f68

ZGC Phase Switch (0 events):
No events

VM Operations (20 events):
Event: 3761.971 Executing VM operation: ParallelGCFailedAllocation (Allocation Failure)
Event: 3761.977 Executing VM operation: ParallelGCFailedAllocation (Allocation Failure) done
Event: 3789.799 Executing VM operation: HandshakeAllThreads (HandshakeForDeflation)
Event: 3789.799 Executing VM operation: HandshakeAllThreads (HandshakeForDeflation) done
Event: 3789.800 Executing VM operation: RendezvousGCThreads
Event: 3789.800 Executing VM operation: RendezvousGCThreads done
Event: 3910.097 Executing VM operation: HandshakeAllThreads (HandshakeForDeflation)
Event: 3910.104 Executing VM operation: HandshakeAllThreads (HandshakeForDeflation) done
Event: 3910.104 Executing VM operation: RendezvousGCThreads
Event: 3910.104 Executing VM operation: RendezvousGCThreads done
Event: 3934.116 Executing VM operation: Cleanup
Event: 3934.116 Executing VM operation: Cleanup done
Event: 4011.204 Executing VM operation: Cleanup
Event: 4011.337 Executing VM operation: Cleanup done
Event: 4012.337 Executing VM operation: Cleanup
Event: 4012.338 Executing VM operation: Cleanup done
Event: 4030.490 Executing VM operation: HandshakeAllThreads (HandshakeForDeflation)
Event: 4030.491 Executing VM operation: HandshakeAllThreads (HandshakeForDeflation) done
Event: 4030.491 Executing VM operation: RendezvousGCThreads
Event: 4030.491 Executing VM operation: RendezvousGCThreads done

Memory protections (0 events):
No events

Nmethod flushes (20 events):
Event: 1920.998 Thread 0x0000012970521be0 flushing  nmethod 0x000001295e492090
Event: 1920.998 Thread 0x0000012970521be0 flushing  nmethod 0x000001295e4f1e10
Event: 1920.998 Thread 0x0000012970521be0 flushing  nmethod 0x000001295e4f8690
Event: 1920.999 Thread 0x0000012970521be0 flushing  nmethod 0x000001295e4fb790
Event: 1920.999 Thread 0x0000012970521be0 flushing  nmethod 0x000001295e4fd810
Event: 1920.999 Thread 0x0000012970521be0 flushing  nmethod 0x000001295e4fdf90
Event: 1920.999 Thread 0x0000012970521be0 flushing  nmethod 0x000001295e501110
Event: 1920.999 Thread 0x0000012970521be0 flushing  nmethod 0x000001295e501b90
Event: 1920.999 Thread 0x0000012970521be0 flushing  nmethod 0x000001295e501f90
Event: 1920.999 Thread 0x0000012970521be0 flushing  nmethod 0x000001295e51c910
Event: 1920.999 Thread 0x0000012970521be0 flushing  nmethod 0x000001295e524910
Event: 1920.999 Thread 0x0000012970521be0 flushing  nmethod 0x000001295e526990
Event: 1920.999 Thread 0x0000012970521be0 flushing  nmethod 0x000001295e55bf90
Event: 1920.999 Thread 0x0000012970521be0 flushing  nmethod 0x000001295e55d810
Event: 1920.999 Thread 0x0000012970521be0 flushing  nmethod 0x000001295e564090
Event: 1920.999 Thread 0x0000012970521be0 flushing  nmethod 0x000001295e567890
Event: 1921.000 Thread 0x0000012970521be0 flushing  nmethod 0x000001295e593b90
Event: 1921.000 Thread 0x0000012970521be0 flushing  nmethod 0x000001295e5a3690
Event: 1921.001 Thread 0x0000012970521be0 flushing  nmethod 0x000001295e5bc590
Event: 1921.001 Thread 0x0000012970521be0 flushing  nmethod 0x000001295e5d5190

Events (20 events):
Event: 2437.295 Thread 0x000001297bf43090 Thread exited: 0x000001297bf43090
Event: 2443.397 Thread 0x000001297bf45e80 Thread exited: 0x000001297bf45e80
Event: 2443.398 Thread 0x000001297bf44440 Thread exited: 0x000001297bf44440
Event: 2449.741 Thread 0x000001297bf42370 Thread exited: 0x000001297bf42370
Event: 2449.743 Thread 0x000001297bf46510 Thread exited: 0x000001297bf46510
Event: 2449.766 Thread 0x000001297bf45160 Thread exited: 0x000001297bf45160
Event: 2700.198 Thread 0x0000012978fa5d70 Thread added: 0x000001297bf42370
Event: 2700.343 Thread 0x000001297bf42370 Thread exited: 0x000001297bf42370
Event: 3027.668 Thread 0x0000012978fa5d70 Thread added: 0x000001297bf42370
Event: 3027.802 Thread 0x000001297bf42370 Thread exited: 0x000001297bf42370
Event: 3029.131 Thread 0x0000012978fa5d70 Thread added: 0x000001297bf45160
Event: 3041.914 Thread 0x000001297bf47f50 Thread exited: 0x000001297bf47f50
Event: 3342.341 Thread 0x000001297bf45160 Thread added: 0x000001297bf44440
Event: 3342.363 Thread 0x000001297bf44440 Thread exited: 0x000001297bf44440
Event: 3404.914 Thread 0x000001297bf45160 Thread added: 0x000001297bf41ce0
Event: 3435.469 Thread 0x0000012978fa5d70 Thread exited: 0x0000012978fa5d70
Event: 3646.576 Thread 0x000001297bf41ce0 Thread added: 0x000001297bf44440
Event: 3646.604 Thread 0x000001297bf44440 Thread exited: 0x000001297bf44440
Event: 4011.720 Thread 0x000001297bf41ce0 Thread added: 0x000001297bf457f0
Event: 4011.751 Thread 0x000001297bf457f0 Thread exited: 0x000001297bf457f0


Dynamic libraries:
0x00007ff6a2840000 - 0x00007ff6a284e000 	c:\Users\kbhar\.vscode\extensions\redhat.java-1.44.0-win32-x64\jre\21.0.8-win32-x86_64\bin\java.exe
0x00007ffbb3120000 - 0x00007ffbb3387000 	C:\WINDOWS\SYSTEM32\ntdll.dll
0x00007ffbb2b40000 - 0x00007ffbb2c09000 	C:\WINDOWS\System32\KERNEL32.DLL
0x00007ffbb05b0000 - 0x00007ffbb09a0000 	C:\WINDOWS\System32\KERNELBASE.dll
0x00007ffbb0b00000 - 0x00007ffbb0c4b000 	C:\WINDOWS\System32\ucrtbase.dll
0x00007ffb55b90000 - 0x00007ffb55bae000 	c:\Users\kbhar\.vscode\extensions\redhat.java-1.44.0-win32-x64\jre\21.0.8-win32-x86_64\bin\VCRUNTIME140.dll
0x00007ffb5fe60000 - 0x00007ffb5fe78000 	c:\Users\kbhar\.vscode\extensions\redhat.java-1.44.0-win32-x64\jre\21.0.8-win32-x86_64\bin\jli.dll
0x00007ffbb19a0000 - 0x00007ffbb1b65000 	C:\WINDOWS\System32\USER32.dll
0x00007ffb95f30000 - 0x00007ffb961ca000 	C:\WINDOWS\WinSxS\amd64_microsoft.windows.common-controls_6595b64144ccf1df_6.0.26100.4768_none_3e0c112ce331287c\COMCTL32.dll
0x00007ffbb2f70000 - 0x00007ffbb3019000 	C:\WINDOWS\System32\msvcrt.dll
0x00007ffbb1970000 - 0x00007ffbb199b000 	C:\WINDOWS\System32\GDI32.dll
0x00007ffbb0e80000 - 0x00007ffbb0ea7000 	C:\WINDOWS\System32\win32u.dll
0x00007ffbb02f0000 - 0x00007ffbb0428000 	C:\WINDOWS\System32\gdi32full.dll
0x00007ffbb0c50000 - 0x00007ffbb0cf3000 	C:\WINDOWS\System32\msvcp_win.dll
0x00007ffbb0eb0000 - 0x00007ffbb0edf000 	C:\WINDOWS\System32\IMM32.DLL
0x00007ffba9cb0000 - 0x00007ffba9cbc000 	c:\Users\kbhar\.vscode\extensions\redhat.java-1.44.0-win32-x64\jre\21.0.8-win32-x86_64\bin\vcruntime140_1.dll
0x00007ffb2fa10000 - 0x00007ffb2fa9d000 	c:\Users\kbhar\.vscode\extensions\redhat.java-1.44.0-win32-x64\jre\21.0.8-win32-x86_64\bin\msvcp140.dll
0x00007ffb163c0000 - 0x00007ffb17157000 	c:\Users\kbhar\.vscode\extensions\redhat.java-1.44.0-win32-x64\jre\21.0.8-win32-x86_64\bin\server\jvm.dll
0x00007ffbb2c90000 - 0x00007ffbb2d44000 	C:\WINDOWS\System32\ADVAPI32.dll
0x00007ffbb3030000 - 0x00007ffbb30d6000 	C:\WINDOWS\System32\sechost.dll
0x00007ffbb2e50000 - 0x00007ffbb2f68000 	C:\WINDOWS\System32\RPCRT4.dll
0x00007ffbb18f0000 - 0x00007ffbb1964000 	C:\WINDOWS\System32\WS2_32.dll
0x00007ffbaff10000 - 0x00007ffbaff6e000 	C:\WINDOWS\SYSTEM32\POWRPROF.dll
0x00007ffba8fe0000 - 0x00007ffba9015000 	C:\WINDOWS\SYSTEM32\WINMM.dll
0x00007ffba8fd0000 - 0x00007ffba8fdb000 	C:\WINDOWS\SYSTEM32\VERSION.dll
0x00007ffbafef0000 - 0x00007ffbaff04000 	C:\WINDOWS\SYSTEM32\UMPDC.dll
0x00007ffbaefd0000 - 0x00007ffbaefeb000 	C:\WINDOWS\SYSTEM32\kernel.appcore.dll
0x00007ffb83c90000 - 0x00007ffb83c9a000 	c:\Users\kbhar\.vscode\extensions\redhat.java-1.44.0-win32-x64\jre\21.0.8-win32-x86_64\bin\jimage.dll
0x00007ffba2ee0000 - 0x00007ffba3121000 	C:\WINDOWS\SYSTEM32\DBGHELP.DLL
0x00007ffbb2790000 - 0x00007ffbb2b15000 	C:\WINDOWS\System32\combase.dll
0x00007ffbb1720000 - 0x00007ffbb1800000 	C:\WINDOWS\System32\OLEAUT32.dll
0x00007ffb91c00000 - 0x00007ffb91c43000 	C:\WINDOWS\SYSTEM32\dbgcore.DLL
0x00007ffbb0250000 - 0x00007ffbb02e9000 	C:\WINDOWS\System32\bcryptPrimitives.dll
0x00007ffb6a380000 - 0x00007ffb6a38f000 	c:\Users\kbhar\.vscode\extensions\redhat.java-1.44.0-win32-x64\jre\21.0.8-win32-x86_64\bin\instrument.dll
0x00007ffb36dc0000 - 0x00007ffb36ddf000 	c:\Users\kbhar\.vscode\extensions\redhat.java-1.44.0-win32-x64\jre\21.0.8-win32-x86_64\bin\java.dll
0x00007ffbb1b70000 - 0x00007ffbb22bd000 	C:\WINDOWS\System32\SHELL32.dll
0x00007ffbb0d00000 - 0x00007ffbb0e73000 	C:\WINDOWS\System32\wintypes.dll
0x00007ffbade10000 - 0x00007ffbae66f000 	C:\WINDOWS\SYSTEM32\windows.storage.dll
0x00007ffbb2470000 - 0x00007ffbb2565000 	C:\WINDOWS\System32\SHCORE.dll
0x00007ffbb1080000 - 0x00007ffbb10ea000 	C:\WINDOWS\System32\shlwapi.dll
0x00007ffbb0170000 - 0x00007ffbb0199000 	C:\WINDOWS\SYSTEM32\profapi.dll
0x00007ffb36da0000 - 0x00007ffb36db8000 	c:\Users\kbhar\.vscode\extensions\redhat.java-1.44.0-win32-x64\jre\21.0.8-win32-x86_64\bin\zip.dll
0x00007ffb6ee00000 - 0x00007ffb6ee10000 	C:\Users\kbhar\.vscode\extensions\redhat.java-1.44.0-win32-x64\jre\21.0.8-win32-x86_64\bin\net.dll
0x00007ffba5e70000 - 0x00007ffba5f8e000 	C:\WINDOWS\SYSTEM32\WINHTTP.dll
0x00007ffbaf560000 - 0x00007ffbaf5cb000 	C:\WINDOWS\system32\mswsock.dll
0x00007ffb36d80000 - 0x00007ffb36d96000 	C:\Users\kbhar\.vscode\extensions\redhat.java-1.44.0-win32-x64\jre\21.0.8-win32-x86_64\bin\nio.dll
0x00007ffb55be0000 - 0x00007ffb55bf0000 	c:\Users\kbhar\.vscode\extensions\redhat.java-1.44.0-win32-x64\jre\21.0.8-win32-x86_64\bin\verify.dll
0x00007ffb48750000 - 0x00007ffb48795000 	C:\Users\kbhar\AppData\Roaming\Code\User\globalStorage\redhat.java\1.44.0\config_win\org.eclipse.equinox.launcher\org.eclipse.equinox.launcher.win32.win32.x86_64_1.2.1400.v20250730-1736\eclipse_11913.dll
0x00007ffbb22c0000 - 0x00007ffbb2460000 	C:\WINDOWS\System32\ole32.dll
0x00007ffbaf820000 - 0x00007ffbaf83b000 	C:\WINDOWS\SYSTEM32\CRYPTSP.dll
0x00007ffbaef30000 - 0x00007ffbaef6b000 	C:\WINDOWS\system32\rsaenh.dll
0x00007ffbaf600000 - 0x00007ffbaf62b000 	C:\WINDOWS\SYSTEM32\USERENV.dll
0x00007ffbb0140000 - 0x00007ffbb0166000 	C:\WINDOWS\SYSTEM32\bcrypt.dll
0x00007ffbaf840000 - 0x00007ffbaf84c000 	C:\WINDOWS\SYSTEM32\CRYPTBASE.dll
0x00007ffbae9c0000 - 0x00007ffbae9f3000 	C:\WINDOWS\SYSTEM32\IPHLPAPI.DLL
0x00007ffbb3020000 - 0x00007ffbb302a000 	C:\WINDOWS\System32\NSI.dll
0x00007ffb63000000 - 0x00007ffb63049000 	C:\Users\kbhar\AppData\Local\Temp\jna-101839330\jna9037469885782451921.dll
0x00007ffbb0f00000 - 0x00007ffbb0f08000 	C:\WINDOWS\System32\PSAPI.DLL
0x00007ffba8dc0000 - 0x00007ffba8ddf000 	C:\WINDOWS\SYSTEM32\dhcpcsvc6.DLL
0x00007ffba6dd0000 - 0x00007ffba6df5000 	C:\WINDOWS\SYSTEM32\dhcpcsvc.DLL
0x00007ffb4a7a0000 - 0x00007ffb4a7c7000 	C:\Users\kbhar\.gradle\native\1def1411415f61bf3af743bc5b6707747c0891f09f0c88961ee8f79bc544acac\windows-amd64\native-platform.dll
0x00007ffb6bea0000 - 0x00007ffb6beaa000 	C:\Users\kbhar\.vscode\extensions\redhat.java-1.44.0-win32-x64\jre\21.0.8-win32-x86_64\bin\management.dll
0x00007ffb630e0000 - 0x00007ffb630eb000 	C:\Users\kbhar\.vscode\extensions\redhat.java-1.44.0-win32-x64\jre\21.0.8-win32-x86_64\bin\management_ext.dll
0x00007ffb6a370000 - 0x00007ffb6a37e000 	C:\Users\kbhar\.vscode\extensions\redhat.java-1.44.0-win32-x64\jre\21.0.8-win32-x86_64\bin\sunmscapi.dll
0x00007ffbb0430000 - 0x00007ffbb05a7000 	C:\WINDOWS\System32\CRYPT32.dll
0x00007ffbafa40000 - 0x00007ffbafa70000 	C:\WINDOWS\SYSTEM32\ncrypt.dll
0x00007ffbaf9f0000 - 0x00007ffbafa2f000 	C:\WINDOWS\SYSTEM32\NTASN1.dll
0x00007ffbaea00000 - 0x00007ffbaeb26000 	C:\WINDOWS\SYSTEM32\DNSAPI.dll
0x00007ffba6830000 - 0x00007ffba683b000 	C:\Windows\System32\rasadhlp.dll
0x00007ffba9670000 - 0x00007ffba96f6000 	C:\WINDOWS\System32\fwpuclnt.dll
0x00007ffb55bd0000 - 0x00007ffb55bd9000 	C:\Users\kbhar\.vscode\extensions\redhat.java-1.44.0-win32-x64\jre\21.0.8-win32-x86_64\bin\extnet.dll
0x00007ffb9d650000 - 0x00007ffb9d658000 	C:\WINDOWS\system32\wshunix.dll

JVMTI agents:
c:\Users\kbhar\.vscode\extensions\redhat.java-1.44.0-win32-x64\lombok\lombok-1.18.39-4050.jar path:c:\Users\kbhar\.vscode\extensions\redhat.java-1.44.0-win32-x64\jre\21.0.8-win32-x86_64\bin\instrument.dll, loaded, initialized, instrumentlib options:none

dbghelp: loaded successfully - version: 4.0.5 - missing functions: none
symbol engine: initialized successfully - sym options: 0x614 - pdb path: .;c:\Users\kbhar\.vscode\extensions\redhat.java-1.44.0-win32-x64\jre\21.0.8-win32-x86_64\bin;C:\WINDOWS\SYSTEM32;C:\WINDOWS\WinSxS\amd64_microsoft.windows.common-controls_6595b64144ccf1df_6.0.26100.4768_none_3e0c112ce331287c;c:\Users\kbhar\.vscode\extensions\redhat.java-1.44.0-win32-x64\jre\21.0.8-win32-x86_64\bin\server;C:\Users\kbhar\AppData\Roaming\Code\User\globalStorage\redhat.java\1.44.0\config_win\org.eclipse.equinox.launcher\org.eclipse.equinox.launcher.win32.win32.x86_64_1.2.1400.v20250730-1736;C:\Users\kbhar\AppData\Local\Temp\jna-101839330;C:\Users\kbhar\.gradle\native\1def1411415f61bf3af743bc5b6707747c0891f09f0c88961ee8f79bc544acac\windows-amd64

VM Arguments:
jvm_args: --add-modules=ALL-SYSTEM --add-opens=java.base/java.util=ALL-UNNAMED --add-opens=java.base/java.lang=ALL-UNNAMED --add-opens=java.base/sun.nio.fs=ALL-UNNAMED -Declipse.application=org.eclipse.jdt.ls.core.id1 -Dosgi.bundles.defaultStartLevel=4 -Declipse.product=org.eclipse.jdt.ls.core.product -Djava.import.generatesMetadataFilesAtProjectRoot=false -DDetectVMInstallationsJob.disabled=true -Dfile.encoding=utf8 -XX:+UseParallelGC -XX:GCTimeRatio=4 -XX:AdaptiveSizePolicyWeight=90 -Dsun.zip.disableMemoryMapping=true -Xmx2G -Xms100m -Xlog:disable -javaagent:c:\Users\kbhar\.vscode\extensions\redhat.java-1.44.0-win32-x64\lombok\lombok-1.18.39-4050.jar -XX:+HeapDumpOnOutOfMemoryError -XX:HeapDumpPath=c:\Users\kbhar\AppData\Roaming\Code\User\workspaceStorage\c34bf875cf4edc1a23d84e6e517db48d\redhat.java -Daether.dependencyCollector.impl=bf 
java_command: c:\Users\kbhar\.vscode\extensions\redhat.java-1.44.0-win32-x64\server\plugins\org.eclipse.equinox.launcher_1.7.0.v20250519-0528.jar -configuration c:\Users\kbhar\AppData\Roaming\Code\User\globalStorage\redhat.java\1.44.0\config_win -data c:\Users\kbhar\AppData\Roaming\Code\User\workspaceStorage\c34bf875cf4edc1a23d84e6e517db48d\redhat.java\jdt_ws --pipe=\\.\pipe\lsp-1114b7271bff1cdd3a8d7fafb56977aa-sock
java_class_path (initial): c:\Users\kbhar\.vscode\extensions\redhat.java-1.44.0-win32-x64\server\plugins\org.eclipse.equinox.launcher_1.7.0.v20250519-0528.jar
Launcher Type: SUN_STANDARD

[Global flags]
    uintx AdaptiveSizePolicyWeight                 = 90                                        {product} {command line}
     intx CICompilerCount                          = 4                                         {product} {ergonomic}
    uintx GCTimeRatio                              = 4                                         {product} {command line}
     bool HeapDumpOnOutOfMemoryError               = true                                   {manageable} {command line}
    ccstr HeapDumpPath                             = c:\Users\kbhar\AppData\Roaming\Code\User\workspaceStorage\c34bf875cf4edc1a23d84e6e517db48d\redhat.java         {manageable} {command line}
   size_t InitialHeapSize                          = 104857600                                 {product} {command line}
   size_t MaxHeapSize                              = 2147483648                                {product} {command line}
   size_t MaxNewSize                               = 715653120                                 {product} {ergonomic}
   size_t MinHeapDeltaBytes                        = 524288                                    {product} {ergonomic}
   size_t MinHeapSize                              = 104857600                                 {product} {command line}
   size_t NewSize                                  = 34603008                                  {product} {ergonomic}
    uintx NonNMethodCodeHeapSize                   = 5839372                                {pd product} {ergonomic}
    uintx NonProfiledCodeHeapSize                  = 122909434                              {pd product} {ergonomic}
   size_t OldSize                                  = 70254592                                  {product} {ergonomic}
    uintx ProfiledCodeHeapSize                     = 122909434                              {pd product} {ergonomic}
    uintx ReservedCodeCacheSize                    = 251658240                              {pd product} {ergonomic}
     bool SegmentedCodeCache                       = true                                      {product} {ergonomic}
   size_t SoftMaxHeapSize                          = 2147483648                             {manageable} {ergonomic}
     bool UseCompressedOops                        = true                           {product lp64_product} {ergonomic}
     bool UseLargePagesIndividualAllocation        = false                                  {pd product} {ergonomic}
     bool UseParallelGC                            = true                                      {product} {command line}

Logging:
Log output configuration:
 #0: stdout all=off uptime,level,tags foldmultilines=false
 #1: stderr all=off uptime,level,tags foldmultilines=false

Environment Variables:
PATH=C:\Program Files\Common Files\Oracle\Java\javapath;C:\windows\system32;C:\windows;C:\windows\System32\Wbem;C:\windows\System32\WindowsPowerShell\v1.0\;C:\windows\System32\OpenSSH\;C:\ProgramData\chocolatey\bin;C:\Program Files\HP\HP One Agent;C:\Program Files\nodejs\;C:\Users\kbhar\AppData\Local\Android\Sdk\platform-tools;C:\Program Files\Git\cmd;C:\WINDOWS\system32;C:\WINDOWS;C:\WINDOWS\System32\Wbem;C:\WINDOWS\System32\WindowsPowerShell\v1.0\;C:\WINDOWS\System32\OpenSSH\;C:\Users\kbhar\AppData\Local\Microsoft\WindowsApps;C:\Program Files\Java\jdk-19\bin;C:\Users\kbhar\AppData\Local\Programs\Microsoft VS Code\bin;C:\Users\kbhar\AppData\Roaming\npm;
USERNAME=kbhar
OS=Windows_NT
PROCESSOR_IDENTIFIER=AMD64 Family 25 Model 80 Stepping 0, AuthenticAMD
TMP=C:\Users\kbhar\AppData\Local\Temp
TEMP=C:\Users\kbhar\AppData\Local\Temp




Periodic native trim disabled

---------------  S Y S T E M  ---------------

OS:
 Windows 11 , 64 bit Build 26100 (10.0.26100.4768)
OS uptime: 0 days 23:25 hours
Hyper-V role detected

CPU: total 12 (initial active 12) (12 cores per cpu, 2 threads per core) family 25 model 80 stepping 0 microcode 0xa50000d, cx8, cmov, fxsr, ht, mmx, 3dnowpref, sse, sse2, sse3, ssse3, sse4a, sse4.1, sse4.2, popcnt, lzcnt, tsc, tscinvbit, avx, avx2, aes, erms, clmul, bmi1, bmi2, adx, sha, fma, vzeroupper, clflush, clflushopt, hv, rdtscp, rdpid, fsrm, f16c, cet_ss
Processor Information for the first 12 processors :
  Max Mhz: 2301, Current Mhz: 2301, Mhz Limit: 2301

Memory: 4k page, system-wide physical 7520M (117M free)
TotalPageFile size 31072M (AvailPageFile size 6M)
current process WorkingSet (physical memory assigned to process): 12M, peak: 918M
current process commit charge ("private bytes"): 1172M, peak: 1743M

vm_info: OpenJDK 64-Bit Server VM (21.0.8+9-LTS) for windows-amd64 JRE (21.0.8+9-LTS), built on 2025-07-15T00:00:00Z by "admin" with MS VC++ 17.7 (VS2022)

END.
